#
# A fatal error has been detected by the Java Runtime Environment:
#
#  SIGSEGV (0xb) at pc=0x00007f41b506973a, pid=3804, tid=0x00007f4189842700
#
# JRE version: Java(TM) SE Runtime Environment (8.0_111-b14) (build 1.8.0_111-b14)
# Java VM: Java HotSpot(TM) 64-Bit Server VM (25.111-b14 mixed mode linux-amd64 compressed oops)
# Problematic frame:
# v  ~BufferBlob::jni_fast_GetLongField
#
# Failed to write core dump. Core dumps have been disabled. To enable core dumping, try "ulimit -c unlimited" before starting Java again
#
# If you would like to submit a bug report, please visit:
#   http://bugreport.java.com/bugreport/crash.jsp
# The crash happened outside the Java Virtual Machine in native code.
# See problematic frame for where to report the bug.
#

---------------  T H R E A D  ---------------

Current thread (0x00007f41c43f7000):  JavaThread "AWT-XAWT" daemon [_thread_in_native, id=3823, stack(0x00007f4189742000,0x00007f4189843000)]

siginfo: si_signo: 11 (SIGSEGV), si_code: 1 (SEGV_MAPERR), si_addr: 0x0000000000000000

Registers:
RAX=0x00007f41ca91c520, RBX=0x00007f41c43f71f8, RCX=0x00007f41cb3ad320, RDX=0x0000000000000042
RSP=0x00007f4189841458, RBP=0x00007f4189841480, RSI=0x0000000000000000, RDI=0x00007f41c43f71f8
R8 =0x00007f418bb12ab0, R9 =0x0000000000000000, R10=0x0000000000000174, R11=0x00007f41b559afd8
R12=0x0000000000000000, R13=0x0000000000000000, R14=0x00007f41b02dd7e0, R15=0x00007f41c43f7000
RIP=0x00007f41b506973a, EFLAGS=0x0000000000010246, CSGSFS=0x002b000000000033, ERR=0x0000000000000004
  TRAPNO=0x000000000000000e

Top of Stack: (sp=0x00007f4189841458)
0x00007f4189841458:   00007f41b00bbee1 00007f41b2a58d00
0x00007f4189841468:   0000000000000000 00007f4189841530
0x00007f4189841478:   00007f4189841500 0000000002567d50
0x00007f4189841488:   00007f418bb1ac4d 00007f41b2a58d00
0x00007f4189841498:   00007f41898414c0 0000000000000000
0x00007f41898414a8:   00007f418bb12ad3 00007f4189841530
0x00007f41898414b8:   00007f41b00b511f 00007f4189841510
0x00007f41898414c8:   00007f41b559b076 0000000000000000
0x00007f41898414d8:   00007f41b536e6b6 00007f4189841530
0x00007f41898414e8:   00007f41b51204ac 00000000c3c22468
0x00007f41898414f8:   00007f41b5565d34 00000000c3c81638
0x00007f4189841508:   00000000ed23c878 00007f4189841590
0x00007f4189841518:   00007f41b5007a90 00007f4189841590
0x00007f4189841528:   00007f41b5007a90 0000000000000000
0x00007f4189841538:   00007f41b5007dd0 00007f41780030a0
0x00007f4189841548:   00000000c3c22468 00007f4189841550
0x00007f4189841558:   00007f41b2a38a4c 00007f41898415d8
0x00007f4189841568:   00007f41b2a419d0 0000000000000000
0x00007f4189841578:   00007f41b2a38b88 00007f4189841530
0x00007f4189841588:   00007f41898415d0 00007f4189841620
0x00007f4189841598:   00007f41b50082bd 0000000000000000
0x00007f41898415a8:   00000000ed270368 00000000ed2705b0
0x00007f41898415b8:   0000000000000000 0000000000000000
0x00007f41898415c8:   00000000c3c22468 0000000000000000
0x00007f41898415d8:   00000000ed0e5bd0 00007f41898415e0
0x00007f41898415e8:   00007f41b2a3888d 00007f4189841630
0x00007f41898415f8:   00007f41b2a419d0 0000000000000000
0x00007f4189841608:   00007f41b2a38898 00007f41898415d0
0x00007f4189841618:   00007f4189841630 00007f4189841678
0x00007f4189841628:   00007f41b5008302 00000000ed0e5bd0
0x00007f4189841638:   00007f4189841638 00007f41b243494b
0x00007f4189841648:   00007f4189841688 00007f41b24bbfd0 

Instructions: (pc=0x00007f41b506973a)
0x00007f41b506971a:   00 00 00 00 00 00 44 8b 15 61 28 8f 15 4c 8b ce
0x00007f41b506972a:   41 f6 c2 01 0f 85 2e 00 00 00 4d 33 ca 4d 33 ca
0x00007f41b506973a:   4d 8b 09 4c 8b da 49 c1 eb 02 4b 8b 04 19 49 bb
0x00007f41b506974a:   88 bf 95 ca 41 7f 00 00 4c 33 d8 4c 33 d8 45 3b 

Register to memory mapping:

RAX=0x00007f41ca91c520: <offset 0xf84520> in /home/hesa/jdk1.8.0_111/jre/lib/amd64/server/libjvm.so at 0x00007f41c9998000
RBX=0x00007f41c43f71f8 is an unknown value
RCX=0x00007f41cb3ad320: <offset 0x21a320> in /lib/x86_64-linux-gnu/libpthread.so.0 at 0x00007f41cb193000
RDX=0x0000000000000042 is an unknown value
RSP=0x00007f4189841458 is pointing into the stack for thread: 0x00007f41c43f7000
RBP=0x00007f4189841480 is pointing into the stack for thread: 0x00007f41c43f7000
RSI=0x0000000000000000 is an unknown value
RDI=0x00007f41c43f71f8 is an unknown value
R8 =0x00007f418bb12ab0: <offset 0x5cab0> in /usr/lib/x86_64-linux-gnu/libX11.so.6 at 0x00007f418bab6000
R9 =0x0000000000000000 is an unknown value
R10=0x0000000000000174 is an unknown value
R11=0x00007f41b559afd8 is at entry_point+24 in (nmethod*)0x00007f41b559ae50
R12=0x0000000000000000 is an unknown value
R13=0x0000000000000000 is an unknown value
R14=0x00007f41b02dd7e0: <offset 0x2587e0> in /home/hesa/jdk1.8.0_111/jre/lib/amd64/libawt_xawt.so at 0x00007f41b0085000
R15=0x00007f41c43f7000 is a thread


Stack: [0x00007f4189742000,0x00007f4189843000],  sp=0x00007f4189841458,  free space=1021k
Native frames: (J=compiled Java code, j=interpreted, Vv=VM code, C=native code)
v  ~BufferBlob::jni_fast_GetLongField
C  [libX11.so.6+0x64c4d]  _XimServerDestroy+0x3d

Java frames: (J=compiled Java code, j=interpreted, Vv=VM code)
J 1897  sun.awt.X11.XlibWrapper.XFilterEvent(JJ)Z (0 bytes) @ 0x00007f41b559b004 [0x00007f41b559afc0+0x44]
j  sun.awt.X11.XToolkit.run(Z)V+300
j  sun.awt.X11.XToolkit.run()V+5
j  java.lang.Thread.run()V+11
v  ~StubRoutines::call_stub

---------------  P R O C E S S  ---------------

Java Threads: ( => current thread )
  0x0000000002584000 JavaThread "TimerQueue" daemon [_thread_blocked, id=3829, stack(0x00007f4189441000,0x00007f4189542000)]
  0x00007f41c400b800 JavaThread "DestroyJavaVM" [_thread_blocked, id=3809, stack(0x00007f41cb4b8000,0x00007f41cb5b8000)]
  0x00007f41c455e800 JavaThread "Abandoned connection cleanup thread" daemon [_thread_blocked, id=3827, stack(0x00007f4188705000,0x00007f4188806000)]
  0x00007f41c442f000 JavaThread "AWT-EventQueue-0" [_thread_blocked, id=3826, stack(0x00007f41891e6000,0x00007f41892e7000)]
  0x00007f41c442d800 JavaThread "AWT-Shutdown" [_thread_blocked, id=3825, stack(0x00007f4189340000,0x00007f4189441000)]
=>0x00007f41c43f7000 JavaThread "AWT-XAWT" daemon [_thread_in_native, id=3823, stack(0x00007f4189742000,0x00007f4189843000)]
  0x00007f41c430a000 JavaThread "Java2D Disposer" daemon [_thread_blocked, id=3820, stack(0x00007f418a6bd000,0x00007f418a7be000)]
  0x00007f41c40bc800 JavaThread "Service Thread" daemon [_thread_blocked, id=3818, stack(0x00007f41b07b8000,0x00007f41b08b9000)]
  0x00007f41c40ba000 JavaThread "C1 CompilerThread1" daemon [_thread_blocked, id=3817, stack(0x00007f41b08ba000,0x00007f41b09ba000)]
  0x00007f41c40b7000 JavaThread "C2 CompilerThread0" daemon [_thread_blocked, id=3816, stack(0x00007f41b09bb000,0x00007f41b0abb000)]
  0x00007f41c40b5800 JavaThread "Signal Dispatcher" daemon [_thread_in_vm, id=3815, stack(0x00007f41b0abb000,0x00007f41b0bbc000)]
  0x00007f41c4081800 JavaThread "Finalizer" daemon [_thread_blocked, id=3814, stack(0x00007f41b158c000,0x00007f41b168d000)]
  0x00007f41c407d000 JavaThread "Reference Handler" daemon [_thread_blocked, id=3813, stack(0x00007f41b168d000,0x00007f41b178e000)]

Other Threads:
  0x00007f41c4075800 VMThread [stack: 0x00007f41b178f000,0x00007f41b188f000] [id=3812]
  0x00007f41c40c0000 WatcherThread [stack: 0x00007f41b06b8000,0x00007f41b07b8000] [id=3819]

VM state:not at safepoint (normal execution)

VM Mutex/Monitor currently owned by a thread:  ([mutex/lock_event])
[0x00007f41c4008ff0] PeriodicTask_lock - owner thread: 0x00007f41c40c0000

Heap:
 PSYoungGen      total 18432K, used 14071K [0x00000000ebe00000, 0x00000000ed280000, 0x0000000100000000)
  eden space 15872K, 72% used [0x00000000ebe00000,0x00000000ec944540,0x00000000ecd80000)
  from space 2560K, 98% used [0x00000000ed000000,0x00000000ed279870,0x00000000ed280000)
  to   space 2560K, 0% used [0x00000000ecd80000,0x00000000ecd80000,0x00000000ed000000)
 ParOldGen       total 42496K, used 3719K [0x00000000c3a00000, 0x00000000c6380000, 0x00000000ebe00000)
  object space 42496K, 8% used [0x00000000c3a00000,0x00000000c3da1c50,0x00000000c6380000)
 Metaspace       used 20613K, capacity 20880K, committed 21248K, reserved 1069056K
  class space    used 2423K, capacity 2512K, committed 2560K, reserved 1048576K

Card table byte_map: [0x00007f41b4e1c000,0x00007f41b5000000] byte_map_base: 0x00007f41b47ff000

Marking Bits: (ParMarkBitMap*) 0x00007f41ca95b220
 Begin Bits: [0x00007f41b2dea000, 0x00007f41b3d02000)
 End Bits:   [0x00007f41b3d02000, 0x00007f41b4c1a000)

Polling page: 0x00007f41cb5d6000

CodeCache: size=245760Kb used=10370Kb max_used=10768Kb free=235389Kb
 bounds [0x00007f41b5000000, 0x00007f41b5aa0000, 0x00007f41c4000000]
 total_blobs=3740 nmethods=3087 adapters=565
 compilation: enabled

Compilation events (10 events):
Event: 501,297 Thread 0x00007f41c40b7000 3357   !   4       java.lang.ref.ReferenceQueue::remove (125 bytes)
Event: 501,321 Thread 0x00007f41c40b7000 nmethod 3357 0x00007f41b51983d0 code [0x00007f41b5198560, 0x00007f41b5198cc8]
Event: 785,035 Thread 0x00007f41c40ba000 3358  s    3       java.util.Vector::iterator (10 bytes)
Event: 785,036 Thread 0x00007f41c40ba000 nmethod 3358 0x00007f41b536ebd0 code [0x00007f41b536ed60, 0x00007f41b536f1d0]
Event: 785,036 Thread 0x00007f41c40ba000 3359       3       java.util.Vector$Itr::<init> (6 bytes)
Event: 785,036 Thread 0x00007f41c40ba000 nmethod 3359 0x00007f41b5380550 code [0x00007f41b53806c0, 0x00007f41b53808f0]
Event: 941,746 Thread 0x00007f41c40ba000 3360  s    3       java.util.Vector::toArray (12 bytes)
Event: 941,747 Thread 0x00007f41c40ba000 nmethod 3360 0x00007f41b5372510 code [0x00007f41b5372680, 0x00007f41b5372a88]
Event: 941,747 Thread 0x00007f41c40ba000 3361   !   3       sun.awt.X11.XToolkit$1::dispatchEvent (34 bytes)
Event: 941,749 Thread 0x00007f41c40ba000 nmethod 3361 0x00007f41b558ba50 code [0x00007f41b558bca0, 0x00007f41b558cab8]

GC Heap History (4 events):
Event: 4,066 GC heap before
{Heap before GC invocations=1 (full 0):
 PSYoungGen      total 18432K, used 15872K [0x00000000ebe00000, 0x00000000ed280000, 0x0000000100000000)
  eden space 15872K, 100% used [0x00000000ebe00000,0x00000000ecd80000,0x00000000ecd80000)
  from space 2560K, 0% used [0x00000000ed000000,0x00000000ed000000,0x00000000ed280000)
  to   space 2560K, 0% used [0x00000000ecd80000,0x00000000ecd80000,0x00000000ed000000)
 ParOldGen       total 42496K, used 0K [0x00000000c3a00000, 0x00000000c6380000, 0x00000000ebe00000)
  object space 42496K, 0% used [0x00000000c3a00000,0x00000000c3a00000,0x00000000c6380000)
 Metaspace       used 15060K, capacity 15254K, committed 15488K, reserved 1062912K
  class space    used 1799K, capacity 1857K, committed 1920K, reserved 1048576K
Event: 4,091 GC heap after
Heap after GC invocations=1 (full 0):
 PSYoungGen      total 18432K, used 2549K [0x00000000ebe00000, 0x00000000ed280000, 0x0000000100000000)
  eden space 15872K, 0% used [0x00000000ebe00000,0x00000000ebe00000,0x00000000ecd80000)
  from space 2560K, 99% used [0x00000000ecd80000,0x00000000ecffd460,0x00000000ed000000)
  to   space 2560K, 0% used [0x00000000ed000000,0x00000000ed000000,0x00000000ed280000)
 ParOldGen       total 42496K, used 1502K [0x00000000c3a00000, 0x00000000c6380000, 0x00000000ebe00000)
  object space 42496K, 3% used [0x00000000c3a00000,0x00000000c3b77810,0x00000000c6380000)
 Metaspace       used 15060K, capacity 15254K, committed 15488K, reserved 1062912K
  class space    used 1799K, capacity 1857K, committed 1920K, reserved 1048576K
}
Event: 78,389 GC heap before
{Heap before GC invocations=2 (full 0):
 PSYoungGen      total 18432K, used 18421K [0x00000000ebe00000, 0x00000000ed280000, 0x0000000100000000)
  eden space 15872K, 100% used [0x00000000ebe00000,0x00000000ecd80000,0x00000000ecd80000)
  from space 2560K, 99% used [0x00000000ecd80000,0x00000000ecffd460,0x00000000ed000000)
  to   space 2560K, 0% used [0x00000000ed000000,0x00000000ed000000,0x00000000ed280000)
 ParOldGen       total 42496K, used 1502K [0x00000000c3a00000, 0x00000000c6380000, 0x00000000ebe00000)
  object space 42496K, 3% used [0x00000000c3a00000,0x00000000c3b77810,0x00000000c6380000)
 Metaspace       used 19758K, capacity 20024K, committed 20480K, reserved 1067008K
  class space    used 2352K, capacity 2444K, committed 2560K, reserved 1048576K
Event: 78,411 GC heap after
Heap after GC invocations=2 (full 0):
 PSYoungGen      total 18432K, used 2534K [0x00000000ebe00000, 0x00000000ed280000, 0x0000000100000000)
  eden space 15872K, 0% used [0x00000000ebe00000,0x00000000ebe00000,0x00000000ecd80000)
  from space 2560K, 98% used [0x00000000ed000000,0x00000000ed279870,0x00000000ed280000)
  to   space 2560K, 0% used [0x00000000ecd80000,0x00000000ecd80000,0x00000000ed000000)
 ParOldGen       total 42496K, used 3719K [0x00000000c3a00000, 0x00000000c6380000, 0x00000000ebe00000)
  object space 42496K, 8% used [0x00000000c3a00000,0x00000000c3da1c50,0x00000000c6380000)
 Metaspace       used 19758K, capacity 20024K, committed 20480K, reserved 1067008K
  class space    used 2352K, capacity 2444K, committed 2560K, reserved 1048576K
}

Deoptimization events (10 events):
Event: 41,073 Thread 0x00007f41c442f000 Uncommon trap: reason=bimorphic action=maybe_recompile pc=0x00007f41b56096bc method=java.util.Hashtable.put(Ljava/lang/Object;Ljava/lang/Object;)Ljava/lang/Object; @ 60
Event: 41,074 Thread 0x00007f41c442f000 Uncommon trap: reason=bimorphic action=maybe_recompile pc=0x00007f41b56096bc method=java.util.Hashtable.put(Ljava/lang/Object;Ljava/lang/Object;)Ljava/lang/Object; @ 60
Event: 41,148 Thread 0x00007f41c442f000 Uncommon trap: reason=unstable_if action=reinterpret pc=0x00007f41b56aba7c method=javax.swing.plaf.synth.SynthBorder.getBorderInsets(Ljava/awt/Component;Ljava/awt/Insets;)Ljava/awt/Insets; @ 172
Event: 41,167 Thread 0x00007f41c442f000 Uncommon trap: reason=bimorphic action=maybe_recompile pc=0x00007f41b5468724 method=javax.swing.GroupLayout$ParallelGroup.setChildSize(Ljavax/swing/GroupLayout$Spring;III)V @ 83
Event: 41,181 Thread 0x00007f41c442f000 Uncommon trap: reason=bimorphic action=maybe_recompile pc=0x00007f41b5468724 method=javax.swing.GroupLayout$ParallelGroup.setChildSize(Ljavax/swing/GroupLayout$Spring;III)V @ 83
Event: 41,181 Thread 0x00007f41c442f000 Uncommon trap: reason=bimorphic action=maybe_recompile pc=0x00007f41b5468724 method=javax.swing.GroupLayout$ParallelGroup.setChildSize(Ljavax/swing/GroupLayout$Spring;III)V @ 83
Event: 41,183 Thread 0x00007f41c442f000 Uncommon trap: reason=bimorphic action=maybe_recompile pc=0x00007f41b5468724 method=javax.swing.GroupLayout$ParallelGroup.setChildSize(Ljavax/swing/GroupLayout$Spring;III)V @ 83
Event: 80,660 Thread 0x00007f41c442f000 Uncommon trap: reason=unstable_if action=reinterpret pc=0x00007f41b5687f18 method=sun.java2d.xr.XRSurfaceData.validateAsDestination(Lsun/java2d/SunGraphics2D;Lsun/java2d/pipe/Region;)V @ 4
Event: 123,075 Thread 0x00007f41c442f000 Uncommon trap: reason=unstable_if action=reinterpret pc=0x00007f41b56a0cb4 method=java.awt.geom.AffineTransform.updateState()V @ 42
Event: 127,469 Thread 0x00007f41c442f000 Uncommon trap: reason=null_check action=make_not_entrant pc=0x00007f41b5a02688 method=javax.swing.plaf.nimbus.NimbusDefaults$LazyStyle.matches(Ljava/awt/Component;I)Z @ 39

Internal exceptions (10 events):
Event: 9,184 Thread 0x00007f41c442f000 Exception <a 'java/lang/UnsupportedOperationException': > (0x00000000ec3fcf60) thrown at [/HUDSON3/workspace/8-2-build-linux-amd64/jdk8u111/7883/hotspot/src/share/vm/prims/jni.cpp, line 735]
Event: 14,306 Thread 0x00007f41c442f000 Implicit null exception at 0x00007f41b5421bf2 to 0x00007f41b5421da5
Event: 14,669 Thread 0x00007f41c442f000 Exception <a 'java/lang/UnsupportedOperationException': > (0x00000000ec5ff690) thrown at [/HUDSON3/workspace/8-2-build-linux-amd64/jdk8u111/7883/hotspot/src/share/vm/prims/jni.cpp, line 735]
Event: 34,265 Thread 0x00007f41c442f000 Exception <a 'java/lang/UnsupportedOperationException': > (0x00000000ec704ea8) thrown at [/HUDSON3/workspace/8-2-build-linux-amd64/jdk8u111/7883/hotspot/src/share/vm/prims/jni.cpp, line 735]
Event: 39,073 Thread 0x00007f41c442f000 Exception <a 'java/lang/UnsupportedOperationException': > (0x00000000ec8378e0) thrown at [/HUDSON3/workspace/8-2-build-linux-amd64/jdk8u111/7883/hotspot/src/share/vm/prims/jni.cpp, line 735]
Event: 41,799 Thread 0x00007f41c442f000 Exception <a 'java/lang/UnsupportedOperationException': > (0x00000000ecc08c40) thrown at [/HUDSON3/workspace/8-2-build-linux-amd64/jdk8u111/7883/hotspot/src/share/vm/prims/jni.cpp, line 735]
Event: 111,140 Thread 0x00007f41c442f000 Exception <a 'java/lang/UnsupportedOperationException': > (0x00000000ec1288f0) thrown at [/HUDSON3/workspace/8-2-build-linux-amd64/jdk8u111/7883/hotspot/src/share/vm/prims/jni.cpp, line 735]
Event: 118,024 Thread 0x00007f41c442f000 Exception <a 'java/lang/UnsupportedOperationException': > (0x00000000ec1d36e8) thrown at [/HUDSON3/workspace/8-2-build-linux-amd64/jdk8u111/7883/hotspot/src/share/vm/prims/jni.cpp, line 735]
Event: 123,324 Thread 0x00007f41c442f000 Exception <a 'java/lang/UnsupportedOperationException': > (0x00000000ec6536e0) thrown at [/HUDSON3/workspace/8-2-build-linux-amd64/jdk8u111/7883/hotspot/src/share/vm/prims/jni.cpp, line 735]
Event: 127,468 Thread 0x00007f41c442f000 Implicit null exception at 0x00007f41b59feeb1 to 0x00007f41b5a02665

Events (10 events):
Event: 175,522 Thread 0x00007f41c40ba000 flushing nmethod 0x00007f41b566af90
Event: 175,522 Thread 0x00007f41c40ba000 flushing nmethod 0x00007f41b566d090
Event: 175,522 Thread 0x00007f41c40ba000 flushing nmethod 0x00007f41b5695150
Event: 175,582 Thread 0x00007f41c40b7000 flushing nmethod 0x00007f41b56ab110
Event: 175,582 Thread 0x00007f41c40b7000 flushing nmethod 0x00007f41b56c0e10
Event: 175,582 Thread 0x00007f41c40b7000 flushing nmethod 0x00007f41b56c5850
Event: 175,582 Thread 0x00007f41c40b7000 flushing nmethod 0x00007f41b56f4610
Event: 175,583 Thread 0x00007f41c40b7000 flushing nmethod 0x00007f41b5717c50
Event: 175,638 Thread 0x00007f41c40ba000 flushing nmethod 0x00007f41b5727510
Event: 175,638 Thread 0x00007f41c40ba000 flushing nmethod 0x00007f41b572a190


Dynamic libraries:
00400000-00401000 r-xp 00000000 fd:01 661305                             /home/hesa/jdk1.8.0_111/bin/java
00600000-00601000 rw-p 00000000 fd:01 661305                             /home/hesa/jdk1.8.0_111/bin/java
0254a000-027bf000 rw-p 00000000 00:00 0                                  [heap]
c3a00000-c6380000 rw-p 00000000 00:00 0 
c6380000-ebe00000 ---p 00000000 00:00 0 
ebe00000-ed280000 rw-p 00000000 00:00 0 
ed280000-100000000 ---p 00000000 00:00 0 
100000000-100280000 rw-p 00000000 00:00 0 
100280000-140000000 ---p 00000000 00:00 0 
7f4170000000-7f4170063000 rw-p 00000000 00:00 0 
7f4170063000-7f4174000000 ---p 00000000 00:00 0 
7f4174000000-7f4174021000 rw-p 00000000 00:00 0 
7f4174021000-7f4178000000 ---p 00000000 00:00 0 
7f4178000000-7f4178035000 rw-p 00000000 00:00 0 
7f4178035000-7f417c000000 ---p 00000000 00:00 0 
7f417cbff000-7f417cc3f000 rw-p 00000000 00:00 0 
7f417cc3f000-7f417cdff000 ---p 00000000 00:00 0 
7f417cdff000-7f417cfff000 rw-p 00000000 00:00 0 
7f417cfff000-7f4180000000 rw-p 00000000 00:00 0 
7f4180000000-7f418003d000 rw-p 00000000 00:00 0 
7f418003d000-7f4184000000 ---p 00000000 00:00 0 
7f4184000000-7f4184046000 rw-p 00000000 00:00 0 
7f4184046000-7f4188000000 ---p 00000000 00:00 0 
7f4188011000-7f4188014000 ---p 00000000 00:00 0 
7f4188014000-7f4188112000 rw-p 00000000 00:00 0 
7f4188112000-7f4188115000 ---p 00000000 00:00 0 
7f4188115000-7f4188413000 rw-p 00000000 00:00 0 
7f4188413000-7f4188613000 rw-p 00000000 00:00 0 
7f4188613000-7f418861e000 r--s 00000000 fd:01 13766922                   /var/cache/fontconfig/945677eb7aeaf62f1d50efc3fb3ec7d8-le64.cache-7
7f418861e000-7f4188623000 r--s 00000000 fd:01 13766893                   /var/cache/fontconfig/2300eef321c393bfd76478a5c0e95b23-le64.cache-7
7f4188623000-7f4188624000 r--s 00000000 fd:01 13766886                   /var/cache/fontconfig/0d8c3b2ac0904cb8a57a757ad11a4a08-le64.cache-7
7f4188624000-7f4188639000 r--s 00000000 fd:01 13766882                   /var/cache/fontconfig/04aabc0a78ac019cf9454389977116d2-le64.cache-7
7f4188639000-7f418863a000 r--s 00000000 fd:01 13766890                   /var/cache/fontconfig/1ac9eb803944fde146138c791f5cc56a-le64.cache-7
7f418863a000-7f418863b000 r--s 00000000 fd:01 13766941                   /var/cache/fontconfig/dc05db6664285cc2f12bf69c139ae4c3-le64.cache-7
7f418863b000-7f418863d000 r--s 00000000 fd:01 13766887                   /var/cache/fontconfig/14a5e22175779b556eaa434240950366-le64.cache-7
7f418863d000-7f418863e000 r--s 00000000 fd:01 13766914                   /var/cache/fontconfig/660208299946a285a940457d1287da33-le64.cache-7
7f418863e000-7f4188640000 r--s 00000000 fd:01 13766905                   /var/cache/fontconfig/4f3e3037c9980c83b53a9351efadef62-le64.cache-7
7f4188640000-7f4188642000 r--s 00000000 fd:01 13766919                   /var/cache/fontconfig/767a8244fc0220cfb567a839d0392e0b-le64.cache-7
7f4188642000-7f4188643000 r--s 00000000 fd:01 13763676                   /var/cache/fontconfig/4794a0821666d79190d59a36cb4f44b5-le64.cache-7
7f4188643000-7f4188645000 r--s 00000000 fd:01 13763581                   /var/cache/fontconfig/0bd3dc0958fa2205aaaa8ebb13e2872b-le64.cache-7
7f4188645000-7f418864a000 r--s 00000000 fd:01 13766942                   /var/cache/fontconfig/def309198bfa603429122923fa2bb2d4-le64.cache-7
7f418864a000-7f418864b000 r--s 00000000 fd:01 13766930                   /var/cache/fontconfig/b872e6e592da6075ffa4ab0a1fcc0c75-le64.cache-7
7f418864b000-7f418864c000 r--s 00000000 fd:01 13766947                   /var/cache/fontconfig/f6d4eedfaab2589bde49f7a3ff831d22-le64.cache-7
7f418864c000-7f418864d000 r--s 00000000 fd:01 13766912                   /var/cache/fontconfig/589f83ef4c36d296ce6e1c846f468f08-le64.cache-7
7f418864d000-7f418864e000 r--s 00000000 fd:01 13766932                   /var/cache/fontconfig/bab58bb527bb656aaa9f116d68a48d89-le64.cache-7
7f418864e000-7f418864f000 r--s 00000000 fd:01 13766891                   /var/cache/fontconfig/2171a34dccabdb6bcbbc728186263178-le64.cache-7
7f418864f000-7f4188650000 r--s 00000000 fd:01 13766933                   /var/cache/fontconfig/c5c45a61289222e0d30b1a26ef4effbe-le64.cache-7
7f4188650000-7f4188651000 r--s 00000000 fd:01 13766928                   /var/cache/fontconfig/aec30016f93e1b46d1a973dce0d74068-le64.cache-7
7f4188651000-7f4188652000 r--s 00000000 fd:01 13766898                   /var/cache/fontconfig/3f589640d34b7dc9042c8d453f7c8b9c-le64.cache-7
7f4188652000-7f4188653000 r--s 00000000 fd:01 13766888                   /var/cache/fontconfig/16c2fda60d1b4b719f4b3d06fd951d25-le64.cache-7
7f4188653000-7f4188654000 r--s 00000000 fd:01 13766927                   /var/cache/fontconfig/a48eab177a16e4f3713381162db2f3e9-le64.cache-7
7f4188654000-7f4188659000 r--s 00000000 fd:01 13763665                   /var/cache/fontconfig/9d2451b1fd30e5bffe8383fd27c35478-le64.cache-7
7f4188659000-7f418866c000 r--s 00000000 fd:01 13766938                   /var/cache/fontconfig/d52a8644073d54c13679302ca1180695-le64.cache-7
7f4188705000-7f4188708000 ---p 00000000 00:00 0 
7f4188708000-7f4188806000 rw-p 00000000 00:00 0 
7f4188806000-7f4188830000 r-xp 00000000 fd:01 661087                     /home/hesa/jdk1.8.0_111/jre/lib/amd64/libdcpr.so
7f4188830000-7f4188a30000 ---p 0002a000 fd:01 661087                     /home/hesa/jdk1.8.0_111/jre/lib/amd64/libdcpr.so
7f4188a30000-7f4188a33000 rw-p 0002a000 fd:01 661087                     /home/hesa/jdk1.8.0_111/jre/lib/amd64/libdcpr.so
7f4188a33000-7f4188a3c000 rw-s 00000000 00:05 59801607                   /SYSV00000000 (deleted)
7f4188a3c000-7f4188aa5000 r-xp 00000000 fd:01 661119                     /home/hesa/jdk1.8.0_111/jre/lib/amd64/libt2k.so
7f4188aa5000-7f4188ca5000 ---p 00069000 fd:01 661119                     /home/hesa/jdk1.8.0_111/jre/lib/amd64/libt2k.so
7f4188ca5000-7f4188cac000 rw-p 00069000 fd:01 661119                     /home/hesa/jdk1.8.0_111/jre/lib/amd64/libt2k.so
7f4188cac000-7f4188cbc000 rw-p 00000000 00:00 0 
7f4188cbc000-7f4188cd5000 r--s 00000000 fd:01 13764498                   /usr/share/fonts/type1/gsfonts/b018012l.pfb
7f4188cd5000-7f4188cde000 r--s 00000000 fd:01 13763730                   /usr/share/fonts/X11/Type1/c0633bt_.pfb
7f4188cde000-7f4188ce7000 r--s 00000000 fd:01 13764585                   /usr/share/fonts/type1/gsfonts/s050000l.pfb
7f4188ce7000-7f4188cf8000 r--s 00000000 fd:01 13764531                   /usr/share/fonts/type1/gsfonts/n019023l.pfb
7f4188cf8000-7f4188d0c000 r--s 00000000 fd:01 13764525                   /usr/share/fonts/type1/gsfonts/n019003l.pfb
7f4188d0c000-7f4188d24000 r--s 00000000 fd:01 13764516                   /usr/share/fonts/type1/gsfonts/c059033l.pfb
7f4188d24000-7f4188d2e000 r--s 00000000 fd:01 13763722                   /usr/share/fonts/X11/Type1/c0582bt_.pfb
7f4188d2e000-7f4188d45000 r--s 00000000 fd:01 13764588                   /usr/share/fonts/type1/gsfonts/z003034l.pfb
7f4188d45000-7f4188d4e000 r--s 00000000 fd:01 13763732                   /usr/share/fonts/X11/Type1/c0648bt_.pfb
7f4188d4e000-7f4188d69000 r--s 00000000 fd:01 13764573                   /usr/share/fonts/type1/gsfonts/p052003l.pfb
7f4188d69000-7f4188d7b000 r--s 00000000 fd:01 13764507                   /usr/share/fonts/type1/gsfonts/b018035l.pfb
7f4188d7b000-7f4188d84000 r--s 00000000 fd:01 13763728                   /usr/share/fonts/X11/Type1/c0632bt_.pfb
7f4188d84000-7f4188d9a000 r--s 00000000 fd:01 13764558                   /usr/share/fonts/type1/gsfonts/n021024l.pfb
7f4188d9a000-7f4188daa000 r--s 00000000 fd:01 13764489                   /usr/share/fonts/type1/gsfonts/a010015l.pfb
7f4188daa000-7f4188dbb000 r--s 00000000 fd:01 13764495                   /usr/share/fonts/type1/gsfonts/a010035l.pfb
7f4188dbb000-7f4188dcd000 r--s 00000000 fd:01 13764528                   /usr/share/fonts/type1/gsfonts/n019004l.pfb
7f4188de5000-7f4188df7000 r--s 00000000 fd:01 13764540                   /usr/share/fonts/type1/gsfonts/n019044l.pfb
7f4188df7000-7f4188e12000 r--s 00000000 fd:01 13764513                   /usr/share/fonts/type1/gsfonts/c059016l.pfb
7f4188e12000-7f4188e1e000 r--s 00000000 fd:01 13764522                   /usr/share/fonts/type1/gsfonts/d050000l.pfb
7f4188e1e000-7f4188e27000 r--s 00000000 fd:01 13763734                   /usr/share/fonts/X11/Type1/c0649bt_.pfb
7f4188e27000-7f4188e40000 r--s 00000000 fd:01 13764549                   /usr/share/fonts/type1/gsfonts/n021003l.pfb
7f4188e40000-7f4188e4a000 r--s 00000000 fd:01 13763720                   /usr/share/fonts/X11/Type1/c0419bt_.pfb
7f4188e4a000-7f4188e63000 r--s 00000000 fd:01 13764552                   /usr/share/fonts/type1/gsfonts/n021004l.pfb
7f4188e63000-7f4188e73000 r--s 00000000 fd:01 13764492                   /usr/share/fonts/type1/gsfonts/a010033l.pfb
7f4188e73000-7f4188e8c000 r--s 00000000 fd:01 13764564                   /usr/share/fonts/type1/gsfonts/n022004l.pfb
7f4188e8c000-7f4188ea2000 r--s 00000000 fd:01 13764570                   /usr/share/fonts/type1/gsfonts/n022024l.pfb
7f4188ea2000-7f4188ebd000 r--s 00000000 fd:01 13764576                   /usr/share/fonts/type1/gsfonts/p052004l.pfb
7f4188ebd000-7f4188ec7000 r--s 00000000 fd:01 13763724                   /usr/share/fonts/X11/Type1/c0583bt_.pfb
7f4188ec7000-7f4188ed8000 r--s 00000000 fd:01 13764543                   /usr/share/fonts/type1/gsfonts/n019063l.pfb
7f4188ed8000-7f4188eed000 r--s 00000000 fd:01 13764504                   /usr/share/fonts/type1/gsfonts/b018032l.pfb
7f4188eed000-7f4188ef7000 r--s 00000000 fd:01 13763726                   /usr/share/fonts/X11/Type1/c0611bt_.pfb
7f4188ef7000-7f4188f13000 r--s 00000000 fd:01 13764582                   /usr/share/fonts/type1/gsfonts/p052024l.pfb
7f4188f13000-7f4188f2a000 r--s 00000000 fd:01 13764555                   /usr/share/fonts/type1/gsfonts/n021023l.pfb
7f4188f2a000-7f4188f42000 r--s 00000000 fd:01 13764519                   /usr/share/fonts/type1/gsfonts/c059036l.pfb
7f4188f42000-7f4188f55000 r--s 00000000 fd:01 13764546                   /usr/share/fonts/type1/gsfonts/n019064l.pfb
7f4188f55000-7f4188f65000 r--s 00000000 fd:01 13764486                   /usr/share/fonts/type1/gsfonts/a010013l.pfb
7f4188f65000-7f4188f7f000 r--s 00000000 fd:01 13764510                   /usr/share/fonts/type1/gsfonts/c059013l.pfb
7f4188f7f000-7f4188f92000 r--s 00000000 fd:01 13764501                   /usr/share/fonts/type1/gsfonts/b018015l.pfb
7f4188f92000-7f4188fa3000 r--s 00000000 fd:01 13764534                   /usr/share/fonts/type1/gsfonts/n019024l.pfb
7f4188fa3000-7f4188fb5000 r--s 00000000 fd:01 13764537                   /usr/share/fonts/type1/gsfonts/n019043l.pfb
7f4188fb5000-7f4188fcb000 r--s 00000000 fd:01 13764567                   /usr/share/fonts/type1/gsfonts/n022023l.pfb
7f4188fcb000-7f4188fe6000 r--s 00000000 fd:01 13764579                   /usr/share/fonts/type1/gsfonts/p052023l.pfb
7f4188fe6000-7f41891e6000 rw-p 00000000 00:00 0 
7f41891e6000-7f41891e9000 ---p 00000000 00:00 0 
7f41891e9000-7f41892e7000 rw-p 00000000 00:00 0 
7f41892e7000-7f41892f2000 r--s 00000000 fd:01 13766922                   /var/cache/fontconfig/945677eb7aeaf62f1d50efc3fb3ec7d8-le64.cache-7
7f41892f2000-7f4189307000 r--s 00000000 fd:01 13766882                   /var/cache/fontconfig/04aabc0a78ac019cf9454389977116d2-le64.cache-7
7f4189307000-7f4189308000 r--s 00000000 fd:01 13766908                   /var/cache/fontconfig/564b2e68ac9bc4e36a6f7f6d6125ec1c-le64.cache-7
7f4189308000-7f418930e000 r--s 00000000 fd:01 13763579                   /var/cache/fontconfig/3047814df9a2f067bd2d96a2b9c36e5a-le64.cache-7
7f418930e000-7f418930f000 r--s 00000000 fd:01 13766909                   /var/cache/fontconfig/56cf4f4769d0f4abc89a4895d7bd3ae1-le64.cache-7
7f418930f000-7f4189310000 r--s 00000000 fd:01 13766931                   /var/cache/fontconfig/b9d506c9ac06c20b433354fa67a72993-le64.cache-7
7f4189310000-7f4189316000 r--s 00000000 fd:01 13766929                   /var/cache/fontconfig/b47c4e1ecd0709278f4910c18777a504-le64.cache-7
7f4189316000-7f4189317000 r--s 00000000 fd:01 13766896                   /var/cache/fontconfig/370e5b74bf5dafc30834de68e24a87a4-le64.cache-7
7f4189317000-7f4189318000 r--s 00000000 fd:01 13766917                   /var/cache/fontconfig/6b2c5944714ca7831b25bed9e85cb5c8-le64.cache-7
7f4189318000-7f4189319000 r--s 00000000 fd:01 13766937                   /var/cache/fontconfig/d5178ab6d91b49bf20a416737dcea9e8-le64.cache-7
7f4189319000-7f418931a000 r--s 00000000 fd:01 13766907                   /var/cache/fontconfig/551ecf3b0e8b0bca0f25c0944f561853-le64.cache-7
7f418931a000-7f418931d000 r--s 00000000 fd:01 13766946                   /var/cache/fontconfig/f259c2cffa685e28062317905db73c4a-le64.cache-7
7f418931d000-7f4189320000 r--s 00000000 fd:01 13766915                   /var/cache/fontconfig/674d1711f2d1d2a09646eb0bdcadee49-le64.cache-7
7f4189320000-7f4189324000 r--s 00000000 fd:01 13766939                   /var/cache/fontconfig/d589a48862398ed80a3d6066f4f56f4c-le64.cache-7
7f4189324000-7f4189332000 r--s 00000000 fd:01 13766924                   /var/cache/fontconfig/9b89f8e3dae116d678bbf48e5f21f69b-le64.cache-7
7f4189332000-7f4189340000 r--s 00000000 fd:01 13767158                   /var/cache/fontconfig/e13b20fdb08344e0e664864cc2ede53d-le64.cache-7
7f4189340000-7f4189343000 ---p 00000000 00:00 0 
7f4189343000-7f4189441000 rw-p 00000000 00:00 0 
7f4189441000-7f4189444000 ---p 00000000 00:00 0 
7f4189444000-7f4189742000 rw-p 00000000 00:00 0 
7f4189742000-7f4189745000 ---p 00000000 00:00 0 
7f4189745000-7f4189843000 rw-p 00000000 00:00 0 
7f4189843000-7f4189848000 r-xp 00000000 fd:01 12721838                   /usr/lib/x86_64-linux-gnu/libXfixes.so.3.1.0
7f4189848000-7f4189a47000 ---p 00005000 fd:01 12721838                   /usr/lib/x86_64-linux-gnu/libXfixes.so.3.1.0
7f4189a47000-7f4189a48000 r--p 00004000 fd:01 12721838                   /usr/lib/x86_64-linux-gnu/libXfixes.so.3.1.0
7f4189a48000-7f4189a49000 rw-p 00005000 fd:01 12721838                   /usr/lib/x86_64-linux-gnu/libXfixes.so.3.1.0
7f4189a49000-7f4189a52000 r-xp 00000000 fd:01 12721830                   /usr/lib/x86_64-linux-gnu/libXcursor.so.1.0.2
7f4189a52000-7f4189c51000 ---p 00009000 fd:01 12721830                   /usr/lib/x86_64-linux-gnu/libXcursor.so.1.0.2
7f4189c51000-7f4189c52000 r--p 00008000 fd:01 12721830                   /usr/lib/x86_64-linux-gnu/libXcursor.so.1.0.2
7f4189c52000-7f4189c53000 rw-p 00009000 fd:01 12721830                   /usr/lib/x86_64-linux-gnu/libXcursor.so.1.0.2
7f4189c53000-7f4189c55000 r--s 00000000 fd:01 13766906                   /var/cache/fontconfig/550f3886151c940c12a5ed35f6a00586-le64.cache-7
7f4189c55000-7f4189c56000 r--s 00000000 fd:01 13766899                   /var/cache/fontconfig/3f7329c5293ffd510edef78f73874cfd-le64.cache-7
7f4189c56000-7f4189c57000 r--s 00000000 fd:01 13766885                   /var/cache/fontconfig/0c9eb80ebd1c36541ebe2852d3bb0c49-le64.cache-7
7f4189c57000-7f4189c58000 r--s 00000000 fd:01 13766892                   /var/cache/fontconfig/22368d551a680bfe5a62c02760edf4ea-le64.cache-7
7f4189c58000-7f4189c70000 r--s 00000000 fd:01 13764561                   /usr/share/fonts/type1/gsfonts/n022003l.pfb
7f4189c70000-7f4189c81000 r-xp 00000000 fd:01 661117                     /home/hesa/jdk1.8.0_111/jre/lib/amd64/libnio.so
7f4189c81000-7f4189e80000 ---p 00011000 fd:01 661117                     /home/hesa/jdk1.8.0_111/jre/lib/amd64/libnio.so
7f4189e80000-7f4189e81000 rw-p 00010000 fd:01 661117                     /home/hesa/jdk1.8.0_111/jre/lib/amd64/libnio.so
7f4189e81000-7f4189e98000 r-xp 00000000 fd:01 24384282                   /lib/x86_64-linux-gnu/libresolv-2.27.so
7f4189e98000-7f418a098000 ---p 00017000 fd:01 24384282                   /lib/x86_64-linux-gnu/libresolv-2.27.so
7f418a098000-7f418a099000 r--p 00017000 fd:01 24384282                   /lib/x86_64-linux-gnu/libresolv-2.27.so
7f418a099000-7f418a09a000 rw-p 00018000 fd:01 24384282                   /lib/x86_64-linux-gnu/libresolv-2.27.so
7f418a09a000-7f418a09c000 rw-p 00000000 00:00 0 
7f418a09c000-7f418a0a1000 r-xp 00000000 fd:01 24384231                   /lib/x86_64-linux-gnu/libnss_dns-2.27.so
7f418a0a1000-7f418a2a1000 ---p 00005000 fd:01 24384231                   /lib/x86_64-linux-gnu/libnss_dns-2.27.so
7f418a2a1000-7f418a2a2000 r--p 00005000 fd:01 24384231                   /lib/x86_64-linux-gnu/libnss_dns-2.27.so
7f418a2a2000-7f418a2a3000 rw-p 00006000 fd:01 24384231                   /lib/x86_64-linux-gnu/libnss_dns-2.27.so
7f418a2a3000-7f418a2a5000 r-xp 00000000 fd:01 24384239                   /lib/x86_64-linux-gnu/libnss_mdns4_minimal.so.2
7f418a2a5000-7f418a4a4000 ---p 00002000 fd:01 24384239                   /lib/x86_64-linux-gnu/libnss_mdns4_minimal.so.2
7f418a4a4000-7f418a4a5000 r--p 00001000 fd:01 24384239                   /lib/x86_64-linux-gnu/libnss_mdns4_minimal.so.2
7f418a4a5000-7f418a4a6000 rw-p 00002000 fd:01 24384239                   /lib/x86_64-linux-gnu/libnss_mdns4_minimal.so.2
7f418a4a6000-7f418a4bc000 r-xp 00000000 fd:01 661118                     /home/hesa/jdk1.8.0_111/jre/lib/amd64/libnet.so
7f418a4bc000-7f418a6bc000 ---p 00016000 fd:01 661118                     /home/hesa/jdk1.8.0_111/jre/lib/amd64/libnet.so
7f418a6bc000-7f418a6bd000 rw-p 00016000 fd:01 661118                     /home/hesa/jdk1.8.0_111/jre/lib/amd64/libnet.so
7f418a6bd000-7f418a6c0000 ---p 00000000 00:00 0 
7f418a6c0000-7f418a7be000 rw-p 00000000 00:00 0 
7f418a7be000-7f418a7d5000 r-xp 00000000 fd:01 24379439                   /lib/x86_64-linux-gnu/libgcc_s.so.1
7f418a7d5000-7f418a9d4000 ---p 00017000 fd:01 24379439                   /lib/x86_64-linux-gnu/libgcc_s.so.1
7f418a9d4000-7f418a9d5000 r--p 00016000 fd:01 24379439                   /lib/x86_64-linux-gnu/libgcc_s.so.1
7f418a9d5000-7f418a9d6000 rw-p 00017000 fd:01 24379439                   /lib/x86_64-linux-gnu/libgcc_s.so.1
7f418a9d6000-7f418aa3b000 r-xp 00000000 fd:01 660956                     /home/hesa/jdk1.8.0_111/jre/lib/amd64/libfontmanager.so
7f418aa3b000-7f418ac3a000 ---p 00065000 fd:01 660956                     /home/hesa/jdk1.8.0_111/jre/lib/amd64/libfontmanager.so
7f418ac3a000-7f418ac3f000 rw-p 00064000 fd:01 660956                     /home/hesa/jdk1.8.0_111/jre/lib/amd64/libfontmanager.so
7f418ac3f000-7f418ac4f000 rw-p 00000000 00:00 0 
7f418ac4f000-7f418ac62000 r-xp 00000000 fd:01 24384139                   /lib/x86_64-linux-gnu/libbsd.so.0.8.7
7f418ac62000-7f418ae61000 ---p 00013000 fd:01 24384139                   /lib/x86_64-linux-gnu/libbsd.so.0.8.7
7f418ae61000-7f418ae62000 r--p 00012000 fd:01 24384139                   /lib/x86_64-linux-gnu/libbsd.so.0.8.7
7f418ae62000-7f418ae63000 rw-p 00013000 fd:01 24384139                   /lib/x86_64-linux-gnu/libbsd.so.0.8.7
7f418ae63000-7f418ae64000 rw-p 00000000 00:00 0 
7f418ae64000-7f418ae69000 r-xp 00000000 fd:01 12721834                   /usr/lib/x86_64-linux-gnu/libXdmcp.so.6.0.0
7f418ae69000-7f418b068000 ---p 00005000 fd:01 12721834                   /usr/lib/x86_64-linux-gnu/libXdmcp.so.6.0.0
7f418b068000-7f418b069000 r--p 00004000 fd:01 12721834                   /usr/lib/x86_64-linux-gnu/libXdmcp.so.6.0.0
7f418b069000-7f418b06a000 rw-p 00005000 fd:01 12721834                   /usr/lib/x86_64-linux-gnu/libXdmcp.so.6.0.0
7f418b06a000-7f418b06c000 r-xp 00000000 fd:01 12721823                   /usr/lib/x86_64-linux-gnu/libXau.so.6.0.0
7f418b06c000-7f418b26c000 ---p 00002000 fd:01 12721823                   /usr/lib/x86_64-linux-gnu/libXau.so.6.0.0
7f418b26c000-7f418b26d000 r--p 00002000 fd:01 12721823                   /usr/lib/x86_64-linux-gnu/libXau.so.6.0.0
7f418b26d000-7f418b26e000 rw-p 00003000 fd:01 12721823                   /usr/lib/x86_64-linux-gnu/libXau.so.6.0.0
7f418b26e000-7f418b294000 r-xp 00000000 fd:01 12720986                   /usr/lib/x86_64-linux-gnu/libxcb.so.1.1.0
7f418b294000-7f418b494000 ---p 00026000 fd:01 12720986                   /usr/lib/x86_64-linux-gnu/libxcb.so.1.1.0
7f418b494000-7f418b495000 r--p 00026000 fd:01 12720986                   /usr/lib/x86_64-linux-gnu/libxcb.so.1.1.0
7f418b495000-7f418b496000 rw-p 00027000 fd:01 12720986                   /usr/lib/x86_64-linux-gnu/libxcb.so.1.1.0
7f418b496000-7f418b4a5000 r-xp 00000000 fd:01 12721844                   /usr/lib/x86_64-linux-gnu/libXi.so.6.1.0
7f418b4a5000-7f418b6a4000 ---p 0000f000 fd:01 12721844                   /usr/lib/x86_64-linux-gnu/libXi.so.6.1.0
7f418b6a4000-7f418b6a5000 r--p 0000e000 fd:01 12721844                   /usr/lib/x86_64-linux-gnu/libXi.so.6.1.0
7f418b6a5000-7f418b6a6000 rw-p 0000f000 fd:01 12721844                   /usr/lib/x86_64-linux-gnu/libXi.so.6.1.0
7f418b6a6000-7f418b6ab000 r-xp 00000000 fd:01 12721862                   /usr/lib/x86_64-linux-gnu/libXtst.so.6.1.0
7f418b6ab000-7f418b8aa000 ---p 00005000 fd:01 12721862                   /usr/lib/x86_64-linux-gnu/libXtst.so.6.1.0
7f418b8aa000-7f418b8ab000 r--p 00004000 fd:01 12721862                   /usr/lib/x86_64-linux-gnu/libXtst.so.6.1.0
7f418b8ab000-7f418b8ac000 rw-p 00005000 fd:01 12721862                   /usr/lib/x86_64-linux-gnu/libXtst.so.6.1.0
7f418b8ac000-7f418b8b5000 r-xp 00000000 fd:01 12721856                   /usr/lib/x86_64-linux-gnu/libXrender.so.1.3.0
7f418b8b5000-7f418bab4000 ---p 00009000 fd:01 12721856                   /usr/lib/x86_64-linux-gnu/libXrender.so.1.3.0
7f418bab4000-7f418bab5000 r--p 00008000 fd:01 12721856                   /usr/lib/x86_64-linux-gnu/libXrender.so.1.3.0
7f418bab5000-7f418bab6000 rw-p 00009000 fd:01 12721856                   /usr/lib/x86_64-linux-gnu/libXrender.so.1.3.0
7f418bab6000-7f418bbe9000 r-xp 00000000 fd:01 12720778                   /usr/lib/x86_64-linux-gnu/libX11.so.6.3.0
7f418bbe9000-7f418bde9000 ---p 00133000 fd:01 12720778                   /usr/lib/x86_64-linux-gnu/libX11.so.6.3.0
7f418bde9000-7f418bdea000 r--p 00133000 fd:01 12720778                   /usr/lib/x86_64-linux-gnu/libX11.so.6.3.0
7f418bdea000-7f418bdee000 rw-p 00134000 fd:01 12720778                   /usr/lib/x86_64-linux-gnu/libX11.so.6.3.0
7f418bdee000-7f418bdff000 r-xp 00000000 fd:01 12721836                   /usr/lib/x86_64-linux-gnu/libXext.so.6.4.0
7f418bdff000-7f418bffe000 ---p 00011000 fd:01 12721836                   /usr/lib/x86_64-linux-gnu/libXext.so.6.4.0
7f418bffe000-7f418bfff000 r--p 00010000 fd:01 12721836                   /usr/lib/x86_64-linux-gnu/libXext.so.6.4.0
7f418bfff000-7f418c000000 rw-p 00011000 fd:01 12721836                   /usr/lib/x86_64-linux-gnu/libXext.so.6.4.0
7f418c000000-7f418ca53000 rw-p 00000000 00:00 0 
7f418ca53000-7f4190000000 ---p 00000000 00:00 0 
7f4190000000-7f4190021000 rw-p 00000000 00:00 0 
7f4190021000-7f4194000000 ---p 00000000 00:00 0 
7f4194000000-7f4194021000 rw-p 00000000 00:00 0 
7f4194021000-7f4198000000 ---p 00000000 00:00 0 
7f4198000000-7f41990df000 rw-p 00000000 00:00 0 
7f41990df000-7f419c000000 ---p 00000000 00:00 0 
7f419c000000-7f419c021000 rw-p 00000000 00:00 0 
7f419c021000-7f41a0000000 ---p 00000000 00:00 0 
7f41a0000000-7f41a0021000 rw-p 00000000 00:00 0 
7f41a0021000-7f41a4000000 ---p 00000000 00:00 0 
7f41a4000000-7f41a4021000 rw-p 00000000 00:00 0 
7f41a4021000-7f41a8000000 ---p 00000000 00:00 0 
7f41a8000000-7f41a8029000 rw-p 00000000 00:00 0 
7f41a8029000-7f41ac000000 ---p 00000000 00:00 0 
7f41ac000000-7f41ac021000 rw-p 00000000 00:00 0 
7f41ac021000-7f41b0000000 ---p 00000000 00:00 0 
7f41b0000000-7f41b0001000 r--s 00000000 fd:01 13766904                   /var/cache/fontconfig/4d9c95eba1cb85bbcf2878543262124a-le64.cache-7
7f41b0001000-7f41b0002000 r--s 00000000 fd:01 13766921                   /var/cache/fontconfig/85e0a52ce643a7ba2ae53e5d6949cead-le64.cache-7
7f41b0002000-7f41b0003000 r--s 00000000 fd:01 13766901                   /var/cache/fontconfig/49f0de54bdd920fe4f0dfd4cbac43e6b-le64.cache-7
7f41b0003000-7f41b0004000 r--s 00000000 fd:01 13766948                   /var/cache/fontconfig/f6e6e0a5c3d2f6ae0c0c2e0ecd42a997-le64.cache-7
7f41b0004000-7f41b0005000 r--s 00000000 fd:01 13766902                   /var/cache/fontconfig/4b2eda6bb976bda485cb2176619421d5-le64.cache-7
7f41b0005000-7f41b0007000 r--s 00000000 fd:01 13766916                   /var/cache/fontconfig/6afa1bb216ce958c1589e297e8008489-le64.cache-7
7f41b0007000-7f41b000c000 r--s 00000000 fd:01 13766893                   /var/cache/fontconfig/2300eef321c393bfd76478a5c0e95b23-le64.cache-7
7f41b000c000-7f41b000d000 r--s 00000000 fd:01 13766886                   /var/cache/fontconfig/0d8c3b2ac0904cb8a57a757ad11a4a08-le64.cache-7
7f41b000d000-7f41b000e000 r--s 00000000 fd:01 13766890                   /var/cache/fontconfig/1ac9eb803944fde146138c791f5cc56a-le64.cache-7
7f41b000e000-7f41b000f000 r--s 00000000 fd:01 13766941                   /var/cache/fontconfig/dc05db6664285cc2f12bf69c139ae4c3-le64.cache-7
7f41b000f000-7f41b0011000 r--s 00000000 fd:01 13766887                   /var/cache/fontconfig/14a5e22175779b556eaa434240950366-le64.cache-7
7f41b0011000-7f41b0012000 r--s 00000000 fd:01 13766914                   /var/cache/fontconfig/660208299946a285a940457d1287da33-le64.cache-7
7f41b0012000-7f41b0014000 r--s 00000000 fd:01 13766905                   /var/cache/fontconfig/4f3e3037c9980c83b53a9351efadef62-le64.cache-7
7f41b0014000-7f41b0016000 r--s 00000000 fd:01 13766919                   /var/cache/fontconfig/767a8244fc0220cfb567a839d0392e0b-le64.cache-7
7f41b0016000-7f41b0017000 r--s 00000000 fd:01 13763676                   /var/cache/fontconfig/4794a0821666d79190d59a36cb4f44b5-le64.cache-7
7f41b0017000-7f41b0019000 r--s 00000000 fd:01 13763581                   /var/cache/fontconfig/0bd3dc0958fa2205aaaa8ebb13e2872b-le64.cache-7
7f41b0019000-7f41b001e000 r--s 00000000 fd:01 13766942                   /var/cache/fontconfig/def309198bfa603429122923fa2bb2d4-le64.cache-7
7f41b001e000-7f41b001f000 r--s 00000000 fd:01 13766930                   /var/cache/fontconfig/b872e6e592da6075ffa4ab0a1fcc0c75-le64.cache-7
7f41b001f000-7f41b0020000 r--s 00000000 fd:01 13766947                   /var/cache/fontconfig/f6d4eedfaab2589bde49f7a3ff831d22-le64.cache-7
7f41b0020000-7f41b0021000 r--s 00000000 fd:01 13766912                   /var/cache/fontconfig/589f83ef4c36d296ce6e1c846f468f08-le64.cache-7
7f41b0021000-7f41b0022000 r--s 00000000 fd:01 13766932                   /var/cache/fontconfig/bab58bb527bb656aaa9f116d68a48d89-le64.cache-7
7f41b0022000-7f41b0023000 r--s 00000000 fd:01 13766891                   /var/cache/fontconfig/2171a34dccabdb6bcbbc728186263178-le64.cache-7
7f41b0023000-7f41b0024000 r--s 00000000 fd:01 13766933                   /var/cache/fontconfig/c5c45a61289222e0d30b1a26ef4effbe-le64.cache-7
7f41b0024000-7f41b0025000 r--s 00000000 fd:01 13766928                   /var/cache/fontconfig/aec30016f93e1b46d1a973dce0d74068-le64.cache-7
7f41b0025000-7f41b0026000 r--s 00000000 fd:01 13766898                   /var/cache/fontconfig/3f589640d34b7dc9042c8d453f7c8b9c-le64.cache-7
7f41b0026000-7f41b0027000 r--s 00000000 fd:01 13766888                   /var/cache/fontconfig/16c2fda60d1b4b719f4b3d06fd951d25-le64.cache-7
7f41b0027000-7f41b0028000 r--s 00000000 fd:01 13766927                   /var/cache/fontconfig/a48eab177a16e4f3713381162db2f3e9-le64.cache-7
7f41b0028000-7f41b0029000 r--s 00000000 fd:01 13766908                   /var/cache/fontconfig/564b2e68ac9bc4e36a6f7f6d6125ec1c-le64.cache-7
7f41b0029000-7f41b002e000 r--s 00000000 fd:01 13763665                   /var/cache/fontconfig/9d2451b1fd30e5bffe8383fd27c35478-le64.cache-7
7f41b002e000-7f41b0034000 r--s 00000000 fd:01 13763579                   /var/cache/fontconfig/3047814df9a2f067bd2d96a2b9c36e5a-le64.cache-7
7f41b0034000-7f41b0035000 r--s 00000000 fd:01 13766909                   /var/cache/fontconfig/56cf4f4769d0f4abc89a4895d7bd3ae1-le64.cache-7
7f41b0035000-7f41b0036000 r--s 00000000 fd:01 13766931                   /var/cache/fontconfig/b9d506c9ac06c20b433354fa67a72993-le64.cache-7
7f41b0036000-7f41b003c000 r--s 00000000 fd:01 13766929                   /var/cache/fontconfig/b47c4e1ecd0709278f4910c18777a504-le64.cache-7
7f41b003c000-7f41b004f000 r--s 00000000 fd:01 13766938                   /var/cache/fontconfig/d52a8644073d54c13679302ca1180695-le64.cache-7
7f41b004f000-7f41b0050000 r--s 00000000 fd:01 13766896                   /var/cache/fontconfig/370e5b74bf5dafc30834de68e24a87a4-le64.cache-7
7f41b0050000-7f41b0051000 r--s 00000000 fd:01 13766917                   /var/cache/fontconfig/6b2c5944714ca7831b25bed9e85cb5c8-le64.cache-7
7f41b0051000-7f41b0052000 r--s 00000000 fd:01 13766937                   /var/cache/fontconfig/d5178ab6d91b49bf20a416737dcea9e8-le64.cache-7
7f41b0052000-7f41b0053000 r--s 00000000 fd:01 13766907                   /var/cache/fontconfig/551ecf3b0e8b0bca0f25c0944f561853-le64.cache-7
7f41b0053000-7f41b0056000 r--s 00000000 fd:01 13766946                   /var/cache/fontconfig/f259c2cffa685e28062317905db73c4a-le64.cache-7
7f41b0056000-7f41b0058000 r--s 00000000 fd:01 13766906                   /var/cache/fontconfig/550f3886151c940c12a5ed35f6a00586-le64.cache-7
7f41b0058000-7f41b005b000 r--s 00000000 fd:01 13766915                   /var/cache/fontconfig/674d1711f2d1d2a09646eb0bdcadee49-le64.cache-7
7f41b005b000-7f41b005c000 r--s 00000000 fd:01 13766899                   /var/cache/fontconfig/3f7329c5293ffd510edef78f73874cfd-le64.cache-7
7f41b005c000-7f41b0060000 r--s 00000000 fd:01 13766939                   /var/cache/fontconfig/d589a48862398ed80a3d6066f4f56f4c-le64.cache-7
7f41b0060000-7f41b0061000 r--s 00000000 fd:01 13766885                   /var/cache/fontconfig/0c9eb80ebd1c36541ebe2852d3bb0c49-le64.cache-7
7f41b0061000-7f41b0062000 r--s 00000000 fd:01 13766892                   /var/cache/fontconfig/22368d551a680bfe5a62c02760edf4ea-le64.cache-7
7f41b0062000-7f41b0063000 r--s 00000000 fd:01 13766904                   /var/cache/fontconfig/4d9c95eba1cb85bbcf2878543262124a-le64.cache-7
7f41b0063000-7f41b0064000 r--s 00000000 fd:01 13766921                   /var/cache/fontconfig/85e0a52ce643a7ba2ae53e5d6949cead-le64.cache-7
7f41b0064000-7f41b0065000 r--s 00000000 fd:01 13766901                   /var/cache/fontconfig/49f0de54bdd920fe4f0dfd4cbac43e6b-le64.cache-7
7f41b0065000-7f41b0066000 r--s 00000000 fd:01 13766948                   /var/cache/fontconfig/f6e6e0a5c3d2f6ae0c0c2e0ecd42a997-le64.cache-7
7f41b0066000-7f41b0067000 r--s 00000000 fd:01 13766902                   /var/cache/fontconfig/4b2eda6bb976bda485cb2176619421d5-le64.cache-7
7f41b0067000-7f41b0075000 r--s 00000000 fd:01 13766924                   /var/cache/fontconfig/9b89f8e3dae116d678bbf48e5f21f69b-le64.cache-7
7f41b0075000-7f41b0077000 r--s 00000000 fd:01 13766916                   /var/cache/fontconfig/6afa1bb216ce958c1589e297e8008489-le64.cache-7
7f41b0077000-7f41b0085000 r--s 00000000 fd:01 13767158                   /var/cache/fontconfig/e13b20fdb08344e0e664864cc2ede53d-le64.cache-7
7f41b0085000-7f41b00d9000 r-xp 00000000 fd:01 661010                     /home/hesa/jdk1.8.0_111/jre/lib/amd64/libawt_xawt.so
7f41b00d9000-7f41b02d9000 ---p 00054000 fd:01 661010                     /home/hesa/jdk1.8.0_111/jre/lib/amd64/libawt_xawt.so
7f41b02d9000-7f41b02dd000 rw-p 00054000 fd:01 661010                     /home/hesa/jdk1.8.0_111/jre/lib/amd64/libawt_xawt.so
7f41b02dd000-7f41b02de000 rw-p 00000000 00:00 0 
7f41b02de000-7f41b0380000 r-xp 00000000 fd:01 661120                     /home/hesa/jdk1.8.0_111/jre/lib/amd64/libawt.so
7f41b0380000-7f41b0580000 ---p 000a2000 fd:01 661120                     /home/hesa/jdk1.8.0_111/jre/lib/amd64/libawt.so
7f41b0580000-7f41b058c000 rw-p 000a2000 fd:01 661120                     /home/hesa/jdk1.8.0_111/jre/lib/amd64/libawt.so
7f41b058c000-7f41b05b0000 rw-p 00000000 00:00 0 
7f41b05b0000-7f41b05b1000 r--s 00050000 fd:01 6697412                    /home/hesa/NetBeansProjects/angsur/lib/com-jaspersoft-ireport-jasperserver.jar.zip
7f41b05b1000-7f41b05b7000 r--s 00023000 fd:01 6697430                    /home/hesa/NetBeansProjects/angsur/lib/jcalendar-1.4.jar
7f41b05b7000-7f41b05ea000 r--s 002a1000 fd:01 6697423                    /home/hesa/NetBeansProjects/angsur/lib/jasperreports-3.7.3.jar
7f41b05ea000-7f41b05eb000 r--s 0000c000 fd:01 6697419                    /home/hesa/NetBeansProjects/angsur/lib/commons-logging-1.1.jar
7f41b05eb000-7f41b05ef000 r--s 0001f000 fd:01 6697416                    /home/hesa/NetBeansProjects/angsur/lib/commons-digester-1.7.jar
7f41b05ef000-7f41b05fc000 r--s 0007c000 fd:01 6697415                    /home/hesa/NetBeansProjects/angsur/lib/commons-collections-3.1.jar
7f41b05fc000-7f41b0602000 r--s 00025000 fd:01 6697414                    /home/hesa/NetBeansProjects/angsur/lib/commons-collections-2.1.1.jar
7f41b0602000-7f41b0607000 r--s 00034000 fd:01 6697413                    /home/hesa/NetBeansProjects/angsur/lib/commons-beanutils-1.8.0.jar
7f41b0607000-7f41b060c000 r--s 0003a000 fd:01 6697440                    /home/hesa/NetBeansProjects/angsur/lib/JasperReports/barcode4j-2.0.jar
7f41b060c000-7f41b060f000 r--s 00014000 fd:01 6697439                    /home/hesa/NetBeansProjects/angsur/lib/JasperReports/barbecue-1.5-beta1.jar
7f41b060f000-7f41b061e000 r--s 000c3000 fd:01 6697454                    /home/hesa/NetBeansProjects/angsur/lib/JasperReports/castor-1.2.jar
7f41b061e000-7f41b0623000 r--s 00010000 fd:01 6697466                    /home/hesa/NetBeansProjects/angsur/lib/JasperReports/xml-apis-ext.jar
7f41b0623000-7f41b062f000 r--s 000e5000 fd:01 6697464                    /home/hesa/NetBeansProjects/angsur/lib/JasperReports/rhino-1.7R1.jar
7f41b062f000-7f41b0630000 r--s 00007000 fd:01 6697453                    /home/hesa/NetBeansProjects/angsur/lib/JasperReports/batik-xml.jar
7f41b0630000-7f41b0633000 r--s 0001d000 fd:01 6697452                    /home/hesa/NetBeansProjects/angsur/lib/JasperReports/batik-util.jar
7f41b0633000-7f41b0638000 r--s 00030000 fd:01 6697451                    /home/hesa/NetBeansProjects/angsur/lib/JasperReports/batik-svggen.jar
7f41b0638000-7f41b0645000 r--s 00087000 fd:01 6697450                    /home/hesa/NetBeansProjects/angsur/lib/JasperReports/batik-svg-dom.jar
7f41b0645000-7f41b0648000 r--s 0000d000 fd:01 6697449                    /home/hesa/NetBeansProjects/angsur/lib/JasperReports/batik-script.jar
7f41b0648000-7f41b064a000 r--s 00010000 fd:01 6697448                    /home/hesa/NetBeansProjects/angsur/lib/JasperReports/batik-parser.jar
7f41b064a000-7f41b064e000 r--s 00038000 fd:01 6697447                    /home/hesa/NetBeansProjects/angsur/lib/JasperReports/batik-gvt.jar
7f41b064e000-7f41b0652000 r--s 00027000 fd:01 6697445                    /home/hesa/NetBeansProjects/angsur/lib/JasperReports/batik-dom.jar
7f41b0652000-7f41b065a000 r--s 00045000 fd:01 6697444                    /home/hesa/NetBeansProjects/angsur/lib/JasperReports/batik-css.jar
7f41b065a000-7f41b0664000 r--s 00080000 fd:01 6697443                    /home/hesa/NetBeansProjects/angsur/lib/JasperReports/batik-bridge.jar
7f41b0664000-7f41b066b000 r--s 0005c000 fd:01 6697442                    /home/hesa/NetBeansProjects/angsur/lib/JasperReports/batik-awt-util.jar
7f41b066b000-7f41b066e000 r--s 00015000 fd:01 6697441                    /home/hesa/NetBeansProjects/angsur/lib/JasperReports/batik-anim.jar
7f41b066e000-7f41b0676000 r--s 00028000 fd:01 6697467                    /home/hesa/NetBeansProjects/angsur/lib/JasperReports/xml-apis.jar
7f41b0676000-7f41b068a000 r--s 001a0000 fd:01 6697465                    /home/hesa/NetBeansProjects/angsur/lib/JasperReports/xalan.jar
7f41b068a000-7f41b068d000 r--s 00009000 fd:01 6697462                    /home/hesa/NetBeansProjects/angsur/lib/JasperReports/jpa.jar
7f41b068d000-7f41b069d000 r--s 0013f000 fd:01 6697461                    /home/hesa/NetBeansProjects/angsur/lib/JasperReports/jfreechart-1.0.12.jar
7f41b069d000-7f41b06a3000 r--s 00046000 fd:01 6697460                    /home/hesa/NetBeansProjects/angsur/lib/JasperReports/jcommon-1.0.15.jar
7f41b06a3000-7f41b06a9000 r--s 00032000 fd:01 6697459                    /home/hesa/NetBeansProjects/angsur/lib/JasperReports/jaxen-1.1.1.jar
7f41b06a9000-7f41b06b3000 r--s 00079000 fd:01 6697458                    /home/hesa/NetBeansProjects/angsur/lib/JasperReports/jakarta-bcel-20050813.jar
7f41b06b3000-7f41b06b7000 r--s 0001f000 fd:01 6697456                    /home/hesa/NetBeansProjects/angsur/lib/JasperReports/commons-digester-1.7.jar
7f41b06b7000-7f41b06b8000 ---p 00000000 00:00 0 
7f41b06b8000-7f41b07b8000 rw-p 00000000 00:00 0 
7f41b07b8000-7f41b07bb000 ---p 00000000 00:00 0 
7f41b07bb000-7f41b08b9000 rw-p 00000000 00:00 0 
7f41b08b9000-7f41b08ba000 ---p 00000000 00:00 0 
7f41b08ba000-7f41b08bd000 ---p 00000000 00:00 0 
7f41b08bd000-7f41b09ba000 rw-p 00000000 00:00 0 
7f41b09ba000-7f41b09bb000 ---p 00000000 00:00 0 
7f41b09bb000-7f41b09be000 ---p 00000000 00:00 0 
7f41b09be000-7f41b0abb000 rw-p 00000000 00:00 0 
7f41b0abb000-7f41b0abe000 ---p 00000000 00:00 0 
7f41b0abe000-7f41b0bbc000 rw-p 00000000 00:00 0 
7f41b0bbc000-7f41b158c000 r--p 00000000 fd:01 12720749                   /usr/lib/locale/locale-archive
7f41b158c000-7f41b158f000 ---p 00000000 00:00 0 
7f41b158f000-7f41b168d000 rw-p 00000000 00:00 0 
7f41b168d000-7f41b1690000 ---p 00000000 00:00 0 
7f41b1690000-7f41b178e000 rw-p 00000000 00:00 0 
7f41b178e000-7f41b178f000 ---p 00000000 00:00 0 
7f41b178f000-7f41b21b9000 rw-p 00000000 00:00 0 
7f41b21b9000-7f41b2391000 r--s 03d2a000 fd:01 661252                     /home/hesa/jdk1.8.0_111/jre/lib/rt.jar
7f41b2391000-7f41b4c1a000 rw-p 00000000 00:00 0 
7f41b4c1a000-7f41b4c1b000 ---p 00000000 00:00 0 
7f41b4c1b000-7f41b4d1b000 rw-p 00000000 00:00 0 
7f41b4d1b000-7f41b4d1c000 ---p 00000000 00:00 0 
7f41b4d1c000-7f41b4e31000 rw-p 00000000 00:00 0 
7f41b4e31000-7f41b4f5e000 ---p 00000000 00:00 0 
7f41b4f5e000-7f41b4f69000 rw-p 00000000 00:00 0 
7f41b4f69000-7f41b4fff000 ---p 00000000 00:00 0 
7f41b4fff000-7f41b5000000 rw-p 00000000 00:00 0 
7f41b5000000-7f41b5aa0000 rwxp 00000000 00:00 0 
7f41b5aa0000-7f41c4000000 ---p 00000000 00:00 0 
7f41c4000000-7f41c4748000 rw-p 00000000 00:00 0 
7f41c4748000-7f41c8000000 ---p 00000000 00:00 0 
7f41c8000000-7f41c800e000 r--s 0007f000 fd:01 6697455                    /home/hesa/NetBeansProjects/angsur/lib/JasperReports/commons-collections-3.2.1.jar
7f41c800e000-7f41c8017000 r--s 00075000 fd:01 6697420                    /home/hesa/NetBeansProjects/angsur/lib/DateChooser.jar
7f41c8017000-7f41c806e000 rw-p 00000000 00:00 0 
7f41c806e000-7f41c819b000 ---p 00000000 00:00 0 
7f41c819b000-7f41c81c6000 rw-p 00000000 00:00 0 
7f41c81c6000-7f41c855b000 ---p 00000000 00:00 0 
7f41c855b000-7f41c8575000 r-xp 00000000 fd:01 661116                     /home/hesa/jdk1.8.0_111/jre/lib/amd64/libzip.so
7f41c8575000-7f41c8775000 ---p 0001a000 fd:01 661116                     /home/hesa/jdk1.8.0_111/jre/lib/amd64/libzip.so
7f41c8775000-7f41c8776000 rw-p 0001a000 fd:01 661116                     /home/hesa/jdk1.8.0_111/jre/lib/amd64/libzip.so
7f41c8776000-7f41c8781000 r-xp 00000000 fd:01 24384233                   /lib/x86_64-linux-gnu/libnss_files-2.27.so
7f41c8781000-7f41c8980000 ---p 0000b000 fd:01 24384233                   /lib/x86_64-linux-gnu/libnss_files-2.27.so
7f41c8980000-7f41c8981000 r--p 0000a000 fd:01 24384233                   /lib/x86_64-linux-gnu/libnss_files-2.27.so
7f41c8981000-7f41c8982000 rw-p 0000b000 fd:01 24384233                   /lib/x86_64-linux-gnu/libnss_files-2.27.so
7f41c8982000-7f41c8988000 rw-p 00000000 00:00 0 
7f41c8988000-7f41c899f000 r-xp 00000000 fd:01 24384227                   /lib/x86_64-linux-gnu/libnsl-2.27.so
7f41c899f000-7f41c8b9e000 ---p 00017000 fd:01 24384227                   /lib/x86_64-linux-gnu/libnsl-2.27.so
7f41c8b9e000-7f41c8b9f000 r--p 00016000 fd:01 24384227                   /lib/x86_64-linux-gnu/libnsl-2.27.so
7f41c8b9f000-7f41c8ba0000 rw-p 00017000 fd:01 24384227                   /lib/x86_64-linux-gnu/libnsl-2.27.so
7f41c8ba0000-7f41c8ba2000 rw-p 00000000 00:00 0 
7f41c8ba2000-7f41c8bad000 r-xp 00000000 fd:01 24384244                   /lib/x86_64-linux-gnu/libnss_nis-2.27.so
7f41c8bad000-7f41c8dac000 ---p 0000b000 fd:01 24384244                   /lib/x86_64-linux-gnu/libnss_nis-2.27.so
7f41c8dac000-7f41c8dad000 r--p 0000a000 fd:01 24384244                   /lib/x86_64-linux-gnu/libnss_nis-2.27.so
7f41c8dad000-7f41c8dae000 rw-p 0000b000 fd:01 24384244                   /lib/x86_64-linux-gnu/libnss_nis-2.27.so
7f41c8dae000-7f41c8db6000 r-xp 00000000 fd:01 24384229                   /lib/x86_64-linux-gnu/libnss_compat-2.27.so
7f41c8db6000-7f41c8fb6000 ---p 00008000 fd:01 24384229                   /lib/x86_64-linux-gnu/libnss_compat-2.27.so
7f41c8fb6000-7f41c8fb7000 r--p 00008000 fd:01 24384229                   /lib/x86_64-linux-gnu/libnss_compat-2.27.so
7f41c8fb7000-7f41c8fb8000 rw-p 00009000 fd:01 24384229                   /lib/x86_64-linux-gnu/libnss_compat-2.27.so
7f41c8fb8000-7f41c8fe3000 r-xp 00000000 fd:01 661089                     /home/hesa/jdk1.8.0_111/jre/lib/amd64/libjava.so
7f41c8fe3000-7f41c91e2000 ---p 0002b000 fd:01 661089                     /home/hesa/jdk1.8.0_111/jre/lib/amd64/libjava.so
7f41c91e2000-7f41c91e4000 rw-p 0002a000 fd:01 661089                     /home/hesa/jdk1.8.0_111/jre/lib/amd64/libjava.so
7f41c91e4000-7f41c91f1000 r-xp 00000000 fd:01 661052                     /home/hesa/jdk1.8.0_111/jre/lib/amd64/libverify.so
7f41c91f1000-7f41c93f0000 ---p 0000d000 fd:01 661052                     /home/hesa/jdk1.8.0_111/jre/lib/amd64/libverify.so
7f41c93f0000-7f41c93f2000 rw-p 0000c000 fd:01 661052                     /home/hesa/jdk1.8.0_111/jre/lib/amd64/libverify.so
7f41c93f2000-7f41c93f9000 r-xp 00000000 fd:01 24384284                   /lib/x86_64-linux-gnu/librt-2.27.so
7f41c93f9000-7f41c95f8000 ---p 00007000 fd:01 24384284                   /lib/x86_64-linux-gnu/librt-2.27.so
7f41c95f8000-7f41c95f9000 r--p 00006000 fd:01 24384284                   /lib/x86_64-linux-gnu/librt-2.27.so
7f41c95f9000-7f41c95fa000 rw-p 00007000 fd:01 24384284                   /lib/x86_64-linux-gnu/librt-2.27.so
7f41c95fa000-7f41c9797000 r-xp 00000000 fd:01 24384206                   /lib/x86_64-linux-gnu/libm-2.27.so
7f41c9797000-7f41c9996000 ---p 0019d000 fd:01 24384206                   /lib/x86_64-linux-gnu/libm-2.27.so
7f41c9996000-7f41c9997000 r--p 0019c000 fd:01 24384206                   /lib/x86_64-linux-gnu/libm-2.27.so
7f41c9997000-7f41c9998000 rw-p 0019d000 fd:01 24384206                   /lib/x86_64-linux-gnu/libm-2.27.so
7f41c9998000-7f41ca665000 r-xp 00000000 fd:01 660969                     /home/hesa/jdk1.8.0_111/jre/lib/amd64/server/libjvm.so
7f41ca665000-7f41ca864000 ---p 00ccd000 fd:01 660969                     /home/hesa/jdk1.8.0_111/jre/lib/amd64/server/libjvm.so
7f41ca864000-7f41ca93d000 rw-p 00ccc000 fd:01 660969                     /home/hesa/jdk1.8.0_111/jre/lib/amd64/server/libjvm.so
7f41ca93d000-7f41ca988000 rw-p 00000000 00:00 0 
7f41ca988000-7f41cab6f000 r-xp 00000000 fd:01 24384143                   /lib/x86_64-linux-gnu/libc-2.27.so
7f41cab6f000-7f41cad6f000 ---p 001e7000 fd:01 24384143                   /lib/x86_64-linux-gnu/libc-2.27.so
7f41cad6f000-7f41cad73000 r--p 001e7000 fd:01 24384143                   /lib/x86_64-linux-gnu/libc-2.27.so
7f41cad73000-7f41cad75000 rw-p 001eb000 fd:01 24384143                   /lib/x86_64-linux-gnu/libc-2.27.so
7f41cad75000-7f41cad79000 rw-p 00000000 00:00 0 
7f41cad79000-7f41cad7c000 r-xp 00000000 fd:01 24384166                   /lib/x86_64-linux-gnu/libdl-2.27.so
7f41cad7c000-7f41caf7b000 ---p 00003000 fd:01 24384166                   /lib/x86_64-linux-gnu/libdl-2.27.so
7f41caf7b000-7f41caf7c000 r--p 00002000 fd:01 24384166                   /lib/x86_64-linux-gnu/libdl-2.27.so
7f41caf7c000-7f41caf7d000 rw-p 00003000 fd:01 24384166                   /lib/x86_64-linux-gnu/libdl-2.27.so
7f41caf7d000-7f41caf92000 r-xp 00000000 fd:01 661125                     /home/hesa/jdk1.8.0_111/lib/amd64/jli/libjli.so
7f41caf92000-7f41cb192000 ---p 00015000 fd:01 661125                     /home/hesa/jdk1.8.0_111/lib/amd64/jli/libjli.so
7f41cb192000-7f41cb193000 rw-p 00015000 fd:01 661125                     /home/hesa/jdk1.8.0_111/lib/amd64/jli/libjli.so
7f41cb193000-7f41cb1ad000 r-xp 00000000 fd:01 24384276                   /lib/x86_64-linux-gnu/libpthread-2.27.so
7f41cb1ad000-7f41cb3ac000 ---p 0001a000 fd:01 24384276                   /lib/x86_64-linux-gnu/libpthread-2.27.so
7f41cb3ac000-7f41cb3ad000 r--p 00019000 fd:01 24384276                   /lib/x86_64-linux-gnu/libpthread-2.27.so
7f41cb3ad000-7f41cb3ae000 rw-p 0001a000 fd:01 24384276                   /lib/x86_64-linux-gnu/libpthread-2.27.so
7f41cb3ae000-7f41cb3b2000 rw-p 00000000 00:00 0 
7f41cb3b2000-7f41cb3d9000 r-xp 00000000 fd:01 24384115                   /lib/x86_64-linux-gnu/ld-2.27.so
7f41cb3d9000-7f41cb3da000 r--s 00002000 fd:01 6697446                    /home/hesa/NetBeansProjects/angsur/lib/JasperReports/batik-ext.jar
7f41cb3da000-7f41cb3db000 r--s 00002000 fd:01 6697463                    /home/hesa/NetBeansProjects/angsur/lib/JasperReports/png-encoder-1.5.jar
7f41cb3db000-7f41cb3dc000 r--s 0000c000 fd:01 6697457                    /home/hesa/NetBeansProjects/angsur/lib/JasperReports/commons-logging-1.1.jar
7f41cb3dc000-7f41cb3e4000 r--s 000c4000 fd:01 6697471                    /home/hesa/NetBeansProjects/angsur/lib/MySQLDriver-2/mysql-connector-java-5.1.23-bin.jar
7f41cb3e4000-7f41cb3e5000 r--s 00000000 fd:01 6697435                    /home/hesa/NetBeansProjects/angsur/lib/absolutelayout-2/AbsoluteLayout.jar
7f41cb3e5000-7f41cb4b7000 rw-p 00000000 00:00 0 
7f41cb4b7000-7f41cb4b8000 ---p 00000000 00:00 0 
7f41cb4b8000-7f41cb4bb000 ---p 00000000 00:00 0 
7f41cb4bb000-7f41cb5cd000 rw-p 00000000 00:00 0 
7f41cb5cd000-7f41cb5d5000 rw-s 00000000 fd:01 29499057                   /tmp/hsperfdata_hesa/3804
7f41cb5d5000-7f41cb5d6000 rw-p 00000000 00:00 0 
7f41cb5d6000-7f41cb5d7000 r--p 00000000 00:00 0 
7f41cb5d7000-7f41cb5d9000 rw-p 00000000 00:00 0 
7f41cb5d9000-7f41cb5da000 r--p 00027000 fd:01 24384115                   /lib/x86_64-linux-gnu/ld-2.27.so
7f41cb5da000-7f41cb5db000 rw-p 00028000 fd:01 24384115                   /lib/x86_64-linux-gnu/ld-2.27.so
7f41cb5db000-7f41cb5dc000 rw-p 00000000 00:00 0 
7fffb1982000-7fffb19a4000 rw-p 00000000 00:00 0                          [stack]
7fffb19b4000-7fffb19b7000 r--p 00000000 00:00 0                          [vvar]
7fffb19b7000-7fffb19b9000 r-xp 00000000 00:00 0                          [vdso]
ffffffffff600000-ffffffffff601000 r-xp 00000000 00:00 0                  [vsyscall]

VM Arguments:
jvm_args: -Dfile.encoding=UTF-8 
java_command: screen
java_class_path (initial): /home/hesa/NetBeansProjects/angsur/lib/absolutelayout-2/AbsoluteLayout.jar:/home/hesa/NetBeansProjects/angsur/lib/MySQLDriver-2/mysql-connector-java-5.1.23-bin.jar:/home/hesa/NetBeansProjects/angsur/lib/DateChooser.jar:/home/hesa/NetBeansProjects/angsur/lib/JasperReports/commons-collections-3.2.1.jar:/home/hesa/NetBeansProjects/angsur/lib/JasperReports/commons-digester-1.7.jar:/home/hesa/NetBeansProjects/angsur/lib/JasperReports/commons-logging-1.1.jar:/home/hesa/NetBeansProjects/angsur/lib/JasperReports/jakarta-bcel-20050813.jar:/home/hesa/NetBeansProjects/angsur/lib/JasperReports/jaxen-1.1.1.jar:/home/hesa/NetBeansProjects/angsur/lib/JasperReports/jcommon-1.0.15.jar:/home/hesa/NetBeansProjects/angsur/lib/JasperReports/jfreechart-1.0.12.jar:/home/hesa/NetBeansProjects/angsur/lib/JasperReports/jpa.jar:/home/hesa/NetBeansProjects/angsur/lib/JasperReports/png-encoder-1.5.jar:/home/hesa/NetBeansProjects/angsur/lib/JasperReports/xalan.jar:/home/hesa/NetBeansProjects/angsur/lib/JasperReports/xml-apis.jar:/home/hesa/NetBeansProjects/angsur/lib/JasperReports/batik-anim.jar:/home/hesa/NetBeansProjects/angsur/lib/JasperReports/batik-awt-util.jar:/home/hesa/NetBeansProjects/angsur/lib/JasperReports/batik-bridge.jar:/home/hesa/NetBeansProjects/angsur/lib/JasperReports/batik-css.jar:/home/hesa/NetBeansProjects/angsur/lib/JasperReports/batik-dom.jar:/home/hesa/NetBeansProjects/angsur/lib/JasperReports/batik-ext.jar:/home/hesa/NetBeansProjects/angsur/lib/JasperReports/batik-gvt.jar:/home/hesa/NetBeansProjects/angsur/lib/JasperReports/batik-parser.jar:/home/hesa/NetBeansProjects/angsur/lib/JasperReports/batik-script.jar:/home/hesa/NetBeansProjects/angsur/lib/JasperReports/batik-svg-dom.jar:/home/hesa/NetBeansProjects/angsur/lib/JasperReports/batik-svggen.jar:/home/hesa/NetBeansProjects/angsur/lib/JasperReports/batik-util.jar:/home/hesa/NetBeansProjects/angsur/lib/JasperReports/batik-xml.jar:/home/hesa/NetBeansProjects/angsur/lib/JasperReports/rhino-1.7
Launcher Type: SUN_STANDARD

Environment Variables:
JAVA_HOME=/usr/lib/jvm/java-8-oracle
PATH=/usr/local/sbin:/usr/local/bin:/usr/sbin:/usr/bin:/sbin:/bin:/usr/games:/usr/local/games:/snap/bin:/usr/lib/jvm/java-8-oracle/bin:/usr/lib/jvm/java-8-oracle/db/bin:/usr/lib/jvm/java-8-oracle/jre/bin:/home/hesa/Android/Sdk/tools
USERNAME=hesa
LD_LIBRARY_PATH=/home/hesa/jdk1.8.0_111/jre/lib/amd64:/home/hesa/jdk1.8.0_111/jre/lib/i386:
SHELL=/bin/bash
DISPLAY=:0

Signal Handlers:
SIGSEGV: [libjvm.so+0xac64b0], sa_mask[0]=11111111011111111101111111111110, sa_flags=SA_RESTART|SA_SIGINFO
SIGBUS: [libjvm.so+0xac64b0], sa_mask[0]=11111111011111111101111111111110, sa_flags=SA_RESTART|SA_SIGINFO
SIGFPE: [libjvm.so+0x91f950], sa_mask[0]=11111111011111111101111111111110, sa_flags=SA_RESTART|SA_SIGINFO
SIGPIPE: [libjvm.so+0x91f950], sa_mask[0]=11111111011111111101111111111110, sa_flags=SA_RESTART|SA_SIGINFO
SIGXFSZ: [libjvm.so+0x91f950], sa_mask[0]=11111111011111111101111111111110, sa_flags=SA_RESTART|SA_SIGINFO
SIGILL: [libjvm.so+0x91f950], sa_mask[0]=11111111011111111101111111111110, sa_flags=SA_RESTART|SA_SIGINFO
SIGUSR1: SIG_DFL, sa_mask[0]=00000000000000000000000000000000, sa_flags=none
SIGUSR2: [libjvm.so+0x920f80], sa_mask[0]=00100000000000000000000000000000, sa_flags=SA_RESTART|SA_SIGINFO
SIGHUP: [libjvm.so+0x922380], sa_mask[0]=11111111011111111101111111111110, sa_flags=SA_RESTART|SA_SIGINFO
SIGINT: SIG_IGN, sa_mask[0]=00000000000000000000000000000000, sa_flags=none
SIGTERM: [libjvm.so+0x922380], sa_mask[0]=11111111011111111101111111111110, sa_flags=SA_RESTART|SA_SIGINFO
SIGQUIT: [libjvm.so+0x922380], sa_mask[0]=11111111011111111101111111111110, sa_flags=SA_RESTART|SA_SIGINFO


---------------  S Y S T E M  ---------------

OS:DISTRIB_ID=Ubuntu
DISTRIB_RELEASE=18.04
DISTRIB_CODENAME=bionic
DISTRIB_DESCRIPTION="Ubuntu 18.04.2 LTS"

uname:Linux 4.15.0-50-generic #54-Ubuntu SMP Mon May 6 18:46:08 UTC 2019 x86_64
libc:glibc 2.27 NPTL 2.27 
rlimit: STACK 8192k, CORE 0k, NPROC 15183, NOFILE 1048576, AS infinity
load average:2,96 1,73 1,39

/proc/meminfo:
MemTotal:        3951276 kB
MemFree:         1454772 kB
MemAvailable:    1850512 kB
Buffers:           48152 kB
Cached:           647364 kB
SwapCached:         2532 kB
Active:          1862384 kB
Inactive:         438832 kB
Active(anon):    1572576 kB
Inactive(anon):   155464 kB
Active(file):     289808 kB
Inactive(file):   283368 kB
Unevictable:           0 kB
Mlocked:               0 kB
SwapTotal:        999420 kB
SwapFree:         993776 kB
Dirty:               608 kB
Writeback:           560 kB
AnonPages:       1603488 kB
Mapped:           279052 kB
Shmem:            122228 kB
Slab:             109036 kB
SReclaimable:      62896 kB
SUnreclaim:        46140 kB
KernelStack:        4648 kB
PageTables:        15372 kB
NFS_Unstable:          0 kB
Bounce:                0 kB
WritebackTmp:          0 kB
CommitLimit:     2975056 kB
Committed_AS:    3417868 kB
VmallocTotal:   34359738367 kB
VmallocUsed:           0 kB
VmallocChunk:          0 kB
HardwareCorrupted:     0 kB
AnonHugePages:         0 kB
ShmemHugePages:        0 kB
ShmemPmdMapped:        0 kB
CmaTotal:              0 kB
CmaFree:               0 kB
HugePages_Total:       0
HugePages_Free:        0
HugePages_Rsvd:        0
HugePages_Surp:        0
Hugepagesize:       2048 kB
DirectMap4k:      218752 kB
DirectMap2M:     3887104 kB


CPU:total 2 (2 cores per cpu, 1 threads per core) family 6 model 76 stepping 4, cmov, cx8, fxsr, mmx, sse, sse2, sse3, ssse3, sse4.1, sse4.2, popcnt, aes, clmul, erms, 3dnowpref, tsc, tscinvbit

/proc/cpuinfo:
processor	: 0
vendor_id	: GenuineIntel
cpu family	: 6
model		: 76
model name	: Intel(R) Celeron(R) CPU  N3060  @ 1.60GHz
stepping	: 4
microcode	: 0x411
cpu MHz		: 2480.000
cache size	: 1024 KB
physical id	: 0
siblings	: 2
core id		: 0
cpu cores	: 2
apicid		: 0
initial apicid	: 0
fpu		: yes
fpu_exception	: yes
cpuid level	: 11
wp		: yes
flags		: fpu vme de pse tsc msr pae mce cx8 apic sep mtrr pge mca cmov pat pse36 clflush dts acpi mmx fxsr sse sse2 ss ht tm pbe syscall nx rdtscp lm constant_tsc arch_perfmon pebs bts rep_good nopl xtopology tsc_reliable nonstop_tsc cpuid aperfmperf tsc_known_freq pni pclmulqdq dtes64 monitor ds_cpl vmx est tm2 ssse3 cx16 xtpr pdcm sse4_1 sse4_2 movbe popcnt tsc_deadline_timer aes rdrand lahf_lm 3dnowprefetch epb pti ibrs ibpb stibp tpr_shadow vnmi flexpriority ept vpid tsc_adjust smep erms dtherm ida arat md_clear
bugs		: cpu_meltdown spectre_v1 spectre_v2 mds
bogomips	: 3200.00
clflush size	: 64
cache_alignment	: 64
address sizes	: 36 bits physical, 48 bits virtual
power management:

processor	: 1
vendor_id	: GenuineIntel
cpu family	: 6
model		: 76
model name	: Intel(R) Celeron(R) CPU  N3060  @ 1.60GHz
stepping	: 4
microcode	: 0x411
cpu MHz		: 2479.998
cache size	: 1024 KB
physical id	: 0
siblings	: 2
core id		: 2
cpu cores	: 2
apicid		: 4
initial apicid	: 4
fpu		: yes
fpu_exception	: yes
cpuid level	: 11
wp		: yes
flags		: fpu vme de pse tsc msr pae mce cx8 apic sep mtrr pge mca cmov pat pse36 clflush dts acpi mmx fxsr sse sse2 ss ht tm pbe syscall nx rdtscp lm constant_tsc arch_perfmon pebs bts rep_good nopl xtopology tsc_reliable nonstop_tsc cpuid aperfmperf tsc_known_freq pni pclmulqdq dtes64 monitor ds_cpl vmx est tm2 ssse3 cx16 xtpr pdcm sse4_1 sse4_2 movbe popcnt tsc_deadline_timer aes rdrand lahf_lm 3dnowprefetch epb pti ibrs ibpb stibp tpr_shadow vnmi flexpriority ept vpid tsc_adjust smep erms dtherm ida arat md_clear
bugs		: cpu_meltdown spectre_v1 spectre_v2 mds
bogomips	: 3200.00
clflush size	: 64
cache_alignment	: 64
address sizes	: 36 bits physical, 48 bits virtual
power management:



Memory: 4k page, physical 3951276k(1454772k free), swap 999420k(993776k free)

vm_info: Java HotSpot(TM) 64-Bit Server VM (25.111-b14) for linux-amd64 JRE (1.8.0_111-b14), built on Sep 22 2016 16:14:03 by "java_re" with gcc 4.3.0 20080428 (Red Hat 4.3.0-8)

time: Wed May 29 01:17:16 2019
elapsed time: 974 seconds (0d 0h 16m 14s)

