#
# There is insufficient memory for the Java Runtime Environment to continue.
# Native memory allocation (malloc) failed to allocate 143456 bytes for Chunk::new
# Possible reasons:
#   The system is out of physical RAM or swap space
#   In 32 bit mode, the process size limit was hit
# Possible solutions:
#   Reduce memory load on the system
#   Increase physical memory or swap space
#   Check if swap backing store is full
#   Use 64 bit Java on a 64 bit OS
#   Decrease Java heap size (-Xmx/-Xms)
#   Decrease number of Java threads
#   Decrease Java thread stack sizes (-Xss)
#   Set larger code cache with -XX:ReservedCodeCacheSize=
# This output file may be truncated or incomplete.
#
#  Out of Memory Error (allocation.cpp:390), pid=26852, tid=0x00000000000077dc
#
# JRE version: Java(TM) SE Runtime Environment (8.0_111-b14) (build 1.8.0_111-b14)
# Java VM: Java HotSpot(TM) 64-Bit Server VM (25.111-b14 mixed mode windows-amd64 compressed oops)
# Failed to write core dump. Minidumps are not enabled by default on client versions of Windows
#

---------------  T H R E A D  ---------------

Current thread (0x000000001729f800):  JavaThread "C2 CompilerThread0" daemon [_thread_in_native, id=30684, stack(0x0000000018910000,0x0000000018a10000)]

Stack: [0x0000000018910000,0x0000000018a10000]
[error occurred during error reporting (printing stack bounds), id 0xc0000005]

Native frames: (J=compiled Java code, j=interpreted, Vv=VM code, C=native code)


Current CompileTask:
C2:5463334 2906 % !   4       sun.java2d.d3d.D3DScreenUpdateManager::run @ 105 (267 bytes)


---------------  P R O C E S S  ---------------

Java Threads: ( => current thread )
  0x0000000019763800 JavaThread "TimerQueue" daemon [_thread_blocked, id=12688, stack(0x0000000022f60000,0x0000000023060000)]
  0x000000001976a000 JavaThread "DestroyJavaVM" [_thread_blocked, id=29540, stack(0x0000000002470000,0x0000000002570000)]
  0x0000000019716800 JavaThread "Abandoned connection cleanup thread" daemon [_thread_blocked, id=10584, stack(0x0000000021c90000,0x0000000021d90000)]
  0x00000000194c1000 JavaThread "D3D Screen Updater" daemon [_thread_blocked, id=20732, stack(0x000000001fe80000,0x000000001ff80000)]
  0x0000000019451800 JavaThread "AWT-EventQueue-0" [_thread_blocked, id=1032, stack(0x000000001fd80000,0x000000001fe80000)]
  0x000000001937b800 JavaThread "AWT-Windows" daemon [_thread_in_native, id=11060, stack(0x0000000019d50000,0x0000000019e50000)]
  0x0000000019378000 JavaThread "AWT-Shutdown" [_thread_blocked, id=34496, stack(0x0000000019c50000,0x0000000019d50000)]
  0x0000000019376000 JavaThread "Java2D Disposer" daemon [_thread_blocked, id=26716, stack(0x0000000019b50000,0x0000000019c50000)]
  0x0000000018c38800 JavaThread "Service Thread" daemon [_thread_blocked, id=26740, stack(0x0000000019010000,0x0000000019110000)]
  0x00000000172a5000 JavaThread "C1 CompilerThread2" daemon [_thread_blocked, id=22780, stack(0x0000000018b10000,0x0000000018c10000)]
  0x00000000172a2000 JavaThread "C2 CompilerThread1" daemon [_thread_blocked, id=29888, stack(0x0000000018a10000,0x0000000018b10000)]
=>0x000000001729f800 JavaThread "C2 CompilerThread0" daemon [_thread_in_native, id=30684, stack(0x0000000018910000,0x0000000018a10000)]
  0x000000001729c800 JavaThread "Attach Listener" daemon [_thread_blocked, id=20084, stack(0x0000000018810000,0x0000000018910000)]
  0x000000001729b800 JavaThread "Signal Dispatcher" daemon [_thread_blocked, id=5508, stack(0x0000000018710000,0x0000000018810000)]
  0x000000001728a800 JavaThread "Finalizer" daemon [_thread_blocked, id=11764, stack(0x0000000018510000,0x0000000018610000)]
  0x00000000026f2000 JavaThread "Reference Handler" daemon [_thread_blocked, id=34860, stack(0x0000000018410000,0x0000000018510000)]

Other Threads:
  0x0000000017267000 VMThread [stack: 0x0000000018310000,0x0000000018410000] [id=27940]
  0x00000000172f5000 WatcherThread [stack: 0x0000000019110000,0x0000000019210000] [id=9480]

VM state:not at safepoint (normal execution)

VM Mutex/Monitor currently owned by a thread: None

Heap:
 PSYoungGen      total 38400K, used 12169K [0x00000000d5a00000, 0x00000000d8480000, 0x0000000100000000)
  eden space 33280K, 21% used [0x00000000d5a00000,0x00000000d60e4650,0x00000000d7a80000)
  from space 5120K, 99% used [0x00000000d7a80000,0x00000000d7f7ddd0,0x00000000d7f80000)
  to   space 5120K, 0% used [0x00000000d7f80000,0x00000000d7f80000,0x00000000d8480000)
 ParOldGen       total 87552K, used 1730K [0x0000000080e00000, 0x0000000086380000, 0x00000000d5a00000)
  object space 87552K, 1% used [0x0000000080e00000,0x0000000080fb0828,0x0000000086380000)
 Metaspace       used 18823K, capacity 19076K, committed 19328K, reserved 1067008K
  class space    used 2312K, capacity 2382K, committed 2432K, reserved 1048576K

Card table byte_map: [0x0000000011ac0000,0x0000000011ec0000] byte_map_base: 0x00000000116b9000

Marking Bits: (ParMarkBitMap*) 0x000000006a54a6c0
 Begin Bits: [0x0000000012570000, 0x0000000014538000)
 End Bits:   [0x0000000014538000, 0x0000000016500000)

Polling page: 0x0000000002570000

CodeCache: size=245760Kb used=9097Kb max_used=9122Kb free=236662Kb
 bounds [0x0000000002700000, 0x0000000003000000, 0x0000000011700000]
 total_blobs=3293 nmethods=2699 adapters=505
 compilation: enabled

Compilation events (10 events):
Event: 516.753 Thread 0x000000001729f800 nmethod 2901 0x0000000002989850 code [0x00000000029899c0, 0x000000000298a128]
Event: 2945.370 Thread 0x00000000172a5000 2902 % !   3       sun.java2d.d3d.D3DScreenUpdateManager::run @ 105 (267 bytes)
Event: 2945.372 Thread 0x00000000172a5000 nmethod 2902% 0x0000000002ff2050 code [0x0000000002ff2420, 0x0000000002ff4e98]
Event: 2996.754 Thread 0x00000000172a5000 2903 % !   3       sun.java2d.d3d.D3DScreenUpdateManager::run @ 0 (267 bytes)
Event: 2996.755 Thread 0x00000000172a5000 nmethod 2903% 0x0000000002ff6910 code [0x0000000002ff6cc0, 0x0000000002ff96d8]
Event: 3048.138 Thread 0x00000000172a5000 2904   !   3       sun.java2d.d3d.D3DScreenUpdateManager::run (267 bytes)
Event: 3048.139 Thread 0x00000000172a5000 nmethod 2904 0x0000000002ffb090 code [0x0000000002ffb440, 0x0000000002ffddf8]
Event: 5000.822 Thread 0x00000000172a2000 2905 % !   4       sun.java2d.d3d.D3DScreenUpdateManager::run @ 0 (267 bytes)
Event: 5000.834 Thread 0x00000000172a2000 nmethod 2905% 0x0000000002889810 code [0x00000000028899c0, 0x000000000288a918]
Event: 5463.285 Thread 0x000000001729f800 2906 % !   4       sun.java2d.d3d.D3DScreenUpdateManager::run @ 105 (267 bytes)

GC Heap History (2 events):
Event: 11.657 GC heap before
{Heap before GC invocations=1 (full 0):
 PSYoungGen      total 38400K, used 33280K [0x00000000d5a00000, 0x00000000d8480000, 0x0000000100000000)
  eden space 33280K, 100% used [0x00000000d5a00000,0x00000000d7a80000,0x00000000d7a80000)
  from space 5120K, 0% used [0x00000000d7f80000,0x00000000d7f80000,0x00000000d8480000)
  to   space 5120K, 0% used [0x00000000d7a80000,0x00000000d7a80000,0x00000000d7f80000)
 ParOldGen       total 87552K, used 0K [0x0000000080e00000, 0x0000000086380000, 0x00000000d5a00000)
  object space 87552K, 0% used [0x0000000080e00000,0x0000000080e00000,0x0000000086380000)
 Metaspace       used 18503K, capacity 18692K, committed 18816K, reserved 1064960K
  class space    used 2297K, capacity 2382K, committed 2432K, reserved 1048576K
Event: 11.663 GC heap after
Heap after GC invocations=1 (full 0):
 PSYoungGen      total 38400K, used 5111K [0x00000000d5a00000, 0x00000000d8480000, 0x0000000100000000)
  eden space 33280K, 0% used [0x00000000d5a00000,0x00000000d5a00000,0x00000000d7a80000)
  from space 5120K, 99% used [0x00000000d7a80000,0x00000000d7f7ddd0,0x00000000d7f80000)
  to   space 5120K, 0% used [0x00000000d7f80000,0x00000000d7f80000,0x00000000d8480000)
 ParOldGen       total 87552K, used 1730K [0x0000000080e00000, 0x0000000086380000, 0x00000000d5a00000)
  object space 87552K, 1% used [0x0000000080e00000,0x0000000080fb0828,0x0000000086380000)
 Metaspace       used 18503K, capacity 18692K, committed 18816K, reserved 1064960K
  class space    used 2297K, capacity 2382K, committed 2432K, reserved 1048576K
}

Deoptimization events (10 events):
Event: 11.142 Thread 0x0000000019451800 Uncommon trap: reason=class_check action=maybe_recompile pc=0x0000000002e88af0 method=javax.swing.UIDefaults.getFromHashtable(Ljava/lang/Object;)Ljava/lang/Object; @ 122
Event: 11.144 Thread 0x0000000019451800 Uncommon trap: reason=null_check action=make_not_entrant pc=0x0000000002c8b834 method=javax.swing.plaf.nimbus.DerivedColor.equals(Ljava/lang/Object;)Z @ 8
Event: 11.156 Thread 0x0000000019451800 Uncommon trap: reason=null_check action=make_not_entrant pc=0x0000000002f29678 method=javax.swing.plaf.nimbus.NimbusDefaults$LazyStyle.matches(Ljava/awt/Component;I)Z @ 39
Event: 11.206 Thread 0x0000000019451800 Uncommon trap: reason=unstable_if action=reinterpret pc=0x0000000002df43f0 method=sun.awt.SunToolkit.isInstanceOf(Ljava/lang/Class;Ljava/lang/String;)Z @ 14
Event: 11.665 Thread 0x0000000019451800 Uncommon trap: reason=unstable_if action=reinterpret pc=0x0000000002b85b40 method=java.lang.ref.SoftReference.get()Ljava/lang/Object; @ 17
Event: 13.096 Thread 0x0000000019451800 Uncommon trap: reason=unstable_if action=reinterpret pc=0x0000000002ded5b0 method=java.lang.ref.SoftReference.get()Ljava/lang/Object; @ 17
Event: 13.192 Thread 0x0000000019451800 Uncommon trap: reason=unstable_if action=reinterpret pc=0x0000000002d7c1f4 method=java.awt.MultipleGradientPaintContext.indexIntoGradientsArrays(F)I @ 24
Event: 13.192 Thread 0x0000000019451800 Uncommon trap: reason=unstable_if action=reinterpret pc=0x0000000002926598 method=java.awt.MultipleGradientPaintContext.indexIntoGradientsArrays(F)I @ 24
Event: 13.196 Thread 0x0000000019451800 Uncommon trap: reason=unstable_if action=reinterpret pc=0x0000000002af6718 method=sun.java2d.pipe.BufferedContext.validate(Lsun/java2d/pipe/hw/AccelSurface;Lsun/java2d/pipe/hw/AccelSurface;Lsun/java2d/pipe/Region;Ljava/awt/Composite;Ljava/awt/geom/AffineT
Event: 14.311 Thread 0x0000000019451800 Uncommon trap: reason=unstable_if action=reinterpret pc=0x0000000002993b1c method=java.awt.Container.findComponentAtImpl(IIZ)Ljava/awt/Component; @ 24

Internal exceptions (10 events):
Event: 0.442 Thread 0x000000000085e000 Exception <a 'java/io/FileNotFoundException'> (0x00000000d618ea20) thrown at [C:\re\workspace\8-2-build-windows-amd64-cygwin\jdk8u111\7883\hotspot\src\share\vm\prims\jni.cpp, line 709]
Event: 0.442 Thread 0x000000000085e000 Exception <a 'java/io/FileNotFoundException'> (0x00000000d61903d8) thrown at [C:\re\workspace\8-2-build-windows-amd64-cygwin\jdk8u111\7883\hotspot\src\share\vm\prims\jni.cpp, line 709]
Event: 0.442 Thread 0x000000000085e000 Exception <a 'java/io/FileNotFoundException'> (0x00000000d61932a8) thrown at [C:\re\workspace\8-2-build-windows-amd64-cygwin\jdk8u111\7883\hotspot\src\share\vm\prims\jni.cpp, line 709]
Event: 0.444 Thread 0x000000000085e000 Exception <a 'java/io/FileNotFoundException'> (0x00000000d619d280) thrown at [C:\re\workspace\8-2-build-windows-amd64-cygwin\jdk8u111\7883\hotspot\src\share\vm\prims\jni.cpp, line 709]
Event: 0.444 Thread 0x000000000085e000 Exception <a 'java/io/FileNotFoundException'> (0x00000000d619ec28) thrown at [C:\re\workspace\8-2-build-windows-amd64-cygwin\jdk8u111\7883\hotspot\src\share\vm\prims\jni.cpp, line 709]
Event: 0.445 Thread 0x000000000085e000 Exception <a 'java/io/FileNotFoundException'> (0x00000000d61a2b20) thrown at [C:\re\workspace\8-2-build-windows-amd64-cygwin\jdk8u111\7883\hotspot\src\share\vm\prims\jni.cpp, line 709]
Event: 0.445 Thread 0x000000000085e000 Exception <a 'java/io/FileNotFoundException'> (0x00000000d61a5b70) thrown at [C:\re\workspace\8-2-build-windows-amd64-cygwin\jdk8u111\7883\hotspot\src\share\vm\prims\jni.cpp, line 709]
Event: 11.144 Thread 0x0000000019451800 Implicit null exception at 0x0000000002c8b51a to 0x0000000002c8b825
Event: 11.156 Thread 0x0000000019451800 Implicit null exception at 0x0000000002f25f37 to 0x0000000002f2965d
Event: 13.196 Thread 0x0000000019451800 Implicit null exception at 0x0000000002af583a to 0x0000000002af66e9

Events (10 events):
Event: 516.753 Thread 0x000000001729f800 flushing nmethod 0x0000000002a298d0
Event: 516.753 Thread 0x000000001729f800 flushing nmethod 0x0000000002a49890
Event: 2945.372 Thread 0x00000000172a5000 flushing nmethod 0x0000000002a62050
Event: 2945.372 Thread 0x00000000172a5000 flushing nmethod 0x0000000002a65bd0
Event: 2945.372 Thread 0x00000000172a5000 flushing nmethod 0x0000000002ab13d0
Event: 2996.755 Thread 0x00000000172a5000 flushing nmethod 0x0000000002b0cd50
Event: 3048.139 Thread 0x00000000172a5000 flushing nmethod 0x0000000002ba16d0
Event: 5000.835 Thread 0x00000000172a2000 flushing nmethod 0x0000000002c06a10
Event: 5411.908 Thread 0x00000000194c1000 DEOPT PACKING pc=0x0000000002ff946c sp=0x000000001ff7f390
Event: 5411.908 Thread 0x00000000194c1000 DEOPT UNPACKING pc=0x000000000274787f sp=0x000000001ff7f198 mode 0


Dynamic libraries:
0x00007ff741210000 - 0x00007ff741247000 	C:\Program Files\Java\jdk1.8.0_111\bin\java.exe
0x00007ffaaac60000 - 0x00007ffaaae4d000 	C:\WINDOWS\SYSTEM32\ntdll.dll
0x00007ffaaa820000 - 0x00007ffaaa8d3000 	C:\WINDOWS\System32\KERNEL32.DLL
0x00007ffaa76c0000 - 0x00007ffaa7953000 	C:\WINDOWS\System32\KERNELBASE.dll
0x00007ffaa86c0000 - 0x00007ffaa8763000 	C:\WINDOWS\System32\ADVAPI32.dll
0x00007ffaaa770000 - 0x00007ffaaa80e000 	C:\WINDOWS\System32\msvcrt.dll
0x00007ffaa8770000 - 0x00007ffaa880e000 	C:\WINDOWS\System32\sechost.dll
0x00007ffaaa640000 - 0x00007ffaaa762000 	C:\WINDOWS\System32\RPCRT4.dll
0x00007ffaa8150000 - 0x00007ffaa82e7000 	C:\WINDOWS\System32\USER32.dll
0x00007ffaa7b30000 - 0x00007ffaa7b50000 	C:\WINDOWS\System32\win32u.dll
0x00007ffaa8a20000 - 0x00007ffaa8a49000 	C:\WINDOWS\System32\GDI32.dll
0x00007ffaa7b50000 - 0x00007ffaa7cea000 	C:\WINDOWS\System32\gdi32full.dll
0x00007ffaa7cf0000 - 0x00007ffaa7d90000 	C:\WINDOWS\System32\msvcp_win.dll
0x00007ffaa7d90000 - 0x00007ffaa7e8a000 	C:\WINDOWS\System32\ucrtbase.dll
0x00007ffa8eea0000 - 0x00007ffa8f119000 	C:\WINDOWS\WinSxS\amd64_microsoft.windows.common-controls_6595b64144ccf1df_6.0.17763.557_none_05b63f68071e5b9f\COMCTL32.dll
0x00007ffaa8320000 - 0x00007ffaa864c000 	C:\WINDOWS\System32\combase.dll
0x00007ffaa7a40000 - 0x00007ffaa7abe000 	C:\WINDOWS\System32\bcryptPrimitives.dll
0x00007ffaa82f0000 - 0x00007ffaa831e000 	C:\WINDOWS\System32\IMM32.DLL
0x0000000069c50000 - 0x0000000069d22000 	C:\Program Files\Java\jdk1.8.0_111\jre\bin\msvcr100.dll
0x0000000069d30000 - 0x000000006a5ca000 	C:\Program Files\Java\jdk1.8.0_111\jre\bin\server\jvm.dll
0x00007ffaa8650000 - 0x00007ffaa8658000 	C:\WINDOWS\System32\PSAPI.DLL
0x00007ffa9e8f0000 - 0x00007ffa9e8fa000 	C:\WINDOWS\SYSTEM32\VERSION.dll
0x00007ffa8ddd0000 - 0x00007ffa8ddf4000 	C:\WINDOWS\SYSTEM32\WINMM.dll
0x00007ffaa4fd0000 - 0x00007ffaa4fd9000 	C:\WINDOWS\SYSTEM32\WSOCK32.dll
0x00007ffaa8a50000 - 0x00007ffaa8abd000 	C:\WINDOWS\System32\WS2_32.dll
0x00007ffa8dda0000 - 0x00007ffa8ddcd000 	C:\WINDOWS\SYSTEM32\WINMMBASE.dll
0x00007ffaa7ac0000 - 0x00007ffaa7b0a000 	C:\WINDOWS\System32\cfgmgr32.dll
0x0000000069c00000 - 0x0000000069c0f000 	C:\Program Files\Java\jdk1.8.0_111\jre\bin\verify.dll
0x0000000069bd0000 - 0x0000000069bf9000 	C:\Program Files\Java\jdk1.8.0_111\jre\bin\java.dll
0x0000000069bb0000 - 0x0000000069bc6000 	C:\Program Files\Java\jdk1.8.0_111\jre\bin\zip.dll
0x00007ffaa9150000 - 0x00007ffaaa640000 	C:\WINDOWS\System32\SHELL32.dll
0x00007ffaaaab0000 - 0x00007ffaaab58000 	C:\WINDOWS\System32\shcore.dll
0x00007ffaa6f70000 - 0x00007ffaa76ba000 	C:\WINDOWS\System32\windows.storage.dll
0x00007ffaa6ca0000 - 0x00007ffaa6cc4000 	C:\WINDOWS\System32\profapi.dll
0x00007ffaa6cd0000 - 0x00007ffaa6d2d000 	C:\WINDOWS\System32\powrprof.dll
0x00007ffaa89c0000 - 0x00007ffaa8a12000 	C:\WINDOWS\System32\shlwapi.dll
0x00007ffaa6c80000 - 0x00007ffaa6c91000 	C:\WINDOWS\System32\kernel.appcore.dll
0x00007ffaa7b10000 - 0x00007ffaa7b27000 	C:\WINDOWS\System32\cryptsp.dll
0x00000000699d0000 - 0x0000000069b68000 	C:\Program Files\Java\jdk1.8.0_111\jre\bin\awt.dll
0x00007ffaa8000000 - 0x00007ffaa80c4000 	C:\WINDOWS\System32\OLEAUT32.dll
0x00007ffaa5040000 - 0x00007ffaa50cc000 	C:\WINDOWS\SYSTEM32\apphelp.dll
0x00007ffaa5260000 - 0x00007ffaa52fc000 	C:\WINDOWS\system32\uxtheme.dll
0x00007ffaa7e90000 - 0x00007ffaa7ffb000 	C:\WINDOWS\System32\MSCTF.dll
0x00007ffaa5370000 - 0x00007ffaa539e000 	C:\WINDOWS\system32\dwmapi.dll
0x00007ffaa6d90000 - 0x00007ffaa6f6b000 	C:\WINDOWS\System32\CRYPT32.dll
0x00007ffaa6c60000 - 0x00007ffaa6c72000 	C:\WINDOWS\System32\MSASN1.dll
0x00007ffaaa8f0000 - 0x00007ffaaaa45000 	C:\WINDOWS\System32\ole32.dll
0x0000000069980000 - 0x00000000699c7000 	C:\Program Files\Java\jdk1.8.0_111\jre\bin\fontmanager.dll
0x00007ffa84fd0000 - 0x00007ffa8516e000 	C:\WINDOWS\system32\d3d9.dll
0x00007ffa8c5c0000 - 0x00007ffa8c79a000 	C:\WINDOWS\System32\DriverStore\FileRepository\c0331834.inf_amd64_598c38be6d6a3fce\B331820\aticfx64.dll
0x00007ffa90190000 - 0x00007ffa901c0000 	C:\WINDOWS\System32\DriverStore\FileRepository\c0331834.inf_amd64_598c38be6d6a3fce\B331820\atiu9p64.dll
0x00007ffa676b0000 - 0x00007ffa6832b000 	C:\WINDOWS\System32\DriverStore\FileRepository\c0331834.inf_amd64_598c38be6d6a3fce\B331820\atiumd64.dll
0x000000006b680000 - 0x000000006c32d000 	C:\WINDOWS\System32\DriverStore\FileRepository\c0331834.inf_amd64_598c38be6d6a3fce\B331820\atiumd6a.dll
0x0000000069b90000 - 0x0000000069baa000 	C:\Program Files\Java\jdk1.8.0_111\jre\bin\net.dll
0x00007ffaa6480000 - 0x00007ffaa64e7000 	C:\WINDOWS\system32\mswsock.dll
0x0000000069b70000 - 0x0000000069b81000 	C:\Program Files\Java\jdk1.8.0_111\jre\bin\nio.dll
0x0000000069930000 - 0x0000000069972000 	C:\Program Files\Java\jdk1.8.0_111\jre\bin\t2k.dll
0x00007ffa8aeb0000 - 0x00007ffa8af45000 	C:\WINDOWS\System32\TextInputFramework.dll
0x00007ffa8cee0000 - 0x00007ffa8d202000 	C:\WINDOWS\System32\CoreUIComponents.dll
0x00007ffaa4e30000 - 0x00007ffaa4f12000 	C:\WINDOWS\System32\CoreMessaging.dll
0x00007ffaa5d20000 - 0x00007ffaa5d51000 	C:\WINDOWS\SYSTEM32\ntmarta.dll
0x00007ffaa3350000 - 0x00007ffaa34a3000 	C:\WINDOWS\SYSTEM32\wintypes.dll
0x00000000698f0000 - 0x000000006991a000 	C:\Program Files\Java\jdk1.8.0_111\jre\bin\dcpr.dll
0x00007ffaaab80000 - 0x00007ffaaac22000 	C:\WINDOWS\System32\clbcatq.dll
0x00007ffa8dfb0000 - 0x00007ffa8e168000 	C:\WINDOWS\SYSTEM32\WindowsCodecs.dll
0x00007ffa89eb0000 - 0x00007ffa89f06000 	C:\WINDOWS\system32\dataexchange.dll
0x00007ffaa4670000 - 0x00007ffaa48ee000 	C:\WINDOWS\system32\d3d11.dll
0x00007ffaa3ee0000 - 0x00007ffaa40a3000 	C:\WINDOWS\system32\dcomp.dll
0x00007ffaa59e0000 - 0x00007ffaa5aa2000 	C:\WINDOWS\system32\dxgi.dll
0x00007ffaa53a0000 - 0x00007ffaa55ad000 	C:\WINDOWS\system32\twinapi.appcore.dll
0x00007ffaa5660000 - 0x00007ffaa5688000 	C:\WINDOWS\system32\RMCLIENT.dll
0x00007ffaa6220000 - 0x00007ffaa62e6000 	C:\WINDOWS\SYSTEM32\DNSAPI.dll
0x00007ffaaa8e0000 - 0x00007ffaaa8e8000 	C:\WINDOWS\System32\NSI.dll
0x00007ffaa61e0000 - 0x00007ffaa621d000 	C:\WINDOWS\SYSTEM32\IPHLPAPI.DLL
0x00007ffaa1db0000 - 0x00007ffaa1dba000 	C:\Windows\System32\rasadhlp.dll
0x00007ffaa26f0000 - 0x00007ffaa2769000 	C:\WINDOWS\System32\fwpuclnt.dll
0x00007ffaa7960000 - 0x00007ffaa7986000 	C:\WINDOWS\System32\bcrypt.dll

VM Arguments:
jvm_args: -Dfile.encoding=UTF-8 
java_command: screen
java_class_path (initial): C:\Users\mahes\Documents\NetBeansProjects\angsur\lib\absolutelayout-2\AbsoluteLayout.jar;C:\Users\mahes\Documents\NetBeansProjects\angsur\lib\MySQLDriver-2\mysql-connector-java-5.1.23-bin.jar;C:\Users\mahes\Documents\NetBeansProjects\angsur\lib\DateChooser.jar;C:\Users\mahes\Documents\NetBeansProjects\angsur\lib\jcalendar-1.4.jar;C:\Users\mahes\Documents\NetBeansProjects\angsur\lib\commons-beanutils-1.8.2.jar;C:\Users\mahes\Documents\NetBeansProjects\angsur\lib\commons-collections-3.2.1.jar;C:\Users\mahes\Documents\NetBeansProjects\angsur\lib\commons-digester-2.1.jar;C:\Users\mahes\Documents\NetBeansProjects\angsur\lib\commons-javaflow-20060411.jar;C:\Users\mahes\Documents\NetBeansProjects\angsur\lib\commons-logging-1.1.jar;C:\Users\mahes\Documents\NetBeansProjects\angsur\lib\groovy-all-1.7.5.jar;C:\Users\mahes\Documents\NetBeansProjects\angsur\lib\jasperreports-5.0.0.jar;C:\Users\mahes\Documents\NetBeansProjects\angsur\build\classes
Launcher Type: SUN_STANDARD

Environment Variables:
JAVA_HOME=C:\Program Files\Java\jdk-10.0.2
PATH=C:\Program Files (x86)\Common Files\Intel\Shared Libraries\redist\intel64\compiler;C:\Program Files (x86)\Common Files\Oracle\Java\javapath;C:\WINDOWS\system32;C:\WINDOWS;C:\WINDOWS\System32\Wbem;C:\WINDOWS\System32\WindowsPowerShell\v1.0\;C:\WINDOWS\System32\OpenSSH\;";C:\Python27\";C:\Program Files\Git\cmd;C:\Program Files\nodejs\;C:\Program Files\Java\jdk1.8.0_111;C:\Users\mahes\AppData\Local\Android\Sdk\platforms;C:\Users\mahes\AppData\Local\Android\Sdk\platform-tools;C:\Users\mahes\AppData\Local\Android\Sdk\skins\pixel_2_xl;C:\Program Files\Android\Android Studio;C:\Program Files\Java\jdk1.8.0_111bin;C:\xampp\php;C:\composer;C:\Program Files\Java\jdk1.8.0_111\bin;C:\Users\mahes\AppData\Local\Programs\Microsoft VS Code\bin;C:\Users\mahes\AppData\Local\Microsoft\WindowsApps;C:\Users\mahes\AppData\Roaming\npm;C:\Users\mahes\AppData\Roaming\Composer\vendor\bin
USERNAME=mahes
OS=Windows_NT
PROCESSOR_IDENTIFIER=Intel64 Family 6 Model 158 Stepping 9, GenuineIntel



---------------  S Y S T E M  ---------------

OS: Windows 10.0 , 64 bit Build 17763 (10.0.17763.475)

CPU:total 4 (2 cores per cpu, 2 threads per core) family 6 model 158 stepping 9, cmov, cx8, fxsr, mmx, sse, sse2, sse3, ssse3, sse4.1, sse4.2, popcnt, avx, avx2, aes, clmul, erms, 3dnowpref, lzcnt, ht, tsc, tscinvbit, bmi1, bmi2, adx

Memory: 4k page, physical 8324696k(1442048k free), swap 33490520k(3564k free)

vm_info: Java HotSpot(TM) 64-Bit Server VM (25.111-b14) for windows-amd64 JRE (1.8.0_111-b14), built on Sep 22 2016 19:24:05 by "java_re" with MS VC++ 10.0 (VS2010)

time: Sat Jun 22 22:07:44 2019
elapsed time: 5463 seconds (0d 1h 31m 3s)

