#
# A fatal error has been detected by the Java Runtime Environment:
#
#  SIGSEGV (0xb) at pc=0x00007f009906973a, pid=3760, tid=0x00007f006dd8c700
#
# JRE version: Java(TM) SE Runtime Environment (8.0_111-b14) (build 1.8.0_111-b14)
# Java VM: Java HotSpot(TM) 64-Bit Server VM (25.111-b14 mixed mode linux-amd64 compressed oops)
# Problematic frame:
# v  ~BufferBlob::jni_fast_GetLongField
#
# Failed to write core dump. Core dumps have been disabled. To enable core dumping, try "ulimit -c unlimited" before starting Java again
#
# If you would like to submit a bug report, please visit:
#   http://bugreport.java.com/bugreport/crash.jsp
# The crash happened outside the Java Virtual Machine in native code.
# See problematic frame for where to report the bug.
#

---------------  T H R E A D  ---------------

Current thread (0x00007f00a83d7800):  JavaThread "AWT-XAWT" daemon [_thread_in_native, id=3777, stack(0x00007f006dc8c000,0x00007f006dd8d000)]

siginfo: si_signo: 11 (SIGSEGV), si_code: 1 (SEGV_MAPERR), si_addr: 0x0000000000000000

Registers:
RAX=0x00007f00aee53520, RBX=0x00007f00a83d79f8, RCX=0x00007f00af8e4320, RDX=0x0000000000000042
RSP=0x00007f006dd8b658, RBP=0x00007f006dd8b680, RSI=0x0000000000000000, RDI=0x00007f00a83d79f8
R8 =0x00007f00940b1ab0, R9 =0x0000000000000000, R10=0x00000000000001fa, R11=0x00007f009971bbd8
R12=0x0000000000000000, R13=0x0000000000000000, R14=0x00007f00948147e0, R15=0x00007f00a83d7800
RIP=0x00007f009906973a, EFLAGS=0x0000000000010246, CSGSFS=0x002b000000000033, ERR=0x0000000000000004
  TRAPNO=0x000000000000000e

Top of Stack: (sp=0x00007f006dd8b658)
0x00007f006dd8b658:   00007f00945f2ee1 00007f0096e3b320
0x00007f006dd8b668:   0000000000000000 00007f006dd8b730
0x00007f006dd8b678:   00007f006dd8b700 0000000002287470
0x00007f006dd8b688:   00007f00940b9c4d 00007f0096e3b320
0x00007f006dd8b698:   00007f006dd8b6c0 0000000000000000
0x00007f006dd8b6a8:   00007f00940b1ad3 00007f006dd8b730
0x00007f006dd8b6b8:   00007f00945ec11f 00007f006dd8b710
0x00007f006dd8b6c8:   00007f009971bc76 0000000000000000
0x00007f006dd8b6d8:   00007f0099446376 00007f006dd8b730
0x00007f006dd8b6e8:   00007f009911f1ac 00000000c3b62418
0x00007f006dd8b6f8:   00000000c3aeb0c8 00000000c3a00808
0x00007f006dd8b708:   0000000000000001 00007f006dd8b790
0x00007f006dd8b718:   00007f0099007a90 00007f006dd8b790
0x00007f006dd8b728:   00007f0099007a90 0000000000000000
0x00007f006dd8b738:   00007f0099007dd0 00007f005c0030a0
0x00007f006dd8b748:   00000000c3b62418 00007f006dd8b750
0x00007f006dd8b758:   00007f0096e1b87c 00007f006dd8b7d8
0x00007f006dd8b768:   00007f0096e24818 0000000000000000
0x00007f006dd8b778:   00007f0096e1b9b8 00007f006dd8b730
0x00007f006dd8b788:   00007f006dd8b7d0 00007f006dd8b820
0x00007f006dd8b798:   00007f00990082bd 0000000000000000
0x00007f006dd8b7a8:   00000000ebe114a0 00000000c3ed86c0
0x00007f006dd8b7b8:   0000000000000000 0000000000000000
0x00007f006dd8b7c8:   00000000c3b62418 0000000000000000
0x00007f006dd8b7d8:   00000000ecdc2ec0 00007f006dd8b7e0
0x00007f006dd8b7e8:   00007f0096e1b6bd 00007f006dd8b830
0x00007f006dd8b7f8:   00007f0096e24818 0000000000000000
0x00007f006dd8b808:   00007f0096e1b6c8 00007f006dd8b7d0
0x00007f006dd8b818:   00007f006dd8b830 00007f006dd8b878
0x00007f006dd8b828:   00007f0099008302 00000000ecdc2ec0
0x00007f006dd8b838:   00007f006dd8b838 00007f009681a94b
0x00007f006dd8b848:   00007f006dd8b888 00007f00968a1fd0 

Instructions: (pc=0x00007f009906973a)
0x00007f009906971a:   00 00 00 00 00 00 44 8b 15 61 98 e2 15 4c 8b ce
0x00007f009906972a:   41 f6 c2 01 0f 85 2e 00 00 00 4d 33 ca 4d 33 ca
0x00007f009906973a:   4d 8b 09 4c 8b da 49 c1 eb 02 4b 8b 04 19 49 bb
0x00007f009906974a:   88 2f e9 ae 00 7f 00 00 4c 33 d8 4c 33 d8 45 3b 

Register to memory mapping:

RAX=0x00007f00aee53520: <offset 0xf84520> in /home/hesa/jdk1.8.0_111/jre/lib/amd64/server/libjvm.so at 0x00007f00adecf000
RBX=0x00007f00a83d79f8 is an unknown value
RCX=0x00007f00af8e4320: <offset 0x21a320> in /lib/x86_64-linux-gnu/libpthread.so.0 at 0x00007f00af6ca000
RDX=0x0000000000000042 is an unknown value
RSP=0x00007f006dd8b658 is pointing into the stack for thread: 0x00007f00a83d7800
RBP=0x00007f006dd8b680 is pointing into the stack for thread: 0x00007f00a83d7800
RSI=0x0000000000000000 is an unknown value
RDI=0x00007f00a83d79f8 is an unknown value
R8 =0x00007f00940b1ab0: <offset 0x5cab0> in /usr/lib/x86_64-linux-gnu/libX11.so.6 at 0x00007f0094055000
R9 =0x0000000000000000 is an unknown value
R10=0x00000000000001fa is an unknown value
R11=0x00007f009971bbd8 is at entry_point+24 in (nmethod*)0x00007f009971ba50
R12=0x0000000000000000 is an unknown value
R13=0x0000000000000000 is an unknown value
R14=0x00007f00948147e0: <offset 0x2587e0> in /home/hesa/jdk1.8.0_111/jre/lib/amd64/libawt_xawt.so at 0x00007f00945bc000
R15=0x00007f00a83d7800 is a thread


Stack: [0x00007f006dc8c000,0x00007f006dd8d000],  sp=0x00007f006dd8b658,  free space=1021k
Native frames: (J=compiled Java code, j=interpreted, Vv=VM code, C=native code)
v  ~BufferBlob::jni_fast_GetLongField
C  [libX11.so.6+0x64c4d]  _XimServerDestroy+0x3d

Java frames: (J=compiled Java code, j=interpreted, Vv=VM code)
J 2359  sun.awt.X11.XlibWrapper.XFilterEvent(JJ)Z (0 bytes) @ 0x00007f009971bc04 [0x00007f009971bbc0+0x44]
j  sun.awt.X11.XToolkit.run(Z)V+300
j  sun.awt.X11.XToolkit.run()V+5
j  java.lang.Thread.run()V+11
v  ~StubRoutines::call_stub

---------------  P R O C E S S  ---------------

Java Threads: ( => current thread )
  0x00000000022a9800 JavaThread "TimerQueue" daemon [_thread_blocked, id=3784, stack(0x00007f006cc43000,0x00007f006cd44000)]
  0x00007f00a800b800 JavaThread "DestroyJavaVM" [_thread_blocked, id=3762, stack(0x00007f00af9ef000,0x00007f00afaef000)]
  0x00007f00a8505000 JavaThread "Abandoned connection cleanup thread" daemon [_thread_blocked, id=3782, stack(0x00007f006c849000,0x00007f006c94a000)]
  0x00007f00a840f800 JavaThread "AWT-EventQueue-0" [_thread_blocked, id=3780, stack(0x00007f006d724000,0x00007f006d825000)]
  0x00007f00a840e000 JavaThread "AWT-Shutdown" [_thread_blocked, id=3779, stack(0x00007f006d88a000,0x00007f006d98b000)]
=>0x00007f00a83d7800 JavaThread "AWT-XAWT" daemon [_thread_in_native, id=3777, stack(0x00007f006dc8c000,0x00007f006dd8d000)]
  0x00007f00a82e9800 JavaThread "Java2D Disposer" daemon [_thread_blocked, id=3776, stack(0x00007f006ec07000,0x00007f006ed08000)]
  0x00007f00a80bc800 JavaThread "Service Thread" daemon [_thread_blocked, id=3774, stack(0x00007f0094cf4000,0x00007f0094df5000)]
  0x00007f00a80ba000 JavaThread "C1 CompilerThread1" daemon [_thread_blocked, id=3773, stack(0x00007f0094df6000,0x00007f0094ef6000)]
  0x00007f00a80b7000 JavaThread "C2 CompilerThread0" daemon [_thread_blocked, id=3772, stack(0x00007f0094ef7000,0x00007f0094ff7000)]
  0x00007f00a80b5800 JavaThread "Signal Dispatcher" daemon [_thread_blocked, id=3771, stack(0x00007f0094ff7000,0x00007f00950f8000)]
  0x00007f00a8081800 JavaThread "Finalizer" daemon [_thread_blocked, id=3770, stack(0x00007f0095ac8000,0x00007f0095bc9000)]
  0x00007f00a807d000 JavaThread "Reference Handler" daemon [_thread_blocked, id=3769, stack(0x00007f0095bc9000,0x00007f0095cca000)]

Other Threads:
  0x00007f00a8075800 VMThread [stack: 0x00007f0095ccb000,0x00007f0095dcb000] [id=3768]
  0x00007f00a80c0000 WatcherThread [stack: 0x00007f0094bf4000,0x00007f0094cf4000] [id=3775]

VM state:not at safepoint (normal execution)

VM Mutex/Monitor currently owned by a thread: None

Heap:
 PSYoungGen      total 18432K, used 3502K [0x00000000ebe00000, 0x00000000ed280000, 0x0000000100000000)
  eden space 15872K, 6% used [0x00000000ebe00000,0x00000000ebef28b8,0x00000000ecd80000)
  from space 2560K, 98% used [0x00000000ecd80000,0x00000000ecff9050,0x00000000ed000000)
  to   space 2560K, 0% used [0x00000000ed000000,0x00000000ed000000,0x00000000ed280000)
 ParOldGen       total 42496K, used 5042K [0x00000000c3a00000, 0x00000000c6380000, 0x00000000ebe00000)
  object space 42496K, 11% used [0x00000000c3a00000,0x00000000c3eecbd8,0x00000000c6380000)
 Metaspace       used 20374K, capacity 20542K, committed 20992K, reserved 1067008K
  class space    used 2371K, capacity 2447K, committed 2560K, reserved 1048576K

Card table byte_map: [0x00007f00ac4ee000,0x00007f00ac6d2000] byte_map_base: 0x00007f00abed1000

Marking Bits: (ParMarkBitMap*) 0x00007f00aee92220
 Begin Bits: [0x00007f00971d0000, 0x00007f00980e8000)
 End Bits:   [0x00007f00980e8000, 0x00007f0099000000)

Polling page: 0x00007f00afb0d000

CodeCache: size=245760Kb used=10270Kb max_used=10282Kb free=235489Kb
 bounds [0x00007f0099000000, 0x00007f0099a20000, 0x00007f00a8000000]
 total_blobs=3757 nmethods=3107 adapters=562
 compilation: enabled

Compilation events (10 events):
Event: 1505,126 Thread 0x00007f00a80ba000 3436   !   3       sun.awt.X11.XToolkit$1::dispatchEvent (34 bytes)
Event: 1505,138 Thread 0x00007f00a80ba000 nmethod 3436 0x00007f0099a0ee10 code [0x00007f0099a0f060, 0x00007f0099a0fe78]
Event: 1513,575 Thread 0x00007f00a80ba000 3437       3       java.util.Vector::<init> (53 bytes)
Event: 1513,576 Thread 0x00007f00a80ba000 nmethod 3437 0x00007f0099a0aa90 code [0x00007f0099a0ac40, 0x00007f0099a0b0f8]
Event: 1872,282 Thread 0x00007f00a80ba000 3438       3       sun.awt.X11.XMSelection$1::dispatchEvent (10 bytes)
Event: 1872,283 Thread 0x00007f00a80ba000 nmethod 3438 0x00007f0099a10550 code [0x00007f0099a10700, 0x00007f0099a10b58]
Event: 1872,284 Thread 0x00007f00a80ba000 3439       3       sun.awt.X11.XMSelection::processRootEvent (32 bytes)
Event: 1872,284 Thread 0x00007f00a80ba000 nmethod 3439 0x00007f0099a10e50 code [0x00007f0099a11000, 0x00007f0099a113d8]
Event: 2146,961 Thread 0x00007f00a80b7000 3440       4       sun.awt.X11.XEvent::get_xany (22 bytes)
Event: 2146,968 Thread 0x00007f00a80b7000 nmethod 3440 0x00007f0099a14590 code [0x00007f0099a14720, 0x00007f0099a14a58]

GC Heap History (6 events):
Event: 2,699 GC heap before
{Heap before GC invocations=1 (full 0):
 PSYoungGen      total 18432K, used 15872K [0x00000000ebe00000, 0x00000000ed280000, 0x0000000100000000)
  eden space 15872K, 100% used [0x00000000ebe00000,0x00000000ecd80000,0x00000000ecd80000)
  from space 2560K, 0% used [0x00000000ed000000,0x00000000ed000000,0x00000000ed280000)
  to   space 2560K, 0% used [0x00000000ecd80000,0x00000000ecd80000,0x00000000ed000000)
 ParOldGen       total 42496K, used 0K [0x00000000c3a00000, 0x00000000c6380000, 0x00000000ebe00000)
  object space 42496K, 0% used [0x00000000c3a00000,0x00000000c3a00000,0x00000000c6380000)
 Metaspace       used 15030K, capacity 15242K, committed 15488K, reserved 1062912K
  class space    used 1797K, capacity 1857K, committed 1920K, reserved 1048576K
Event: 2,719 GC heap after
Heap after GC invocations=1 (full 0):
 PSYoungGen      total 18432K, used 2548K [0x00000000ebe00000, 0x00000000ed280000, 0x0000000100000000)
  eden space 15872K, 0% used [0x00000000ebe00000,0x00000000ebe00000,0x00000000ecd80000)
  from space 2560K, 99% used [0x00000000ecd80000,0x00000000ecffd020,0x00000000ed000000)
  to   space 2560K, 0% used [0x00000000ed000000,0x00000000ed000000,0x00000000ed280000)
 ParOldGen       total 42496K, used 1387K [0x00000000c3a00000, 0x00000000c6380000, 0x00000000ebe00000)
  object space 42496K, 3% used [0x00000000c3a00000,0x00000000c3b5ae28,0x00000000c6380000)
 Metaspace       used 15030K, capacity 15242K, committed 15488K, reserved 1062912K
  class space    used 1797K, capacity 1857K, committed 1920K, reserved 1048576K
}
Event: 40,953 GC heap before
{Heap before GC invocations=2 (full 0):
 PSYoungGen      total 18432K, used 18420K [0x00000000ebe00000, 0x00000000ed280000, 0x0000000100000000)
  eden space 15872K, 100% used [0x00000000ebe00000,0x00000000ecd80000,0x00000000ecd80000)
  from space 2560K, 99% used [0x00000000ecd80000,0x00000000ecffd020,0x00000000ed000000)
  to   space 2560K, 0% used [0x00000000ed000000,0x00000000ed000000,0x00000000ed280000)
 ParOldGen       total 42496K, used 1387K [0x00000000c3a00000, 0x00000000c6380000, 0x00000000ebe00000)
  object space 42496K, 3% used [0x00000000c3a00000,0x00000000c3b5ae28,0x00000000c6380000)
 Metaspace       used 19743K, capacity 19948K, committed 20224K, reserved 1067008K
  class space    used 2353K, capacity 2444K, committed 2560K, reserved 1048576K
Event: 40,977 GC heap after
Heap after GC invocations=2 (full 0):
 PSYoungGen      total 18432K, used 2548K [0x00000000ebe00000, 0x00000000ed280000, 0x0000000100000000)
  eden space 15872K, 0% used [0x00000000ebe00000,0x00000000ebe00000,0x00000000ecd80000)
  from space 2560K, 99% used [0x00000000ed000000,0x00000000ed27d060,0x00000000ed280000)
  to   space 2560K, 0% used [0x00000000ecd80000,0x00000000ecd80000,0x00000000ed000000)
 ParOldGen       total 42496K, used 3747K [0x00000000c3a00000, 0x00000000c6380000, 0x00000000ebe00000)
  object space 42496K, 8% used [0x00000000c3a00000,0x00000000c3da8e10,0x00000000c6380000)
 Metaspace       used 19743K, capacity 19948K, committed 20224K, reserved 1067008K
  class space    used 2353K, capacity 2444K, committed 2560K, reserved 1048576K
}
Event: 235,435 GC heap before
{Heap before GC invocations=3 (full 0):
 PSYoungGen      total 18432K, used 18420K [0x00000000ebe00000, 0x00000000ed280000, 0x0000000100000000)
  eden space 15872K, 100% used [0x00000000ebe00000,0x00000000ecd80000,0x00000000ecd80000)
  from space 2560K, 99% used [0x00000000ed000000,0x00000000ed27d060,0x00000000ed280000)
  to   space 2560K, 0% used [0x00000000ecd80000,0x00000000ecd80000,0x00000000ed000000)
 ParOldGen       total 42496K, used 3747K [0x00000000c3a00000, 0x00000000c6380000, 0x00000000ebe00000)
  object space 42496K, 8% used [0x00000000c3a00000,0x00000000c3da8e10,0x00000000c6380000)
 Metaspace       used 20329K, capacity 20542K, committed 20992K, reserved 1067008K
  class space    used 2370K, capacity 2447K, committed 2560K, reserved 1048576K
Event: 235,465 GC heap after
Heap after GC invocations=3 (full 0):
 PSYoungGen      total 18432K, used 2532K [0x00000000ebe00000, 0x00000000ed280000, 0x0000000100000000)
  eden space 15872K, 0% used [0x00000000ebe00000,0x00000000ebe00000,0x00000000ecd80000)
  from space 2560K, 98% used [0x00000000ecd80000,0x00000000ecff9050,0x00000000ed000000)
  to   space 2560K, 0% used [0x00000000ed000000,0x00000000ed000000,0x00000000ed280000)
 ParOldGen       total 42496K, used 5042K [0x00000000c3a00000, 0x00000000c6380000, 0x00000000ebe00000)
  object space 42496K, 11% used [0x00000000c3a00000,0x00000000c3eecbd8,0x00000000c6380000)
 Metaspace       used 20329K, capacity 20542K, committed 20992K, reserved 1067008K
  class space    used 2370K, capacity 2447K, committed 2560K, reserved 1048576K
}

Deoptimization events (10 events):
Event: 25,509 Thread 0x00007f00a840f800 Uncommon trap: reason=unstable_if action=reinterpret pc=0x00007f0099502ecc method=sun.awt.SunToolkit.isInstanceOf(Ljava/lang/Class;Ljava/lang/String;)Z @ 14
Event: 25,540 Thread 0x00007f00a840f800 Uncommon trap: reason=bimorphic action=maybe_recompile pc=0x00007f009961247c method=java.util.Hashtable.put(Ljava/lang/Object;Ljava/lang/Object;)Ljava/lang/Object; @ 60
Event: 25,541 Thread 0x00007f00a840f800 Uncommon trap: reason=bimorphic action=maybe_recompile pc=0x00007f009961247c method=java.util.Hashtable.put(Ljava/lang/Object;Ljava/lang/Object;)Ljava/lang/Object; @ 60
Event: 25,542 Thread 0x00007f00a840f800 Uncommon trap: reason=bimorphic action=maybe_recompile pc=0x00007f009961247c method=java.util.Hashtable.put(Ljava/lang/Object;Ljava/lang/Object;)Ljava/lang/Object; @ 60
Event: 25,543 Thread 0x00007f00a840f800 Uncommon trap: reason=bimorphic action=maybe_recompile pc=0x00007f009961247c method=java.util.Hashtable.put(Ljava/lang/Object;Ljava/lang/Object;)Ljava/lang/Object; @ 60
Event: 25,632 Thread 0x00007f00a840f800 Uncommon trap: reason=unstable_if action=reinterpret pc=0x00007f0099625a64 method=java.util.concurrent.ConcurrentLinkedQueue.poll()Ljava/lang/Object; @ 41
Event: 25,965 Thread 0x00007f00a840f800 Uncommon trap: reason=unstable_if action=reinterpret pc=0x00007f00996c2a8c method=java.awt.Font.equals(Ljava/lang/Object;)Z @ 83
Event: 26,079 Thread 0x00007f00a840f800 Uncommon trap: reason=class_check action=maybe_recompile pc=0x00007f00996c422c method=javax.swing.UIDefaults.getFromHashtable(Ljava/lang/Object;)Ljava/lang/Object; @ 92
Event: 87,439 Thread 0x00007f00a840f800 Uncommon trap: reason=class_check action=maybe_recompile pc=0x00007f00996c422c method=javax.swing.UIDefaults.getFromHashtable(Ljava/lang/Object;)Ljava/lang/Object; @ 92
Event: 103,619 Thread 0x00007f00a840f800 Uncommon trap: reason=null_check action=make_not_entrant pc=0x00007f00999a0594 method=javax.swing.plaf.nimbus.NimbusDefaults$LazyStyle.matches(Ljava/awt/Component;I)Z @ 39

Internal exceptions (10 events):
Event: 2,295 Thread 0x00007f00a840f800 Exception <a 'java/lang/UnsupportedOperationException': > (0x00000000ec418750) thrown at [/HUDSON3/workspace/8-2-build-linux-amd64/jdk8u111/7883/hotspot/src/share/vm/prims/jni.cpp, line 735]
Event: 7,848 Thread 0x00007f00a840f800 Exception <a 'java/lang/UnsupportedOperationException': > (0x00000000ec39bb18) thrown at [/HUDSON3/workspace/8-2-build-linux-amd64/jdk8u111/7883/hotspot/src/share/vm/prims/jni.cpp, line 735]
Event: 15,909 Thread 0x00007f00a840f800 Implicit null exception at 0x00007f00994349b2 to 0x00007f0099434b65
Event: 16,427 Thread 0x00007f00a840f800 Exception <a 'java/lang/UnsupportedOperationException': > (0x00000000ec5d5d10) thrown at [/HUDSON3/workspace/8-2-build-linux-amd64/jdk8u111/7883/hotspot/src/share/vm/prims/jni.cpp, line 735]
Event: 26,835 Thread 0x00007f00a840f800 Exception <a 'java/lang/UnsupportedOperationException': > (0x00000000ecbf7eb0) thrown at [/HUDSON3/workspace/8-2-build-linux-amd64/jdk8u111/7883/hotspot/src/share/vm/prims/jni.cpp, line 735]
Event: 69,976 Thread 0x00007f00a840f800 Exception <a 'java/lang/UnsupportedOperationException': > (0x00000000ec0654f0) thrown at [/HUDSON3/workspace/8-2-build-linux-amd64/jdk8u111/7883/hotspot/src/share/vm/prims/jni.cpp, line 735]
Event: 88,221 Thread 0x00007f00a840f800 Exception <a 'java/lang/UnsupportedOperationException': > (0x00000000ec5272d0) thrown at [/HUDSON3/workspace/8-2-build-linux-amd64/jdk8u111/7883/hotspot/src/share/vm/prims/jni.cpp, line 735]
Event: 103,619 Thread 0x00007f00a840f800 Implicit null exception at 0x00007f009999cdb0 to 0x00007f00999a0571
Event: 104,051 Thread 0x00007f00a840f800 Exception <a 'java/lang/UnsupportedOperationException': > (0x00000000ec8c34e8) thrown at [/HUDSON3/workspace/8-2-build-linux-amd64/jdk8u111/7883/hotspot/src/share/vm/prims/jni.cpp, line 735]
Event: 235,823 Thread 0x00007f00a840f800 Exception <a 'java/lang/UnsupportedOperationException': > (0x00000000ebe6f4a8) thrown at [/HUDSON3/workspace/8-2-build-linux-amd64/jdk8u111/7883/hotspot/src/share/vm/prims/jni.cpp, line 735]

Events (10 events):
Event: 235,508 Executing VM operation: RevokeBias
Event: 235,508 Executing VM operation: RevokeBias done
Event: 235,643 Executing VM operation: RevokeBias
Event: 235,644 Executing VM operation: RevokeBias done
Event: 1425,657 Thread 0x00007f00a80ba000 flushing nmethod 0x00007f00995b1cd0
Event: 1505,138 Thread 0x00007f00a80ba000 flushing nmethod 0x00007f00996e7ad0
Event: 1896,333 loading class sun/awt/X11/XkbEvent
Event: 1896,387 loading class sun/awt/X11/XkbEvent done
Event: 1896,387 loading class sun/awt/X11/XkbAnyEvent
Event: 1896,388 loading class sun/awt/X11/XkbAnyEvent done


Dynamic libraries:
00400000-00401000 r-xp 00000000 fd:01 661305                             /home/hesa/jdk1.8.0_111/bin/java
00600000-00601000 rw-p 00000000 fd:01 661305                             /home/hesa/jdk1.8.0_111/bin/java
02273000-024c9000 rw-p 00000000 00:00 0                                  [heap]
c3a00000-c6380000 rw-p 00000000 00:00 0 
c6380000-ebe00000 ---p 00000000 00:00 0 
ebe00000-ed280000 rw-p 00000000 00:00 0 
ed280000-100000000 ---p 00000000 00:00 0 
100000000-100280000 rw-p 00000000 00:00 0 
100280000-140000000 ---p 00000000 00:00 0 
7f0054000000-7f005404b000 rw-p 00000000 00:00 0 
7f005404b000-7f0058000000 ---p 00000000 00:00 0 
7f0058000000-7f0058021000 rw-p 00000000 00:00 0 
7f0058021000-7f005c000000 ---p 00000000 00:00 0 
7f005c000000-7f005c02f000 rw-p 00000000 00:00 0 
7f005c02f000-7f0060000000 ---p 00000000 00:00 0 
7f0060fff000-7f0064000000 rw-p 00000000 00:00 0 
7f0064000000-7f0064046000 rw-p 00000000 00:00 0 
7f0064046000-7f0068000000 ---p 00000000 00:00 0 
7f0068000000-7f0068021000 rw-p 00000000 00:00 0 
7f0068021000-7f006c000000 ---p 00000000 00:00 0 
7f006c348000-7f006c548000 rw-p 00000000 00:00 0 
7f006c548000-7f006c54b000 ---p 00000000 00:00 0 
7f006c54b000-7f006c849000 rw-p 00000000 00:00 0 
7f006c849000-7f006c84c000 ---p 00000000 00:00 0 
7f006c84c000-7f006cb4a000 rw-p 00000000 00:00 0 
7f006cb4a000-7f006cb55000 r--s 00000000 fd:01 13766922                   /var/cache/fontconfig/945677eb7aeaf62f1d50efc3fb3ec7d8-le64.cache-7
7f006cb55000-7f006cb5a000 r--s 00000000 fd:01 13766893                   /var/cache/fontconfig/2300eef321c393bfd76478a5c0e95b23-le64.cache-7
7f006cb5a000-7f006cb5b000 r--s 00000000 fd:01 13766886                   /var/cache/fontconfig/0d8c3b2ac0904cb8a57a757ad11a4a08-le64.cache-7
7f006cb5b000-7f006cb70000 r--s 00000000 fd:01 13766882                   /var/cache/fontconfig/04aabc0a78ac019cf9454389977116d2-le64.cache-7
7f006cb70000-7f006cb71000 r--s 00000000 fd:01 13766890                   /var/cache/fontconfig/1ac9eb803944fde146138c791f5cc56a-le64.cache-7
7f006cb71000-7f006cb72000 r--s 00000000 fd:01 13766941                   /var/cache/fontconfig/dc05db6664285cc2f12bf69c139ae4c3-le64.cache-7
7f006cb72000-7f006cb74000 r--s 00000000 fd:01 13766887                   /var/cache/fontconfig/14a5e22175779b556eaa434240950366-le64.cache-7
7f006cb74000-7f006cb75000 r--s 00000000 fd:01 13766914                   /var/cache/fontconfig/660208299946a285a940457d1287da33-le64.cache-7
7f006cb75000-7f006cb77000 r--s 00000000 fd:01 13766905                   /var/cache/fontconfig/4f3e3037c9980c83b53a9351efadef62-le64.cache-7
7f006cb77000-7f006cb79000 r--s 00000000 fd:01 13766919                   /var/cache/fontconfig/767a8244fc0220cfb567a839d0392e0b-le64.cache-7
7f006cb79000-7f006cb7a000 r--s 00000000 fd:01 13763676                   /var/cache/fontconfig/4794a0821666d79190d59a36cb4f44b5-le64.cache-7
7f006cb7a000-7f006cb7c000 r--s 00000000 fd:01 13763581                   /var/cache/fontconfig/0bd3dc0958fa2205aaaa8ebb13e2872b-le64.cache-7
7f006cb7c000-7f006cb81000 r--s 00000000 fd:01 13766942                   /var/cache/fontconfig/def309198bfa603429122923fa2bb2d4-le64.cache-7
7f006cb81000-7f006cb82000 r--s 00000000 fd:01 13766930                   /var/cache/fontconfig/b872e6e592da6075ffa4ab0a1fcc0c75-le64.cache-7
7f006cb82000-7f006cb83000 r--s 00000000 fd:01 13766947                   /var/cache/fontconfig/f6d4eedfaab2589bde49f7a3ff831d22-le64.cache-7
7f006cb83000-7f006cb84000 r--s 00000000 fd:01 13766912                   /var/cache/fontconfig/589f83ef4c36d296ce6e1c846f468f08-le64.cache-7
7f006cb84000-7f006cb85000 r--s 00000000 fd:01 13766932                   /var/cache/fontconfig/bab58bb527bb656aaa9f116d68a48d89-le64.cache-7
7f006cb85000-7f006cb86000 r--s 00000000 fd:01 13766891                   /var/cache/fontconfig/2171a34dccabdb6bcbbc728186263178-le64.cache-7
7f006cb86000-7f006cb87000 r--s 00000000 fd:01 13766933                   /var/cache/fontconfig/c5c45a61289222e0d30b1a26ef4effbe-le64.cache-7
7f006cb87000-7f006cb88000 r--s 00000000 fd:01 13766928                   /var/cache/fontconfig/aec30016f93e1b46d1a973dce0d74068-le64.cache-7
7f006cb88000-7f006cb89000 r--s 00000000 fd:01 13766898                   /var/cache/fontconfig/3f589640d34b7dc9042c8d453f7c8b9c-le64.cache-7
7f006cb89000-7f006cb8a000 r--s 00000000 fd:01 13766888                   /var/cache/fontconfig/16c2fda60d1b4b719f4b3d06fd951d25-le64.cache-7
7f006cb8a000-7f006cb8b000 r--s 00000000 fd:01 13766927                   /var/cache/fontconfig/a48eab177a16e4f3713381162db2f3e9-le64.cache-7
7f006cb8b000-7f006cb8c000 r--s 00000000 fd:01 13766908                   /var/cache/fontconfig/564b2e68ac9bc4e36a6f7f6d6125ec1c-le64.cache-7
7f006cb8c000-7f006cb91000 r--s 00000000 fd:01 13763665                   /var/cache/fontconfig/9d2451b1fd30e5bffe8383fd27c35478-le64.cache-7
7f006cb91000-7f006cb97000 r--s 00000000 fd:01 13763579                   /var/cache/fontconfig/3047814df9a2f067bd2d96a2b9c36e5a-le64.cache-7
7f006cb97000-7f006cbaa000 r--s 00000000 fd:01 13766938                   /var/cache/fontconfig/d52a8644073d54c13679302ca1180695-le64.cache-7
7f006cc43000-7f006cc46000 ---p 00000000 00:00 0 
7f006cc46000-7f006cd44000 rw-p 00000000 00:00 0 
7f006cd44000-7f006cd6e000 r-xp 00000000 fd:01 661087                     /home/hesa/jdk1.8.0_111/jre/lib/amd64/libdcpr.so
7f006cd6e000-7f006cf6e000 ---p 0002a000 fd:01 661087                     /home/hesa/jdk1.8.0_111/jre/lib/amd64/libdcpr.so
7f006cf6e000-7f006cf71000 rw-p 0002a000 fd:01 661087                     /home/hesa/jdk1.8.0_111/jre/lib/amd64/libdcpr.so
7f006cf71000-7f006cf7a000 rw-s 00000000 00:05 8683529                    /SYSV00000000 (deleted)
7f006cf7a000-7f006cfe3000 r-xp 00000000 fd:01 661119                     /home/hesa/jdk1.8.0_111/jre/lib/amd64/libt2k.so
7f006cfe3000-7f006d1e3000 ---p 00069000 fd:01 661119                     /home/hesa/jdk1.8.0_111/jre/lib/amd64/libt2k.so
7f006d1e3000-7f006d1ea000 rw-p 00069000 fd:01 661119                     /home/hesa/jdk1.8.0_111/jre/lib/amd64/libt2k.so
7f006d1ea000-7f006d1fa000 rw-p 00000000 00:00 0 
7f006d1fa000-7f006d213000 r--s 00000000 fd:01 13764498                   /usr/share/fonts/type1/gsfonts/b018012l.pfb
7f006d213000-7f006d21c000 r--s 00000000 fd:01 13763730                   /usr/share/fonts/X11/Type1/c0633bt_.pfb
7f006d21c000-7f006d225000 r--s 00000000 fd:01 13764585                   /usr/share/fonts/type1/gsfonts/s050000l.pfb
7f006d225000-7f006d236000 r--s 00000000 fd:01 13764531                   /usr/share/fonts/type1/gsfonts/n019023l.pfb
7f006d236000-7f006d24a000 r--s 00000000 fd:01 13764525                   /usr/share/fonts/type1/gsfonts/n019003l.pfb
7f006d24a000-7f006d262000 r--s 00000000 fd:01 13764516                   /usr/share/fonts/type1/gsfonts/c059033l.pfb
7f006d262000-7f006d26c000 r--s 00000000 fd:01 13763722                   /usr/share/fonts/X11/Type1/c0582bt_.pfb
7f006d26c000-7f006d283000 r--s 00000000 fd:01 13764588                   /usr/share/fonts/type1/gsfonts/z003034l.pfb
7f006d283000-7f006d28c000 r--s 00000000 fd:01 13763732                   /usr/share/fonts/X11/Type1/c0648bt_.pfb
7f006d28c000-7f006d2a7000 r--s 00000000 fd:01 13764573                   /usr/share/fonts/type1/gsfonts/p052003l.pfb
7f006d2a7000-7f006d2b9000 r--s 00000000 fd:01 13764507                   /usr/share/fonts/type1/gsfonts/b018035l.pfb
7f006d2b9000-7f006d2c2000 r--s 00000000 fd:01 13763728                   /usr/share/fonts/X11/Type1/c0632bt_.pfb
7f006d2c2000-7f006d2d8000 r--s 00000000 fd:01 13764558                   /usr/share/fonts/type1/gsfonts/n021024l.pfb
7f006d2d8000-7f006d2e8000 r--s 00000000 fd:01 13764489                   /usr/share/fonts/type1/gsfonts/a010015l.pfb
7f006d2e8000-7f006d2f9000 r--s 00000000 fd:01 13764495                   /usr/share/fonts/type1/gsfonts/a010035l.pfb
7f006d2f9000-7f006d30b000 r--s 00000000 fd:01 13764528                   /usr/share/fonts/type1/gsfonts/n019004l.pfb
7f006d323000-7f006d335000 r--s 00000000 fd:01 13764540                   /usr/share/fonts/type1/gsfonts/n019044l.pfb
7f006d335000-7f006d350000 r--s 00000000 fd:01 13764513                   /usr/share/fonts/type1/gsfonts/c059016l.pfb
7f006d350000-7f006d35c000 r--s 00000000 fd:01 13764522                   /usr/share/fonts/type1/gsfonts/d050000l.pfb
7f006d35c000-7f006d365000 r--s 00000000 fd:01 13763734                   /usr/share/fonts/X11/Type1/c0649bt_.pfb
7f006d365000-7f006d37e000 r--s 00000000 fd:01 13764549                   /usr/share/fonts/type1/gsfonts/n021003l.pfb
7f006d37e000-7f006d388000 r--s 00000000 fd:01 13763720                   /usr/share/fonts/X11/Type1/c0419bt_.pfb
7f006d388000-7f006d3a1000 r--s 00000000 fd:01 13764552                   /usr/share/fonts/type1/gsfonts/n021004l.pfb
7f006d3a1000-7f006d3b1000 r--s 00000000 fd:01 13764492                   /usr/share/fonts/type1/gsfonts/a010033l.pfb
7f006d3b1000-7f006d3ca000 r--s 00000000 fd:01 13764564                   /usr/share/fonts/type1/gsfonts/n022004l.pfb
7f006d3ca000-7f006d3e0000 r--s 00000000 fd:01 13764570                   /usr/share/fonts/type1/gsfonts/n022024l.pfb
7f006d3e0000-7f006d3fb000 r--s 00000000 fd:01 13764576                   /usr/share/fonts/type1/gsfonts/p052004l.pfb
7f006d3fb000-7f006d405000 r--s 00000000 fd:01 13763724                   /usr/share/fonts/X11/Type1/c0583bt_.pfb
7f006d405000-7f006d416000 r--s 00000000 fd:01 13764543                   /usr/share/fonts/type1/gsfonts/n019063l.pfb
7f006d416000-7f006d42b000 r--s 00000000 fd:01 13764504                   /usr/share/fonts/type1/gsfonts/b018032l.pfb
7f006d42b000-7f006d435000 r--s 00000000 fd:01 13763726                   /usr/share/fonts/X11/Type1/c0611bt_.pfb
7f006d435000-7f006d451000 r--s 00000000 fd:01 13764582                   /usr/share/fonts/type1/gsfonts/p052024l.pfb
7f006d451000-7f006d468000 r--s 00000000 fd:01 13764555                   /usr/share/fonts/type1/gsfonts/n021023l.pfb
7f006d468000-7f006d480000 r--s 00000000 fd:01 13764519                   /usr/share/fonts/type1/gsfonts/c059036l.pfb
7f006d480000-7f006d493000 r--s 00000000 fd:01 13764546                   /usr/share/fonts/type1/gsfonts/n019064l.pfb
7f006d493000-7f006d4a3000 r--s 00000000 fd:01 13764486                   /usr/share/fonts/type1/gsfonts/a010013l.pfb
7f006d4a3000-7f006d4bd000 r--s 00000000 fd:01 13764510                   /usr/share/fonts/type1/gsfonts/c059013l.pfb
7f006d4bd000-7f006d4d0000 r--s 00000000 fd:01 13764501                   /usr/share/fonts/type1/gsfonts/b018015l.pfb
7f006d4d0000-7f006d4e1000 r--s 00000000 fd:01 13764534                   /usr/share/fonts/type1/gsfonts/n019024l.pfb
7f006d4e1000-7f006d4f3000 r--s 00000000 fd:01 13764537                   /usr/share/fonts/type1/gsfonts/n019043l.pfb
7f006d4f3000-7f006d509000 r--s 00000000 fd:01 13764567                   /usr/share/fonts/type1/gsfonts/n022023l.pfb
7f006d509000-7f006d524000 r--s 00000000 fd:01 13764579                   /usr/share/fonts/type1/gsfonts/p052023l.pfb
7f006d524000-7f006d724000 rw-p 00000000 00:00 0 
7f006d724000-7f006d727000 ---p 00000000 00:00 0 
7f006d727000-7f006d825000 rw-p 00000000 00:00 0 
7f006d825000-7f006d830000 r--s 00000000 fd:01 13766922                   /var/cache/fontconfig/945677eb7aeaf62f1d50efc3fb3ec7d8-le64.cache-7
7f006d830000-7f006d835000 r--s 00000000 fd:01 13766893                   /var/cache/fontconfig/2300eef321c393bfd76478a5c0e95b23-le64.cache-7
7f006d835000-7f006d836000 r--s 00000000 fd:01 13766886                   /var/cache/fontconfig/0d8c3b2ac0904cb8a57a757ad11a4a08-le64.cache-7
7f006d836000-7f006d84b000 r--s 00000000 fd:01 13766882                   /var/cache/fontconfig/04aabc0a78ac019cf9454389977116d2-le64.cache-7
7f006d84b000-7f006d84c000 r--s 00000000 fd:01 13766890                   /var/cache/fontconfig/1ac9eb803944fde146138c791f5cc56a-le64.cache-7
7f006d84c000-7f006d84d000 r--s 00000000 fd:01 13766941                   /var/cache/fontconfig/dc05db6664285cc2f12bf69c139ae4c3-le64.cache-7
7f006d84d000-7f006d84f000 r--s 00000000 fd:01 13766887                   /var/cache/fontconfig/14a5e22175779b556eaa434240950366-le64.cache-7
7f006d84f000-7f006d851000 r--s 00000000 fd:01 13766905                   /var/cache/fontconfig/4f3e3037c9980c83b53a9351efadef62-le64.cache-7
7f006d851000-7f006d852000 r--s 00000000 fd:01 13766909                   /var/cache/fontconfig/56cf4f4769d0f4abc89a4895d7bd3ae1-le64.cache-7
7f006d852000-7f006d853000 r--s 00000000 fd:01 13766931                   /var/cache/fontconfig/b9d506c9ac06c20b433354fa67a72993-le64.cache-7
7f006d853000-7f006d859000 r--s 00000000 fd:01 13766929                   /var/cache/fontconfig/b47c4e1ecd0709278f4910c18777a504-le64.cache-7
7f006d859000-7f006d85a000 r--s 00000000 fd:01 13766896                   /var/cache/fontconfig/370e5b74bf5dafc30834de68e24a87a4-le64.cache-7
7f006d85a000-7f006d85b000 r--s 00000000 fd:01 13766917                   /var/cache/fontconfig/6b2c5944714ca7831b25bed9e85cb5c8-le64.cache-7
7f006d85b000-7f006d85c000 r--s 00000000 fd:01 13766937                   /var/cache/fontconfig/d5178ab6d91b49bf20a416737dcea9e8-le64.cache-7
7f006d85c000-7f006d85d000 r--s 00000000 fd:01 13766907                   /var/cache/fontconfig/551ecf3b0e8b0bca0f25c0944f561853-le64.cache-7
7f006d85d000-7f006d860000 r--s 00000000 fd:01 13766946                   /var/cache/fontconfig/f259c2cffa685e28062317905db73c4a-le64.cache-7
7f006d860000-7f006d862000 r--s 00000000 fd:01 13766906                   /var/cache/fontconfig/550f3886151c940c12a5ed35f6a00586-le64.cache-7
7f006d862000-7f006d865000 r--s 00000000 fd:01 13766915                   /var/cache/fontconfig/674d1711f2d1d2a09646eb0bdcadee49-le64.cache-7
7f006d865000-7f006d866000 r--s 00000000 fd:01 13766899                   /var/cache/fontconfig/3f7329c5293ffd510edef78f73874cfd-le64.cache-7
7f006d866000-7f006d86a000 r--s 00000000 fd:01 13766939                   /var/cache/fontconfig/d589a48862398ed80a3d6066f4f56f4c-le64.cache-7
7f006d86a000-7f006d86b000 r--s 00000000 fd:01 13766885                   /var/cache/fontconfig/0c9eb80ebd1c36541ebe2852d3bb0c49-le64.cache-7
7f006d86b000-7f006d86c000 r--s 00000000 fd:01 13766892                   /var/cache/fontconfig/22368d551a680bfe5a62c02760edf4ea-le64.cache-7
7f006d86c000-7f006d86d000 r--s 00000000 fd:01 13766904                   /var/cache/fontconfig/4d9c95eba1cb85bbcf2878543262124a-le64.cache-7
7f006d86d000-7f006d86e000 r--s 00000000 fd:01 13766921                   /var/cache/fontconfig/85e0a52ce643a7ba2ae53e5d6949cead-le64.cache-7
7f006d86e000-7f006d87c000 r--s 00000000 fd:01 13766924                   /var/cache/fontconfig/9b89f8e3dae116d678bbf48e5f21f69b-le64.cache-7
7f006d87c000-7f006d88a000 r--s 00000000 fd:01 13767158                   /var/cache/fontconfig/e13b20fdb08344e0e664864cc2ede53d-le64.cache-7
7f006d88a000-7f006d88d000 ---p 00000000 00:00 0 
7f006d88d000-7f006d98b000 rw-p 00000000 00:00 0 
7f006d98b000-7f006d98e000 ---p 00000000 00:00 0 
7f006d98e000-7f006dc8c000 rw-p 00000000 00:00 0 
7f006dc8c000-7f006dc8f000 ---p 00000000 00:00 0 
7f006dc8f000-7f006dd8d000 rw-p 00000000 00:00 0 
7f006dd8d000-7f006dd92000 r-xp 00000000 fd:01 12721838                   /usr/lib/x86_64-linux-gnu/libXfixes.so.3.1.0
7f006dd92000-7f006df91000 ---p 00005000 fd:01 12721838                   /usr/lib/x86_64-linux-gnu/libXfixes.so.3.1.0
7f006df91000-7f006df92000 r--p 00004000 fd:01 12721838                   /usr/lib/x86_64-linux-gnu/libXfixes.so.3.1.0
7f006df92000-7f006df93000 rw-p 00005000 fd:01 12721838                   /usr/lib/x86_64-linux-gnu/libXfixes.so.3.1.0
7f006df93000-7f006df9c000 r-xp 00000000 fd:01 12721830                   /usr/lib/x86_64-linux-gnu/libXcursor.so.1.0.2
7f006df9c000-7f006e19b000 ---p 00009000 fd:01 12721830                   /usr/lib/x86_64-linux-gnu/libXcursor.so.1.0.2
7f006e19b000-7f006e19c000 r--p 00008000 fd:01 12721830                   /usr/lib/x86_64-linux-gnu/libXcursor.so.1.0.2
7f006e19c000-7f006e19d000 rw-p 00009000 fd:01 12721830                   /usr/lib/x86_64-linux-gnu/libXcursor.so.1.0.2
7f006e19d000-7f006e19e000 r--s 00000000 fd:01 13766901                   /var/cache/fontconfig/49f0de54bdd920fe4f0dfd4cbac43e6b-le64.cache-7
7f006e19e000-7f006e19f000 r--s 00000000 fd:01 13766948                   /var/cache/fontconfig/f6e6e0a5c3d2f6ae0c0c2e0ecd42a997-le64.cache-7
7f006e19f000-7f006e1a0000 r--s 00000000 fd:01 13766902                   /var/cache/fontconfig/4b2eda6bb976bda485cb2176619421d5-le64.cache-7
7f006e1a0000-7f006e1a2000 r--s 00000000 fd:01 13766916                   /var/cache/fontconfig/6afa1bb216ce958c1589e297e8008489-le64.cache-7
7f006e1a2000-7f006e1ba000 r--s 00000000 fd:01 13764561                   /usr/share/fonts/type1/gsfonts/n022003l.pfb
7f006e1ba000-7f006e1cb000 r-xp 00000000 fd:01 661117                     /home/hesa/jdk1.8.0_111/jre/lib/amd64/libnio.so
7f006e1cb000-7f006e3ca000 ---p 00011000 fd:01 661117                     /home/hesa/jdk1.8.0_111/jre/lib/amd64/libnio.so
7f006e3ca000-7f006e3cb000 rw-p 00010000 fd:01 661117                     /home/hesa/jdk1.8.0_111/jre/lib/amd64/libnio.so
7f006e3cb000-7f006e3e2000 r-xp 00000000 fd:01 24384282                   /lib/x86_64-linux-gnu/libresolv-2.27.so
7f006e3e2000-7f006e5e2000 ---p 00017000 fd:01 24384282                   /lib/x86_64-linux-gnu/libresolv-2.27.so
7f006e5e2000-7f006e5e3000 r--p 00017000 fd:01 24384282                   /lib/x86_64-linux-gnu/libresolv-2.27.so
7f006e5e3000-7f006e5e4000 rw-p 00018000 fd:01 24384282                   /lib/x86_64-linux-gnu/libresolv-2.27.so
7f006e5e4000-7f006e5e6000 rw-p 00000000 00:00 0 
7f006e5e6000-7f006e5eb000 r-xp 00000000 fd:01 24384231                   /lib/x86_64-linux-gnu/libnss_dns-2.27.so
7f006e5eb000-7f006e7eb000 ---p 00005000 fd:01 24384231                   /lib/x86_64-linux-gnu/libnss_dns-2.27.so
7f006e7eb000-7f006e7ec000 r--p 00005000 fd:01 24384231                   /lib/x86_64-linux-gnu/libnss_dns-2.27.so
7f006e7ec000-7f006e7ed000 rw-p 00006000 fd:01 24384231                   /lib/x86_64-linux-gnu/libnss_dns-2.27.so
7f006e7ed000-7f006e7ef000 r-xp 00000000 fd:01 24384239                   /lib/x86_64-linux-gnu/libnss_mdns4_minimal.so.2
7f006e7ef000-7f006e9ee000 ---p 00002000 fd:01 24384239                   /lib/x86_64-linux-gnu/libnss_mdns4_minimal.so.2
7f006e9ee000-7f006e9ef000 r--p 00001000 fd:01 24384239                   /lib/x86_64-linux-gnu/libnss_mdns4_minimal.so.2
7f006e9ef000-7f006e9f0000 rw-p 00002000 fd:01 24384239                   /lib/x86_64-linux-gnu/libnss_mdns4_minimal.so.2
7f006e9f0000-7f006ea06000 r-xp 00000000 fd:01 661118                     /home/hesa/jdk1.8.0_111/jre/lib/amd64/libnet.so
7f006ea06000-7f006ec06000 ---p 00016000 fd:01 661118                     /home/hesa/jdk1.8.0_111/jre/lib/amd64/libnet.so
7f006ec06000-7f006ec07000 rw-p 00016000 fd:01 661118                     /home/hesa/jdk1.8.0_111/jre/lib/amd64/libnet.so
7f006ec07000-7f006ec0a000 ---p 00000000 00:00 0 
7f006ec0a000-7f006ed08000 rw-p 00000000 00:00 0 
7f006ed08000-7f006ed1f000 r-xp 00000000 fd:01 24379439                   /lib/x86_64-linux-gnu/libgcc_s.so.1
7f006ed1f000-7f006ef1e000 ---p 00017000 fd:01 24379439                   /lib/x86_64-linux-gnu/libgcc_s.so.1
7f006ef1e000-7f006ef1f000 r--p 00016000 fd:01 24379439                   /lib/x86_64-linux-gnu/libgcc_s.so.1
7f006ef1f000-7f006ef20000 rw-p 00017000 fd:01 24379439                   /lib/x86_64-linux-gnu/libgcc_s.so.1
7f006ef20000-7f006ef85000 r-xp 00000000 fd:01 660956                     /home/hesa/jdk1.8.0_111/jre/lib/amd64/libfontmanager.so
7f006ef85000-7f006f184000 ---p 00065000 fd:01 660956                     /home/hesa/jdk1.8.0_111/jre/lib/amd64/libfontmanager.so
7f006f184000-7f006f189000 rw-p 00064000 fd:01 660956                     /home/hesa/jdk1.8.0_111/jre/lib/amd64/libfontmanager.so
7f006f189000-7f006f199000 rw-p 00000000 00:00 0 
7f006f199000-7f006f1ac000 r-xp 00000000 fd:01 24384139                   /lib/x86_64-linux-gnu/libbsd.so.0.8.7
7f006f1ac000-7f006f3ab000 ---p 00013000 fd:01 24384139                   /lib/x86_64-linux-gnu/libbsd.so.0.8.7
7f006f3ab000-7f006f3ac000 r--p 00012000 fd:01 24384139                   /lib/x86_64-linux-gnu/libbsd.so.0.8.7
7f006f3ac000-7f006f3ad000 rw-p 00013000 fd:01 24384139                   /lib/x86_64-linux-gnu/libbsd.so.0.8.7
7f006f3ad000-7f006f3ae000 rw-p 00000000 00:00 0 
7f006f3ae000-7f006f3b3000 r-xp 00000000 fd:01 12721834                   /usr/lib/x86_64-linux-gnu/libXdmcp.so.6.0.0
7f006f3b3000-7f006f5b2000 ---p 00005000 fd:01 12721834                   /usr/lib/x86_64-linux-gnu/libXdmcp.so.6.0.0
7f006f5b2000-7f006f5b3000 r--p 00004000 fd:01 12721834                   /usr/lib/x86_64-linux-gnu/libXdmcp.so.6.0.0
7f006f5b3000-7f006f5b4000 rw-p 00005000 fd:01 12721834                   /usr/lib/x86_64-linux-gnu/libXdmcp.so.6.0.0
7f006f5b4000-7f006f5b6000 r-xp 00000000 fd:01 12721823                   /usr/lib/x86_64-linux-gnu/libXau.so.6.0.0
7f006f5b6000-7f006f7b6000 ---p 00002000 fd:01 12721823                   /usr/lib/x86_64-linux-gnu/libXau.so.6.0.0
7f006f7b6000-7f006f7b7000 r--p 00002000 fd:01 12721823                   /usr/lib/x86_64-linux-gnu/libXau.so.6.0.0
7f006f7b7000-7f006f7b8000 rw-p 00003000 fd:01 12721823                   /usr/lib/x86_64-linux-gnu/libXau.so.6.0.0
7f006f7b8000-7f006f7de000 r-xp 00000000 fd:01 12720986                   /usr/lib/x86_64-linux-gnu/libxcb.so.1.1.0
7f006f7de000-7f006f9de000 ---p 00026000 fd:01 12720986                   /usr/lib/x86_64-linux-gnu/libxcb.so.1.1.0
7f006f9de000-7f006f9df000 r--p 00026000 fd:01 12720986                   /usr/lib/x86_64-linux-gnu/libxcb.so.1.1.0
7f006f9df000-7f006f9e0000 rw-p 00027000 fd:01 12720986                   /usr/lib/x86_64-linux-gnu/libxcb.so.1.1.0
7f006f9e0000-7f006f9ef000 r-xp 00000000 fd:01 12721844                   /usr/lib/x86_64-linux-gnu/libXi.so.6.1.0
7f006f9ef000-7f006fbee000 ---p 0000f000 fd:01 12721844                   /usr/lib/x86_64-linux-gnu/libXi.so.6.1.0
7f006fbee000-7f006fbef000 r--p 0000e000 fd:01 12721844                   /usr/lib/x86_64-linux-gnu/libXi.so.6.1.0
7f006fbef000-7f006fbf0000 rw-p 0000f000 fd:01 12721844                   /usr/lib/x86_64-linux-gnu/libXi.so.6.1.0
7f006fbf0000-7f006fbf5000 r-xp 00000000 fd:01 12721862                   /usr/lib/x86_64-linux-gnu/libXtst.so.6.1.0
7f006fbf5000-7f006fdf4000 ---p 00005000 fd:01 12721862                   /usr/lib/x86_64-linux-gnu/libXtst.so.6.1.0
7f006fdf4000-7f006fdf5000 r--p 00004000 fd:01 12721862                   /usr/lib/x86_64-linux-gnu/libXtst.so.6.1.0
7f006fdf5000-7f006fdf6000 rw-p 00005000 fd:01 12721862                   /usr/lib/x86_64-linux-gnu/libXtst.so.6.1.0
7f006fdf6000-7f006fdff000 r-xp 00000000 fd:01 12721856                   /usr/lib/x86_64-linux-gnu/libXrender.so.1.3.0
7f006fdff000-7f006fffe000 ---p 00009000 fd:01 12721856                   /usr/lib/x86_64-linux-gnu/libXrender.so.1.3.0
7f006fffe000-7f006ffff000 r--p 00008000 fd:01 12721856                   /usr/lib/x86_64-linux-gnu/libXrender.so.1.3.0
7f006ffff000-7f0070000000 rw-p 00009000 fd:01 12721856                   /usr/lib/x86_64-linux-gnu/libXrender.so.1.3.0
7f0070000000-7f00707a4000 rw-p 00000000 00:00 0 
7f00707a4000-7f0074000000 ---p 00000000 00:00 0 
7f0074000000-7f0074050000 rw-p 00000000 00:00 0 
7f0074050000-7f0078000000 ---p 00000000 00:00 0 
7f0078000000-7f0078021000 rw-p 00000000 00:00 0 
7f0078021000-7f007c000000 ---p 00000000 00:00 0 
7f007c000000-7f007d62c000 rw-p 00000000 00:00 0 
7f007d62c000-7f0080000000 ---p 00000000 00:00 0 
7f0080000000-7f0080021000 rw-p 00000000 00:00 0 
7f0080021000-7f0084000000 ---p 00000000 00:00 0 
7f0084000000-7f0084021000 rw-p 00000000 00:00 0 
7f0084021000-7f0088000000 ---p 00000000 00:00 0 
7f0088000000-7f0088021000 rw-p 00000000 00:00 0 
7f0088021000-7f008c000000 ---p 00000000 00:00 0 
7f008c000000-7f008c021000 rw-p 00000000 00:00 0 
7f008c021000-7f0090000000 ---p 00000000 00:00 0 
7f0090000000-7f0090021000 rw-p 00000000 00:00 0 
7f0090021000-7f0094000000 ---p 00000000 00:00 0 
7f0094000000-7f0094001000 r--s 00000000 fd:01 13766914                   /var/cache/fontconfig/660208299946a285a940457d1287da33-le64.cache-7
7f0094001000-7f0094003000 r--s 00000000 fd:01 13766919                   /var/cache/fontconfig/767a8244fc0220cfb567a839d0392e0b-le64.cache-7
7f0094003000-7f0094004000 r--s 00000000 fd:01 13763676                   /var/cache/fontconfig/4794a0821666d79190d59a36cb4f44b5-le64.cache-7
7f0094004000-7f0094006000 r--s 00000000 fd:01 13763581                   /var/cache/fontconfig/0bd3dc0958fa2205aaaa8ebb13e2872b-le64.cache-7
7f0094006000-7f009400b000 r--s 00000000 fd:01 13766942                   /var/cache/fontconfig/def309198bfa603429122923fa2bb2d4-le64.cache-7
7f009400b000-7f009400c000 r--s 00000000 fd:01 13766930                   /var/cache/fontconfig/b872e6e592da6075ffa4ab0a1fcc0c75-le64.cache-7
7f009400c000-7f009400d000 r--s 00000000 fd:01 13766947                   /var/cache/fontconfig/f6d4eedfaab2589bde49f7a3ff831d22-le64.cache-7
7f009400d000-7f009400e000 r--s 00000000 fd:01 13766912                   /var/cache/fontconfig/589f83ef4c36d296ce6e1c846f468f08-le64.cache-7
7f009400e000-7f009400f000 r--s 00000000 fd:01 13766932                   /var/cache/fontconfig/bab58bb527bb656aaa9f116d68a48d89-le64.cache-7
7f009400f000-7f0094010000 r--s 00000000 fd:01 13766891                   /var/cache/fontconfig/2171a34dccabdb6bcbbc728186263178-le64.cache-7
7f0094010000-7f0094011000 r--s 00000000 fd:01 13766933                   /var/cache/fontconfig/c5c45a61289222e0d30b1a26ef4effbe-le64.cache-7
7f0094011000-7f0094012000 r--s 00000000 fd:01 13766928                   /var/cache/fontconfig/aec30016f93e1b46d1a973dce0d74068-le64.cache-7
7f0094012000-7f0094013000 r--s 00000000 fd:01 13766898                   /var/cache/fontconfig/3f589640d34b7dc9042c8d453f7c8b9c-le64.cache-7
7f0094013000-7f0094014000 r--s 00000000 fd:01 13766888                   /var/cache/fontconfig/16c2fda60d1b4b719f4b3d06fd951d25-le64.cache-7
7f0094014000-7f0094015000 r--s 00000000 fd:01 13766927                   /var/cache/fontconfig/a48eab177a16e4f3713381162db2f3e9-le64.cache-7
7f0094015000-7f0094016000 r--s 00000000 fd:01 13766908                   /var/cache/fontconfig/564b2e68ac9bc4e36a6f7f6d6125ec1c-le64.cache-7
7f0094016000-7f009401b000 r--s 00000000 fd:01 13763665                   /var/cache/fontconfig/9d2451b1fd30e5bffe8383fd27c35478-le64.cache-7
7f009401b000-7f0094021000 r--s 00000000 fd:01 13763579                   /var/cache/fontconfig/3047814df9a2f067bd2d96a2b9c36e5a-le64.cache-7
7f0094021000-7f0094022000 r--s 00000000 fd:01 13766909                   /var/cache/fontconfig/56cf4f4769d0f4abc89a4895d7bd3ae1-le64.cache-7
7f0094022000-7f0094023000 r--s 00000000 fd:01 13766931                   /var/cache/fontconfig/b9d506c9ac06c20b433354fa67a72993-le64.cache-7
7f0094023000-7f0094029000 r--s 00000000 fd:01 13766929                   /var/cache/fontconfig/b47c4e1ecd0709278f4910c18777a504-le64.cache-7
7f0094029000-7f009403c000 r--s 00000000 fd:01 13766938                   /var/cache/fontconfig/d52a8644073d54c13679302ca1180695-le64.cache-7
7f009403c000-7f009403d000 r--s 00000000 fd:01 13766896                   /var/cache/fontconfig/370e5b74bf5dafc30834de68e24a87a4-le64.cache-7
7f009403d000-7f009403e000 r--s 00000000 fd:01 13766917                   /var/cache/fontconfig/6b2c5944714ca7831b25bed9e85cb5c8-le64.cache-7
7f009403e000-7f009403f000 r--s 00000000 fd:01 13766937                   /var/cache/fontconfig/d5178ab6d91b49bf20a416737dcea9e8-le64.cache-7
7f009403f000-7f0094042000 r--s 00000000 fd:01 13766946                   /var/cache/fontconfig/f259c2cffa685e28062317905db73c4a-le64.cache-7
7f0094042000-7f0094044000 r--s 00000000 fd:01 13766906                   /var/cache/fontconfig/550f3886151c940c12a5ed35f6a00586-le64.cache-7
7f0094044000-7f0094047000 r--s 00000000 fd:01 13766915                   /var/cache/fontconfig/674d1711f2d1d2a09646eb0bdcadee49-le64.cache-7
7f0094047000-7f0094055000 r--s 00000000 fd:01 13766924                   /var/cache/fontconfig/9b89f8e3dae116d678bbf48e5f21f69b-le64.cache-7
7f0094055000-7f0094188000 r-xp 00000000 fd:01 12720778                   /usr/lib/x86_64-linux-gnu/libX11.so.6.3.0
7f0094188000-7f0094388000 ---p 00133000 fd:01 12720778                   /usr/lib/x86_64-linux-gnu/libX11.so.6.3.0
7f0094388000-7f0094389000 r--p 00133000 fd:01 12720778                   /usr/lib/x86_64-linux-gnu/libX11.so.6.3.0
7f0094389000-7f009438d000 rw-p 00134000 fd:01 12720778                   /usr/lib/x86_64-linux-gnu/libX11.so.6.3.0
7f009438d000-7f009439e000 r-xp 00000000 fd:01 12721836                   /usr/lib/x86_64-linux-gnu/libXext.so.6.4.0
7f009439e000-7f009459d000 ---p 00011000 fd:01 12721836                   /usr/lib/x86_64-linux-gnu/libXext.so.6.4.0
7f009459d000-7f009459e000 r--p 00010000 fd:01 12721836                   /usr/lib/x86_64-linux-gnu/libXext.so.6.4.0
7f009459e000-7f009459f000 rw-p 00011000 fd:01 12721836                   /usr/lib/x86_64-linux-gnu/libXext.so.6.4.0
7f009459f000-7f00945a0000 r--s 00000000 fd:01 13766907                   /var/cache/fontconfig/551ecf3b0e8b0bca0f25c0944f561853-le64.cache-7
7f00945a0000-7f00945a1000 r--s 00000000 fd:01 13766899                   /var/cache/fontconfig/3f7329c5293ffd510edef78f73874cfd-le64.cache-7
7f00945a1000-7f00945a5000 r--s 00000000 fd:01 13766939                   /var/cache/fontconfig/d589a48862398ed80a3d6066f4f56f4c-le64.cache-7
7f00945a5000-7f00945a6000 r--s 00000000 fd:01 13766885                   /var/cache/fontconfig/0c9eb80ebd1c36541ebe2852d3bb0c49-le64.cache-7
7f00945a6000-7f00945a7000 r--s 00000000 fd:01 13766892                   /var/cache/fontconfig/22368d551a680bfe5a62c02760edf4ea-le64.cache-7
7f00945a7000-7f00945a8000 r--s 00000000 fd:01 13766904                   /var/cache/fontconfig/4d9c95eba1cb85bbcf2878543262124a-le64.cache-7
7f00945a8000-7f00945a9000 r--s 00000000 fd:01 13766921                   /var/cache/fontconfig/85e0a52ce643a7ba2ae53e5d6949cead-le64.cache-7
7f00945a9000-7f00945aa000 r--s 00000000 fd:01 13766901                   /var/cache/fontconfig/49f0de54bdd920fe4f0dfd4cbac43e6b-le64.cache-7
7f00945aa000-7f00945ab000 r--s 00000000 fd:01 13766948                   /var/cache/fontconfig/f6e6e0a5c3d2f6ae0c0c2e0ecd42a997-le64.cache-7
7f00945ab000-7f00945ac000 r--s 00000000 fd:01 13766902                   /var/cache/fontconfig/4b2eda6bb976bda485cb2176619421d5-le64.cache-7
7f00945ac000-7f00945ae000 r--s 00000000 fd:01 13766916                   /var/cache/fontconfig/6afa1bb216ce958c1589e297e8008489-le64.cache-7
7f00945ae000-7f00945bc000 r--s 00000000 fd:01 13767158                   /var/cache/fontconfig/e13b20fdb08344e0e664864cc2ede53d-le64.cache-7
7f00945bc000-7f0094610000 r-xp 00000000 fd:01 661010                     /home/hesa/jdk1.8.0_111/jre/lib/amd64/libawt_xawt.so
7f0094610000-7f0094810000 ---p 00054000 fd:01 661010                     /home/hesa/jdk1.8.0_111/jre/lib/amd64/libawt_xawt.so
7f0094810000-7f0094814000 rw-p 00054000 fd:01 661010                     /home/hesa/jdk1.8.0_111/jre/lib/amd64/libawt_xawt.so
7f0094814000-7f0094815000 rw-p 00000000 00:00 0 
7f0094815000-7f00948b7000 r-xp 00000000 fd:01 661120                     /home/hesa/jdk1.8.0_111/jre/lib/amd64/libawt.so
7f00948b7000-7f0094ab7000 ---p 000a2000 fd:01 661120                     /home/hesa/jdk1.8.0_111/jre/lib/amd64/libawt.so
7f0094ab7000-7f0094ac3000 rw-p 000a2000 fd:01 661120                     /home/hesa/jdk1.8.0_111/jre/lib/amd64/libawt.so
7f0094ac3000-7f0094ae7000 rw-p 00000000 00:00 0 
7f0094ae7000-7f0094ae8000 r--s 00050000 fd:01 6697412                    /home/hesa/NetBeansProjects/angsur/lib/com-jaspersoft-ireport-jasperserver.jar.zip
7f0094ae8000-7f0094aee000 r--s 00023000 fd:01 6697430                    /home/hesa/NetBeansProjects/angsur/lib/jcalendar-1.4.jar
7f0094aee000-7f0094b21000 r--s 002a1000 fd:01 6697423                    /home/hesa/NetBeansProjects/angsur/lib/jasperreports-3.7.3.jar
7f0094b21000-7f0094b22000 r--s 0000c000 fd:01 6697419                    /home/hesa/NetBeansProjects/angsur/lib/commons-logging-1.1.jar
7f0094b22000-7f0094b26000 r--s 0001f000 fd:01 6697416                    /home/hesa/NetBeansProjects/angsur/lib/commons-digester-1.7.jar
7f0094b26000-7f0094b33000 r--s 0007c000 fd:01 6697415                    /home/hesa/NetBeansProjects/angsur/lib/commons-collections-3.1.jar
7f0094b33000-7f0094b39000 r--s 00025000 fd:01 6697414                    /home/hesa/NetBeansProjects/angsur/lib/commons-collections-2.1.1.jar
7f0094b39000-7f0094b3e000 r--s 00034000 fd:01 6697413                    /home/hesa/NetBeansProjects/angsur/lib/commons-beanutils-1.8.0.jar
7f0094b3e000-7f0094b43000 r--s 0003a000 fd:01 6697440                    /home/hesa/NetBeansProjects/angsur/lib/JasperReports/barcode4j-2.0.jar
7f0094b43000-7f0094b46000 r--s 00014000 fd:01 6697439                    /home/hesa/NetBeansProjects/angsur/lib/JasperReports/barbecue-1.5-beta1.jar
7f0094b46000-7f0094b55000 r--s 000c3000 fd:01 6697454                    /home/hesa/NetBeansProjects/angsur/lib/JasperReports/castor-1.2.jar
7f0094b55000-7f0094b5a000 r--s 00010000 fd:01 6697466                    /home/hesa/NetBeansProjects/angsur/lib/JasperReports/xml-apis-ext.jar
7f0094b5a000-7f0094b66000 r--s 000e5000 fd:01 6697464                    /home/hesa/NetBeansProjects/angsur/lib/JasperReports/rhino-1.7R1.jar
7f0094b66000-7f0094b67000 r--s 00007000 fd:01 6697453                    /home/hesa/NetBeansProjects/angsur/lib/JasperReports/batik-xml.jar
7f0094b67000-7f0094b6a000 r--s 0001d000 fd:01 6697452                    /home/hesa/NetBeansProjects/angsur/lib/JasperReports/batik-util.jar
7f0094b6a000-7f0094b6f000 r--s 00030000 fd:01 6697451                    /home/hesa/NetBeansProjects/angsur/lib/JasperReports/batik-svggen.jar
7f0094b6f000-7f0094b7c000 r--s 00087000 fd:01 6697450                    /home/hesa/NetBeansProjects/angsur/lib/JasperReports/batik-svg-dom.jar
7f0094b7c000-7f0094b7f000 r--s 0000d000 fd:01 6697449                    /home/hesa/NetBeansProjects/angsur/lib/JasperReports/batik-script.jar
7f0094b7f000-7f0094b83000 r--s 00038000 fd:01 6697447                    /home/hesa/NetBeansProjects/angsur/lib/JasperReports/batik-gvt.jar
7f0094b83000-7f0094b87000 r--s 00027000 fd:01 6697445                    /home/hesa/NetBeansProjects/angsur/lib/JasperReports/batik-dom.jar
7f0094b87000-7f0094b8f000 r--s 00045000 fd:01 6697444                    /home/hesa/NetBeansProjects/angsur/lib/JasperReports/batik-css.jar
7f0094b8f000-7f0094b99000 r--s 00080000 fd:01 6697443                    /home/hesa/NetBeansProjects/angsur/lib/JasperReports/batik-bridge.jar
7f0094b99000-7f0094ba0000 r--s 0005c000 fd:01 6697442                    /home/hesa/NetBeansProjects/angsur/lib/JasperReports/batik-awt-util.jar
7f0094ba0000-7f0094ba3000 r--s 00015000 fd:01 6697441                    /home/hesa/NetBeansProjects/angsur/lib/JasperReports/batik-anim.jar
7f0094ba3000-7f0094bab000 r--s 00028000 fd:01 6697467                    /home/hesa/NetBeansProjects/angsur/lib/JasperReports/xml-apis.jar
7f0094bab000-7f0094bbf000 r--s 001a0000 fd:01 6697465                    /home/hesa/NetBeansProjects/angsur/lib/JasperReports/xalan.jar
7f0094bbf000-7f0094bcf000 r--s 0013f000 fd:01 6697461                    /home/hesa/NetBeansProjects/angsur/lib/JasperReports/jfreechart-1.0.12.jar
7f0094bcf000-7f0094bd5000 r--s 00046000 fd:01 6697460                    /home/hesa/NetBeansProjects/angsur/lib/JasperReports/jcommon-1.0.15.jar
7f0094bd5000-7f0094bdb000 r--s 00032000 fd:01 6697459                    /home/hesa/NetBeansProjects/angsur/lib/JasperReports/jaxen-1.1.1.jar
7f0094bdb000-7f0094be5000 r--s 00079000 fd:01 6697458                    /home/hesa/NetBeansProjects/angsur/lib/JasperReports/jakarta-bcel-20050813.jar
7f0094be5000-7f0094bf3000 r--s 0007f000 fd:01 6697455                    /home/hesa/NetBeansProjects/angsur/lib/JasperReports/commons-collections-3.2.1.jar
7f0094bf3000-7f0094bf4000 ---p 00000000 00:00 0 
7f0094bf4000-7f0094cf4000 rw-p 00000000 00:00 0 
7f0094cf4000-7f0094cf7000 ---p 00000000 00:00 0 
7f0094cf7000-7f0094df5000 rw-p 00000000 00:00 0 
7f0094df5000-7f0094df6000 ---p 00000000 00:00 0 
7f0094df6000-7f0094df9000 ---p 00000000 00:00 0 
7f0094df9000-7f0094ef6000 rw-p 00000000 00:00 0 
7f0094ef6000-7f0094ef7000 ---p 00000000 00:00 0 
7f0094ef7000-7f0094efa000 ---p 00000000 00:00 0 
7f0094efa000-7f0094ff7000 rw-p 00000000 00:00 0 
7f0094ff7000-7f0094ffa000 ---p 00000000 00:00 0 
7f0094ffa000-7f00950f8000 rw-p 00000000 00:00 0 
7f00950f8000-7f0095ac8000 r--p 00000000 fd:01 12720749                   /usr/lib/locale/locale-archive
7f0095ac8000-7f0095acb000 ---p 00000000 00:00 0 
7f0095acb000-7f0095bc9000 rw-p 00000000 00:00 0 
7f0095bc9000-7f0095bcc000 ---p 00000000 00:00 0 
7f0095bcc000-7f0095cca000 rw-p 00000000 00:00 0 
7f0095cca000-7f0095ccb000 ---p 00000000 00:00 0 
7f0095ccb000-7f0096615000 rw-p 00000000 00:00 0 
7f0096615000-7f00967ed000 r--s 03d2a000 fd:01 661252                     /home/hesa/jdk1.8.0_111/jre/lib/rt.jar
7f00967ed000-7f0099000000 rw-p 00000000 00:00 0 
7f0099000000-7f0099a20000 rwxp 00000000 00:00 0 
7f0099a20000-7f00a8000000 ---p 00000000 00:00 0 
7f00a8000000-7f00a872a000 rw-p 00000000 00:00 0 
7f00a872a000-7f00ac000000 ---p 00000000 00:00 0 
7f00ac000000-7f00ac002000 r--s 00010000 fd:01 6697448                    /home/hesa/NetBeansProjects/angsur/lib/JasperReports/batik-parser.jar
7f00ac002000-7f00ac005000 r--s 00009000 fd:01 6697462                    /home/hesa/NetBeansProjects/angsur/lib/JasperReports/jpa.jar
7f00ac005000-7f00ac009000 r--s 0001f000 fd:01 6697456                    /home/hesa/NetBeansProjects/angsur/lib/JasperReports/commons-digester-1.7.jar
7f00ac009000-7f00ac012000 r--s 00075000 fd:01 6697420                    /home/hesa/NetBeansProjects/angsur/lib/DateChooser.jar
7f00ac012000-7f00ac1aa000 rw-p 00000000 00:00 0 
7f00ac1aa000-7f00ac1ab000 ---p 00000000 00:00 0 
7f00ac1ab000-7f00ac2ab000 rw-p 00000000 00:00 0 
7f00ac2ab000-7f00ac2ac000 ---p 00000000 00:00 0 
7f00ac2ac000-7f00ac3c1000 rw-p 00000000 00:00 0 
7f00ac3c1000-7f00ac4ee000 ---p 00000000 00:00 0 
7f00ac4ee000-7f00ac503000 rw-p 00000000 00:00 0 
7f00ac503000-7f00ac630000 ---p 00000000 00:00 0 
7f00ac630000-7f00ac63b000 rw-p 00000000 00:00 0 
7f00ac63b000-7f00ac6d1000 ---p 00000000 00:00 0 
7f00ac6d1000-7f00ac6fb000 rw-p 00000000 00:00 0 
7f00ac6fb000-7f00aca92000 ---p 00000000 00:00 0 
7f00aca92000-7f00acaac000 r-xp 00000000 fd:01 661116                     /home/hesa/jdk1.8.0_111/jre/lib/amd64/libzip.so
7f00acaac000-7f00accac000 ---p 0001a000 fd:01 661116                     /home/hesa/jdk1.8.0_111/jre/lib/amd64/libzip.so
7f00accac000-7f00accad000 rw-p 0001a000 fd:01 661116                     /home/hesa/jdk1.8.0_111/jre/lib/amd64/libzip.so
7f00accad000-7f00accb8000 r-xp 00000000 fd:01 24384233                   /lib/x86_64-linux-gnu/libnss_files-2.27.so
7f00accb8000-7f00aceb7000 ---p 0000b000 fd:01 24384233                   /lib/x86_64-linux-gnu/libnss_files-2.27.so
7f00aceb7000-7f00aceb8000 r--p 0000a000 fd:01 24384233                   /lib/x86_64-linux-gnu/libnss_files-2.27.so
7f00aceb8000-7f00aceb9000 rw-p 0000b000 fd:01 24384233                   /lib/x86_64-linux-gnu/libnss_files-2.27.so
7f00aceb9000-7f00acebf000 rw-p 00000000 00:00 0 
7f00acebf000-7f00aced6000 r-xp 00000000 fd:01 24384227                   /lib/x86_64-linux-gnu/libnsl-2.27.so
7f00aced6000-7f00ad0d5000 ---p 00017000 fd:01 24384227                   /lib/x86_64-linux-gnu/libnsl-2.27.so
7f00ad0d5000-7f00ad0d6000 r--p 00016000 fd:01 24384227                   /lib/x86_64-linux-gnu/libnsl-2.27.so
7f00ad0d6000-7f00ad0d7000 rw-p 00017000 fd:01 24384227                   /lib/x86_64-linux-gnu/libnsl-2.27.so
7f00ad0d7000-7f00ad0d9000 rw-p 00000000 00:00 0 
7f00ad0d9000-7f00ad0e4000 r-xp 00000000 fd:01 24384244                   /lib/x86_64-linux-gnu/libnss_nis-2.27.so
7f00ad0e4000-7f00ad2e3000 ---p 0000b000 fd:01 24384244                   /lib/x86_64-linux-gnu/libnss_nis-2.27.so
7f00ad2e3000-7f00ad2e4000 r--p 0000a000 fd:01 24384244                   /lib/x86_64-linux-gnu/libnss_nis-2.27.so
7f00ad2e4000-7f00ad2e5000 rw-p 0000b000 fd:01 24384244                   /lib/x86_64-linux-gnu/libnss_nis-2.27.so
7f00ad2e5000-7f00ad2ed000 r-xp 00000000 fd:01 24384229                   /lib/x86_64-linux-gnu/libnss_compat-2.27.so
7f00ad2ed000-7f00ad4ed000 ---p 00008000 fd:01 24384229                   /lib/x86_64-linux-gnu/libnss_compat-2.27.so
7f00ad4ed000-7f00ad4ee000 r--p 00008000 fd:01 24384229                   /lib/x86_64-linux-gnu/libnss_compat-2.27.so
7f00ad4ee000-7f00ad4ef000 rw-p 00009000 fd:01 24384229                   /lib/x86_64-linux-gnu/libnss_compat-2.27.so
7f00ad4ef000-7f00ad51a000 r-xp 00000000 fd:01 661089                     /home/hesa/jdk1.8.0_111/jre/lib/amd64/libjava.so
7f00ad51a000-7f00ad719000 ---p 0002b000 fd:01 661089                     /home/hesa/jdk1.8.0_111/jre/lib/amd64/libjava.so
7f00ad719000-7f00ad71b000 rw-p 0002a000 fd:01 661089                     /home/hesa/jdk1.8.0_111/jre/lib/amd64/libjava.so
7f00ad71b000-7f00ad728000 r-xp 00000000 fd:01 661052                     /home/hesa/jdk1.8.0_111/jre/lib/amd64/libverify.so
7f00ad728000-7f00ad927000 ---p 0000d000 fd:01 661052                     /home/hesa/jdk1.8.0_111/jre/lib/amd64/libverify.so
7f00ad927000-7f00ad929000 rw-p 0000c000 fd:01 661052                     /home/hesa/jdk1.8.0_111/jre/lib/amd64/libverify.so
7f00ad929000-7f00ad930000 r-xp 00000000 fd:01 24384284                   /lib/x86_64-linux-gnu/librt-2.27.so
7f00ad930000-7f00adb2f000 ---p 00007000 fd:01 24384284                   /lib/x86_64-linux-gnu/librt-2.27.so
7f00adb2f000-7f00adb30000 r--p 00006000 fd:01 24384284                   /lib/x86_64-linux-gnu/librt-2.27.so
7f00adb30000-7f00adb31000 rw-p 00007000 fd:01 24384284                   /lib/x86_64-linux-gnu/librt-2.27.so
7f00adb31000-7f00adcce000 r-xp 00000000 fd:01 24384206                   /lib/x86_64-linux-gnu/libm-2.27.so
7f00adcce000-7f00adecd000 ---p 0019d000 fd:01 24384206                   /lib/x86_64-linux-gnu/libm-2.27.so
7f00adecd000-7f00adece000 r--p 0019c000 fd:01 24384206                   /lib/x86_64-linux-gnu/libm-2.27.so
7f00adece000-7f00adecf000 rw-p 0019d000 fd:01 24384206                   /lib/x86_64-linux-gnu/libm-2.27.so
7f00adecf000-7f00aeb9c000 r-xp 00000000 fd:01 660969                     /home/hesa/jdk1.8.0_111/jre/lib/amd64/server/libjvm.so
7f00aeb9c000-7f00aed9b000 ---p 00ccd000 fd:01 660969                     /home/hesa/jdk1.8.0_111/jre/lib/amd64/server/libjvm.so
7f00aed9b000-7f00aee74000 rw-p 00ccc000 fd:01 660969                     /home/hesa/jdk1.8.0_111/jre/lib/amd64/server/libjvm.so
7f00aee74000-7f00aeebf000 rw-p 00000000 00:00 0 
7f00aeebf000-7f00af0a6000 r-xp 00000000 fd:01 24384143                   /lib/x86_64-linux-gnu/libc-2.27.so
7f00af0a6000-7f00af2a6000 ---p 001e7000 fd:01 24384143                   /lib/x86_64-linux-gnu/libc-2.27.so
7f00af2a6000-7f00af2aa000 r--p 001e7000 fd:01 24384143                   /lib/x86_64-linux-gnu/libc-2.27.so
7f00af2aa000-7f00af2ac000 rw-p 001eb000 fd:01 24384143                   /lib/x86_64-linux-gnu/libc-2.27.so
7f00af2ac000-7f00af2b0000 rw-p 00000000 00:00 0 
7f00af2b0000-7f00af2b3000 r-xp 00000000 fd:01 24384166                   /lib/x86_64-linux-gnu/libdl-2.27.so
7f00af2b3000-7f00af4b2000 ---p 00003000 fd:01 24384166                   /lib/x86_64-linux-gnu/libdl-2.27.so
7f00af4b2000-7f00af4b3000 r--p 00002000 fd:01 24384166                   /lib/x86_64-linux-gnu/libdl-2.27.so
7f00af4b3000-7f00af4b4000 rw-p 00003000 fd:01 24384166                   /lib/x86_64-linux-gnu/libdl-2.27.so
7f00af4b4000-7f00af4c9000 r-xp 00000000 fd:01 661125                     /home/hesa/jdk1.8.0_111/lib/amd64/jli/libjli.so
7f00af4c9000-7f00af6c9000 ---p 00015000 fd:01 661125                     /home/hesa/jdk1.8.0_111/lib/amd64/jli/libjli.so
7f00af6c9000-7f00af6ca000 rw-p 00015000 fd:01 661125                     /home/hesa/jdk1.8.0_111/lib/amd64/jli/libjli.so
7f00af6ca000-7f00af6e4000 r-xp 00000000 fd:01 24384276                   /lib/x86_64-linux-gnu/libpthread-2.27.so
7f00af6e4000-7f00af8e3000 ---p 0001a000 fd:01 24384276                   /lib/x86_64-linux-gnu/libpthread-2.27.so
7f00af8e3000-7f00af8e4000 r--p 00019000 fd:01 24384276                   /lib/x86_64-linux-gnu/libpthread-2.27.so
7f00af8e4000-7f00af8e5000 rw-p 0001a000 fd:01 24384276                   /lib/x86_64-linux-gnu/libpthread-2.27.so
7f00af8e5000-7f00af8e9000 rw-p 00000000 00:00 0 
7f00af8e9000-7f00af910000 r-xp 00000000 fd:01 24384115                   /lib/x86_64-linux-gnu/ld-2.27.so
7f00af910000-7f00af911000 r--s 00002000 fd:01 6697446                    /home/hesa/NetBeansProjects/angsur/lib/JasperReports/batik-ext.jar
7f00af911000-7f00af912000 r--s 00002000 fd:01 6697463                    /home/hesa/NetBeansProjects/angsur/lib/JasperReports/png-encoder-1.5.jar
7f00af912000-7f00af913000 r--s 0000c000 fd:01 6697457                    /home/hesa/NetBeansProjects/angsur/lib/JasperReports/commons-logging-1.1.jar
7f00af913000-7f00af91b000 r--s 000c4000 fd:01 6697471                    /home/hesa/NetBeansProjects/angsur/lib/MySQLDriver-2/mysql-connector-java-5.1.23-bin.jar
7f00af91b000-7f00af91c000 r--s 00000000 fd:01 6697435                    /home/hesa/NetBeansProjects/angsur/lib/absolutelayout-2/AbsoluteLayout.jar
7f00af91c000-7f00af9ee000 rw-p 00000000 00:00 0 
7f00af9ee000-7f00af9ef000 ---p 00000000 00:00 0 
7f00af9ef000-7f00af9f2000 ---p 00000000 00:00 0 
7f00af9f2000-7f00afb04000 rw-p 00000000 00:00 0 
7f00afb04000-7f00afb0c000 rw-s 00000000 fd:01 29499050                   /tmp/hsperfdata_hesa/3760
7f00afb0c000-7f00afb0d000 rw-p 00000000 00:00 0 
7f00afb0d000-7f00afb0e000 r--p 00000000 00:00 0 
7f00afb0e000-7f00afb10000 rw-p 00000000 00:00 0 
7f00afb10000-7f00afb11000 r--p 00027000 fd:01 24384115                   /lib/x86_64-linux-gnu/ld-2.27.so
7f00afb11000-7f00afb12000 rw-p 00028000 fd:01 24384115                   /lib/x86_64-linux-gnu/ld-2.27.so
7f00afb12000-7f00afb13000 rw-p 00000000 00:00 0 
7ffdfbd48000-7ffdfbd6a000 rw-p 00000000 00:00 0                          [stack]
7ffdfbdac000-7ffdfbdaf000 r--p 00000000 00:00 0                          [vvar]
7ffdfbdaf000-7ffdfbdb1000 r-xp 00000000 00:00 0                          [vdso]
ffffffffff600000-ffffffffff601000 r-xp 00000000 00:00 0                  [vsyscall]

VM Arguments:
jvm_args: -Dfile.encoding=UTF-8 
java_command: screen
java_class_path (initial): /home/hesa/NetBeansProjects/angsur/lib/absolutelayout-2/AbsoluteLayout.jar:/home/hesa/NetBeansProjects/angsur/lib/MySQLDriver-2/mysql-connector-java-5.1.23-bin.jar:/home/hesa/NetBeansProjects/angsur/lib/DateChooser.jar:/home/hesa/NetBeansProjects/angsur/lib/JasperReports/commons-collections-3.2.1.jar:/home/hesa/NetBeansProjects/angsur/lib/JasperReports/commons-digester-1.7.jar:/home/hesa/NetBeansProjects/angsur/lib/JasperReports/commons-logging-1.1.jar:/home/hesa/NetBeansProjects/angsur/lib/JasperReports/jakarta-bcel-20050813.jar:/home/hesa/NetBeansProjects/angsur/lib/JasperReports/jaxen-1.1.1.jar:/home/hesa/NetBeansProjects/angsur/lib/JasperReports/jcommon-1.0.15.jar:/home/hesa/NetBeansProjects/angsur/lib/JasperReports/jfreechart-1.0.12.jar:/home/hesa/NetBeansProjects/angsur/lib/JasperReports/jpa.jar:/home/hesa/NetBeansProjects/angsur/lib/JasperReports/png-encoder-1.5.jar:/home/hesa/NetBeansProjects/angsur/lib/JasperReports/xalan.jar:/home/hesa/NetBeansProjects/angsur/lib/JasperReports/xml-apis.jar:/home/hesa/NetBeansProjects/angsur/lib/JasperReports/batik-anim.jar:/home/hesa/NetBeansProjects/angsur/lib/JasperReports/batik-awt-util.jar:/home/hesa/NetBeansProjects/angsur/lib/JasperReports/batik-bridge.jar:/home/hesa/NetBeansProjects/angsur/lib/JasperReports/batik-css.jar:/home/hesa/NetBeansProjects/angsur/lib/JasperReports/batik-dom.jar:/home/hesa/NetBeansProjects/angsur/lib/JasperReports/batik-ext.jar:/home/hesa/NetBeansProjects/angsur/lib/JasperReports/batik-gvt.jar:/home/hesa/NetBeansProjects/angsur/lib/JasperReports/batik-parser.jar:/home/hesa/NetBeansProjects/angsur/lib/JasperReports/batik-script.jar:/home/hesa/NetBeansProjects/angsur/lib/JasperReports/batik-svg-dom.jar:/home/hesa/NetBeansProjects/angsur/lib/JasperReports/batik-svggen.jar:/home/hesa/NetBeansProjects/angsur/lib/JasperReports/batik-util.jar:/home/hesa/NetBeansProjects/angsur/lib/JasperReports/batik-xml.jar:/home/hesa/NetBeansProjects/angsur/lib/JasperReports/rhino-1.7
Launcher Type: SUN_STANDARD

Environment Variables:
JAVA_HOME=/usr/lib/jvm/java-8-oracle
PATH=/usr/local/sbin:/usr/local/bin:/usr/sbin:/usr/bin:/sbin:/bin:/usr/games:/usr/local/games:/snap/bin:/usr/lib/jvm/java-8-oracle/bin:/usr/lib/jvm/java-8-oracle/db/bin:/usr/lib/jvm/java-8-oracle/jre/bin:/home/hesa/Android/Sdk/tools
USERNAME=hesa
LD_LIBRARY_PATH=/home/hesa/jdk1.8.0_111/jre/lib/amd64:/home/hesa/jdk1.8.0_111/jre/lib/i386:
SHELL=/bin/bash
DISPLAY=:0

Signal Handlers:
SIGSEGV: [libjvm.so+0xac64b0], sa_mask[0]=11111111011111111101111111111110, sa_flags=SA_RESTART|SA_SIGINFO
SIGBUS: [libjvm.so+0xac64b0], sa_mask[0]=11111111011111111101111111111110, sa_flags=SA_RESTART|SA_SIGINFO
SIGFPE: [libjvm.so+0x91f950], sa_mask[0]=11111111011111111101111111111110, sa_flags=SA_RESTART|SA_SIGINFO
SIGPIPE: [libjvm.so+0x91f950], sa_mask[0]=11111111011111111101111111111110, sa_flags=SA_RESTART|SA_SIGINFO
SIGXFSZ: [libjvm.so+0x91f950], sa_mask[0]=11111111011111111101111111111110, sa_flags=SA_RESTART|SA_SIGINFO
SIGILL: [libjvm.so+0x91f950], sa_mask[0]=11111111011111111101111111111110, sa_flags=SA_RESTART|SA_SIGINFO
SIGUSR1: SIG_DFL, sa_mask[0]=00000000000000000000000000000000, sa_flags=none
SIGUSR2: [libjvm.so+0x920f80], sa_mask[0]=00100000000000000000000000000000, sa_flags=SA_RESTART|SA_SIGINFO
SIGHUP: [libjvm.so+0x922380], sa_mask[0]=11111111011111111101111111111110, sa_flags=SA_RESTART|SA_SIGINFO
SIGINT: SIG_IGN, sa_mask[0]=00000000000000000000000000000000, sa_flags=none
SIGTERM: [libjvm.so+0x922380], sa_mask[0]=11111111011111111101111111111110, sa_flags=SA_RESTART|SA_SIGINFO
SIGQUIT: [libjvm.so+0x922380], sa_mask[0]=11111111011111111101111111111110, sa_flags=SA_RESTART|SA_SIGINFO


---------------  S Y S T E M  ---------------

OS:DISTRIB_ID=Ubuntu
DISTRIB_RELEASE=18.04
DISTRIB_CODENAME=bionic
DISTRIB_DESCRIPTION="Ubuntu 18.04.2 LTS"

uname:Linux 4.15.0-50-generic #54-Ubuntu SMP Mon May 6 18:46:08 UTC 2019 x86_64
libc:glibc 2.27 NPTL 2.27 
rlimit: STACK 8192k, CORE 0k, NPROC 15183, NOFILE 1048576, AS infinity
load average:0,26 0,32 0,41

/proc/meminfo:
MemTotal:        3951280 kB
MemFree:         1581764 kB
MemAvailable:    2276272 kB
Buffers:          114972 kB
Cached:           885420 kB
SwapCached:          264 kB
Active:          1427288 kB
Inactive:         667344 kB
Active(anon):     949632 kB
Inactive(anon):   285832 kB
Active(file):     477656 kB
Inactive(file):   381512 kB
Unevictable:           0 kB
Mlocked:               0 kB
SwapTotal:        999420 kB
SwapFree:         998640 kB
Dirty:              1044 kB
Writeback:             0 kB
AnonPages:       1069444 kB
Mapped:           307168 kB
Shmem:            141204 kB
Slab:             144860 kB
SReclaimable:      85500 kB
SUnreclaim:        59360 kB
KernelStack:        7416 kB
PageTables:        33812 kB
NFS_Unstable:          0 kB
Bounce:                0 kB
WritebackTmp:          0 kB
CommitLimit:     2975060 kB
Committed_AS:    4323044 kB
VmallocTotal:   34359738367 kB
VmallocUsed:           0 kB
VmallocChunk:          0 kB
HardwareCorrupted:     0 kB
AnonHugePages:     53248 kB
ShmemHugePages:        0 kB
ShmemPmdMapped:        0 kB
CmaTotal:              0 kB
CmaFree:               0 kB
HugePages_Total:       0
HugePages_Free:        0
HugePages_Rsvd:        0
HugePages_Surp:        0
Hugepagesize:       2048 kB
DirectMap4k:      249472 kB
DirectMap2M:     3856384 kB


CPU:total 2 (2 cores per cpu, 1 threads per core) family 6 model 76 stepping 4, cmov, cx8, fxsr, mmx, sse, sse2, sse3, ssse3, sse4.1, sse4.2, popcnt, aes, clmul, erms, 3dnowpref, tsc, tscinvbit

/proc/cpuinfo:
processor	: 0
vendor_id	: GenuineIntel
cpu family	: 6
model		: 76
model name	: Intel(R) Celeron(R) CPU  N3060  @ 1.60GHz
stepping	: 4
microcode	: 0x411
cpu MHz		: 2479.998
cache size	: 1024 KB
physical id	: 0
siblings	: 2
core id		: 0
cpu cores	: 2
apicid		: 0
initial apicid	: 0
fpu		: yes
fpu_exception	: yes
cpuid level	: 11
wp		: yes
flags		: fpu vme de pse tsc msr pae mce cx8 apic sep mtrr pge mca cmov pat pse36 clflush dts acpi mmx fxsr sse sse2 ss ht tm pbe syscall nx rdtscp lm constant_tsc arch_perfmon pebs bts rep_good nopl xtopology tsc_reliable nonstop_tsc cpuid aperfmperf tsc_known_freq pni pclmulqdq dtes64 monitor ds_cpl vmx est tm2 ssse3 cx16 xtpr pdcm sse4_1 sse4_2 movbe popcnt tsc_deadline_timer aes rdrand lahf_lm 3dnowprefetch epb pti ibrs ibpb stibp tpr_shadow vnmi flexpriority ept vpid tsc_adjust smep erms dtherm ida arat md_clear
bugs		: cpu_meltdown spectre_v1 spectre_v2 mds
bogomips	: 3200.00
clflush size	: 64
cache_alignment	: 64
address sizes	: 36 bits physical, 48 bits virtual
power management:

processor	: 1
vendor_id	: GenuineIntel
cpu family	: 6
model		: 76
model name	: Intel(R) Celeron(R) CPU  N3060  @ 1.60GHz
stepping	: 4
microcode	: 0x411
cpu MHz		: 2479.998
cache size	: 1024 KB
physical id	: 0
siblings	: 2
core id		: 2
cpu cores	: 2
apicid		: 4
initial apicid	: 4
fpu		: yes
fpu_exception	: yes
cpuid level	: 11
wp		: yes
flags		: fpu vme de pse tsc msr pae mce cx8 apic sep mtrr pge mca cmov pat pse36 clflush dts acpi mmx fxsr sse sse2 ss ht tm pbe syscall nx rdtscp lm constant_tsc arch_perfmon pebs bts rep_good nopl xtopology tsc_reliable nonstop_tsc cpuid aperfmperf tsc_known_freq pni pclmulqdq dtes64 monitor ds_cpl vmx est tm2 ssse3 cx16 xtpr pdcm sse4_1 sse4_2 movbe popcnt tsc_deadline_timer aes rdrand lahf_lm 3dnowprefetch epb pti ibrs ibpb stibp tpr_shadow vnmi flexpriority ept vpid tsc_adjust smep erms dtherm ida arat md_clear
bugs		: cpu_meltdown spectre_v1 spectre_v2 mds
bogomips	: 3200.00
clflush size	: 64
cache_alignment	: 64
address sizes	: 36 bits physical, 48 bits virtual
power management:



Memory: 4k page, physical 3951280k(1745156k free), swap 999420k(998640k free)

vm_info: Java HotSpot(TM) 64-Bit Server VM (25.111-b14) for linux-amd64 JRE (1.8.0_111-b14), built on Sep 22 2016 16:14:03 by "java_re" with gcc 4.3.0 20080428 (Red Hat 4.3.0-8)

time: Fri Jun 14 16:21:37 2019
elapsed time: 4550 seconds (0d 1h 15m 50s)

