#
# There is insufficient memory for the Java Runtime Environment to continue.
# Native memory allocation (malloc) failed to allocate 78912 bytes for Chunk::new
# Possible reasons:
#   The system is out of physical RAM or swap space
#   In 32 bit mode, the process size limit was hit
# Possible solutions:
#   Reduce memory load on the system
#   Increase physical memory or swap space
#   Check if swap backing store is full
#   Use 64 bit Java on a 64 bit OS
#   Decrease Java heap size (-Xmx/-Xms)
#   Decrease number of Java threads
#   Decrease Java thread stack sizes (-Xss)
#   Set larger code cache with -XX:ReservedCodeCacheSize=
# This output file may be truncated or incomplete.
#
#  Out of Memory Error (allocation.cpp:390), pid=34236, tid=0x0000000000008740
#
# JRE version: Java(TM) SE Runtime Environment (8.0_111-b14) (build 1.8.0_111-b14)
# Java VM: Java HotSpot(TM) 64-Bit Server VM (25.111-b14 mixed mode windows-amd64 compressed oops)
# Failed to write core dump. Minidumps are not enabled by default on client versions of Windows
#

---------------  T H R E A D  ---------------

Current thread (0x000000000223e000):  JavaThread "main" [_thread_in_native, id=34624, stack(0x00000000022a0000,0x00000000023a0000)]

Stack: [0x00000000022a0000,0x00000000023a0000]
[error occurred during error reporting (printing stack bounds), id 0xc0000005]

Native frames: (J=compiled Java code, j=interpreted, Vv=VM code, C=native code)

Java frames: (J=compiled Java code, j=interpreted, Vv=VM code)
j  javax.swing.plaf.nimbus.NimbusLookAndFeel.<init>()V+28
j  com.sun.java.swing.plaf.nimbus.NimbusLookAndFeel.<init>()V+1
v  ~StubRoutines::call_stub
j  sun.reflect.NativeConstructorAccessorImpl.newInstance0(Ljava/lang/reflect/Constructor;[Ljava/lang/Object;)Ljava/lang/Object;+0
j  sun.reflect.NativeConstructorAccessorImpl.newInstance([Ljava/lang/Object;)Ljava/lang/Object;+85
j  sun.reflect.DelegatingConstructorAccessorImpl.newInstance([Ljava/lang/Object;)Ljava/lang/Object;+5
j  java.lang.reflect.Constructor.newInstance([Ljava/lang/Object;)Ljava/lang/Object;+79
j  java.lang.Class.newInstance()Ljava/lang/Object;+138
j  javax.swing.UIManager.setLookAndFeel(Ljava/lang/String;)V+28
j  screen.main([Ljava/lang/String;)V+2
v  ~StubRoutines::call_stub

---------------  P R O C E S S  ---------------

Java Threads: ( => current thread )
  0x0000000018d3d800 JavaThread "AWT-Windows" daemon [_thread_in_native, id=9032, stack(0x00000000192e0000,0x00000000193e0000)]
  0x0000000018d39800 JavaThread "AWT-Shutdown" [_thread_blocked, id=34412, stack(0x00000000191e0000,0x00000000192e0000)]
  0x0000000018d38000 JavaThread "Java2D Disposer" daemon [_thread_blocked, id=34408, stack(0x00000000190e0000,0x00000000191e0000)]
  0x00000000189c8800 JavaThread "Service Thread" daemon [_thread_blocked, id=16844, stack(0x0000000018da0000,0x0000000018ea0000)]
  0x000000001704a000 JavaThread "C1 CompilerThread2" daemon [_thread_blocked, id=34628, stack(0x00000000188a0000,0x00000000189a0000)]
  0x0000000017043800 JavaThread "C2 CompilerThread1" daemon [_thread_blocked, id=32352, stack(0x00000000187a0000,0x00000000188a0000)]
  0x0000000017041000 JavaThread "C2 CompilerThread0" daemon [_thread_blocked, id=33640, stack(0x00000000186a0000,0x00000000187a0000)]
  0x000000001703d800 JavaThread "Attach Listener" daemon [_thread_blocked, id=32080, stack(0x00000000185a0000,0x00000000186a0000)]
  0x000000001703c800 JavaThread "Signal Dispatcher" daemon [_thread_blocked, id=5484, stack(0x00000000184a0000,0x00000000185a0000)]
  0x000000001702a000 JavaThread "Finalizer" daemon [_thread_blocked, id=32508, stack(0x00000000182a0000,0x00000000183a0000)]
  0x0000000017008800 JavaThread "Reference Handler" daemon [_thread_blocked, id=24908, stack(0x00000000181a0000,0x00000000182a0000)]
=>0x000000000223e000 JavaThread "main" [_thread_in_native, id=34624, stack(0x00000000022a0000,0x00000000023a0000)]

Other Threads:
  0x0000000017007000 VMThread [stack: 0x00000000180a0000,0x00000000181a0000] [id=6000]
  0x00000000189eb000 WatcherThread [stack: 0x0000000018ea0000,0x0000000018fa0000] [id=34080]

VM state:not at safepoint (normal execution)

VM Mutex/Monitor currently owned by a thread: None

Heap:
 PSYoungGen      total 38400K, used 3993K [0x00000000d5a00000, 0x00000000d8480000, 0x0000000100000000)
  eden space 33280K, 12% used [0x00000000d5a00000,0x00000000d5de6728,0x00000000d7a80000)
  from space 5120K, 0% used [0x00000000d7f80000,0x00000000d7f80000,0x00000000d8480000)
  to   space 5120K, 0% used [0x00000000d7a80000,0x00000000d7a80000,0x00000000d7f80000)
 ParOldGen       total 87552K, used 0K [0x0000000080e00000, 0x0000000086380000, 0x00000000d5a00000)
  object space 87552K, 0% used [0x0000000080e00000,0x0000000080e00000,0x0000000086380000)
 Metaspace       used 5427K, capacity 5572K, committed 5888K, reserved 1058816K
  class space    used 602K, capacity 665K, committed 768K, reserved 1048576K

Card table byte_map: [0x0000000011860000,0x0000000011c60000] byte_map_base: 0x0000000011459000

Marking Bits: (ParMarkBitMap*) 0x000000006a54a6c0
 Begin Bits: [0x0000000012310000, 0x00000000142d8000)
 End Bits:   [0x00000000142d8000, 0x00000000162a0000)

Polling page: 0x00000000005f0000

CodeCache: size=245760Kb used=1584Kb max_used=1584Kb free=244175Kb
 bounds [0x00000000024a0000, 0x0000000002710000, 0x00000000114a0000]
 total_blobs=590 nmethods=258 adapters=245
 compilation: enabled

Compilation events (10 events):
Event: 0.148 Thread 0x000000001704a000  255       3       java.util.HashMap$HashIterator::nextNode (100 bytes)
Event: 0.148 Thread 0x000000001704a000 nmethod 255 0x0000000002629210 code [0x00000000026293c0, 0x0000000002629858]
Event: 0.148 Thread 0x000000001704a000  254       3       java.util.HashMap::get (23 bytes)
Event: 0.148 Thread 0x000000001704a000 nmethod 254 0x0000000002628b10 code [0x0000000002628ca0, 0x0000000002629098]
Event: 0.148 Thread 0x000000001704a000  258       3       java.util.IdentityHashMap$IdentityHashMapIterator::hasNext (50 bytes)
Event: 0.148 Thread 0x000000001704a000 nmethod 258 0x000000000262b590 code [0x000000000262b700, 0x000000000262b990]
Event: 0.148 Thread 0x000000001704a000  257       3       java.util.HashMap$KeyIterator::next (8 bytes)
Event: 0.148 Thread 0x000000001704a000 nmethod 257 0x000000000262ba90 code [0x000000000262bc00, 0x000000000262be08]
Event: 0.148 Thread 0x000000001704a000  256       1       java.util.concurrent.atomic.AtomicInteger::get (5 bytes)
Event: 0.148 Thread 0x000000001704a000 nmethod 256 0x0000000002628850 code [0x00000000026289a0, 0x0000000002628ab0]

GC Heap History (0 events):
No events

Deoptimization events (0 events):
No events

Internal exceptions (9 events):
Event: 0.024 Thread 0x000000000223e000 Exception <a 'java/lang/NoSuchMethodError': Method sun.misc.Unsafe.defineClass(Ljava/lang/String;[BII)Ljava/lang/Class; name or signature does not match> (0x00000000d5a07c78) thrown at [C:\re\workspace\8-2-build-windows-amd64-cygwin\jdk8u111\7883\hotspot\
Event: 0.024 Thread 0x000000000223e000 Exception <a 'java/lang/NoSuchMethodError': Method sun.misc.Unsafe.prefetchRead(Ljava/lang/Object;J)V name or signature does not match> (0x00000000d5a07f60) thrown at [C:\re\workspace\8-2-build-windows-amd64-cygwin\jdk8u111\7883\hotspot\src\share\vm\prims
Event: 0.070 Thread 0x000000000223e000 Exception <a 'java/security/PrivilegedActionException'> (0x00000000d5b61be0) thrown at [C:\re\workspace\8-2-build-windows-amd64-cygwin\jdk8u111\7883\hotspot\src\share\vm\prims\jvm.cpp, line 1386]
Event: 0.070 Thread 0x000000000223e000 Exception <a 'java/security/PrivilegedActionException'> (0x00000000d5b61df0) thrown at [C:\re\workspace\8-2-build-windows-amd64-cygwin\jdk8u111\7883\hotspot\src\share\vm\prims\jvm.cpp, line 1386]
Event: 0.071 Thread 0x000000000223e000 Exception <a 'java/security/PrivilegedActionException'> (0x00000000d5b65cd8) thrown at [C:\re\workspace\8-2-build-windows-amd64-cygwin\jdk8u111\7883\hotspot\src\share\vm\prims\jvm.cpp, line 1386]
Event: 0.071 Thread 0x000000000223e000 Exception <a 'java/security/PrivilegedActionException'> (0x00000000d5b65ee8) thrown at [C:\re\workspace\8-2-build-windows-amd64-cygwin\jdk8u111\7883\hotspot\src\share\vm\prims\jvm.cpp, line 1386]
Event: 0.074 Thread 0x000000000223e000 Exception <a 'java/io/FileNotFoundException'> (0x00000000d5b6c4b0) thrown at [C:\re\workspace\8-2-build-windows-amd64-cygwin\jdk8u111\7883\hotspot\src\share\vm\prims\jni.cpp, line 709]
Event: 0.107 Thread 0x000000000223e000 Exception <a 'java/lang/NoSuchFieldError': method resolution failed> (0x00000000d5c39b80) thrown at [C:\re\workspace\8-2-build-windows-amd64-cygwin\jdk8u111\7883\hotspot\src\share\vm\prims\methodHandles.cpp, line 1146]
Event: 0.111 Thread 0x000000000223e000 Exception <a 'java/lang/NoSuchFieldError': method resolution failed> (0x00000000d5c47228) thrown at [C:\re\workspace\8-2-build-windows-amd64-cygwin\jdk8u111\7883\hotspot\src\share\vm\prims\methodHandles.cpp, line 1146]

Events (10 events):
Event: 0.150 loading class javax/swing/plaf/synth/SynthStyleFactory
Event: 0.150 loading class javax/swing/plaf/synth/SynthStyleFactory done
Event: 0.150 loading class javax/swing/plaf/synth/DefaultSynthStyleFactory done
Event: 0.150 loading class sun/swing/BakedArrayList
Event: 0.150 loading class sun/swing/BakedArrayList done
Event: 0.150 loading class javax/swing/plaf/synth/SynthLookAndFeel$Handler
Event: 0.150 loading class javax/swing/plaf/synth/SynthLookAndFeel$Handler done
Event: 0.150 loading class javax/swing/plaf/nimbus/NimbusLookAndFeel$DefaultsListener
Event: 0.150 loading class javax/swing/plaf/nimbus/NimbusLookAndFeel$DefaultsListener done
Event: 0.150 loading class javax/swing/plaf/nimbus/NimbusDefaults


Dynamic libraries:
0x00007ff741210000 - 0x00007ff741247000 	C:\Program Files\Java\jdk1.8.0_111\bin\java.exe
0x00007ffaaac60000 - 0x00007ffaaae4d000 	C:\WINDOWS\SYSTEM32\ntdll.dll
0x00007ffaaa820000 - 0x00007ffaaa8d3000 	C:\WINDOWS\System32\KERNEL32.DLL
0x00007ffaa76c0000 - 0x00007ffaa7953000 	C:\WINDOWS\System32\KERNELBASE.dll
0x00007ffaa86c0000 - 0x00007ffaa8763000 	C:\WINDOWS\System32\ADVAPI32.dll
0x00007ffaaa770000 - 0x00007ffaaa80e000 	C:\WINDOWS\System32\msvcrt.dll
0x00007ffaa8770000 - 0x00007ffaa880e000 	C:\WINDOWS\System32\sechost.dll
0x00007ffaaa640000 - 0x00007ffaaa762000 	C:\WINDOWS\System32\RPCRT4.dll
0x00007ffaa8150000 - 0x00007ffaa82e7000 	C:\WINDOWS\System32\USER32.dll
0x00007ffaa7b30000 - 0x00007ffaa7b50000 	C:\WINDOWS\System32\win32u.dll
0x00007ffaa8a20000 - 0x00007ffaa8a49000 	C:\WINDOWS\System32\GDI32.dll
0x00007ffaa7b50000 - 0x00007ffaa7cea000 	C:\WINDOWS\System32\gdi32full.dll
0x00007ffaa7cf0000 - 0x00007ffaa7d90000 	C:\WINDOWS\System32\msvcp_win.dll
0x00007ffaa7d90000 - 0x00007ffaa7e8a000 	C:\WINDOWS\System32\ucrtbase.dll
0x00007ffa8eea0000 - 0x00007ffa8f119000 	C:\WINDOWS\WinSxS\amd64_microsoft.windows.common-controls_6595b64144ccf1df_6.0.17763.557_none_05b63f68071e5b9f\COMCTL32.dll
0x00007ffaa8320000 - 0x00007ffaa864c000 	C:\WINDOWS\System32\combase.dll
0x00007ffaa7a40000 - 0x00007ffaa7abe000 	C:\WINDOWS\System32\bcryptPrimitives.dll
0x00007ffaa82f0000 - 0x00007ffaa831e000 	C:\WINDOWS\System32\IMM32.DLL
0x0000000069c50000 - 0x0000000069d22000 	C:\Program Files\Java\jdk1.8.0_111\jre\bin\msvcr100.dll
0x0000000069d30000 - 0x000000006a5ca000 	C:\Program Files\Java\jdk1.8.0_111\jre\bin\server\jvm.dll
0x00007ffaa8650000 - 0x00007ffaa8658000 	C:\WINDOWS\System32\PSAPI.DLL
0x00007ffa9e8f0000 - 0x00007ffa9e8fa000 	C:\WINDOWS\SYSTEM32\VERSION.dll
0x00007ffa8ddd0000 - 0x00007ffa8ddf4000 	C:\WINDOWS\SYSTEM32\WINMM.dll
0x00007ffaa4fd0000 - 0x00007ffaa4fd9000 	C:\WINDOWS\SYSTEM32\WSOCK32.dll
0x00007ffaa8a50000 - 0x00007ffaa8abd000 	C:\WINDOWS\System32\WS2_32.dll
0x00007ffa8dda0000 - 0x00007ffa8ddcd000 	C:\WINDOWS\SYSTEM32\winmmbase.dll
0x00007ffaa7ac0000 - 0x00007ffaa7b0a000 	C:\WINDOWS\System32\cfgmgr32.dll
0x0000000069c00000 - 0x0000000069c0f000 	C:\Program Files\Java\jdk1.8.0_111\jre\bin\verify.dll
0x0000000069bd0000 - 0x0000000069bf9000 	C:\Program Files\Java\jdk1.8.0_111\jre\bin\java.dll
0x0000000069bb0000 - 0x0000000069bc6000 	C:\Program Files\Java\jdk1.8.0_111\jre\bin\zip.dll
0x00007ffaa9150000 - 0x00007ffaaa640000 	C:\WINDOWS\System32\SHELL32.dll
0x00007ffaaaab0000 - 0x00007ffaaab58000 	C:\WINDOWS\System32\shcore.dll
0x00007ffaa6f70000 - 0x00007ffaa76ba000 	C:\WINDOWS\System32\windows.storage.dll
0x00007ffaa6ca0000 - 0x00007ffaa6cc4000 	C:\WINDOWS\System32\profapi.dll
0x00007ffaa6cd0000 - 0x00007ffaa6d2d000 	C:\WINDOWS\System32\powrprof.dll
0x00007ffaa89c0000 - 0x00007ffaa8a12000 	C:\WINDOWS\System32\shlwapi.dll
0x00007ffaa6c80000 - 0x00007ffaa6c91000 	C:\WINDOWS\System32\kernel.appcore.dll
0x00007ffaa7b10000 - 0x00007ffaa7b27000 	C:\WINDOWS\System32\cryptsp.dll
0x00000000699d0000 - 0x0000000069b68000 	C:\Program Files\Java\jdk1.8.0_111\jre\bin\awt.dll
0x00007ffaa8000000 - 0x00007ffaa80c4000 	C:\WINDOWS\System32\OLEAUT32.dll
0x00007ffaa5040000 - 0x00007ffaa50cc000 	C:\WINDOWS\SYSTEM32\apphelp.dll
0x00007ffaa5260000 - 0x00007ffaa52fc000 	C:\WINDOWS\system32\uxtheme.dll
0x00007ffaa7e90000 - 0x00007ffaa7ffb000 	C:\WINDOWS\System32\MSCTF.dll
0x00007ffaa5370000 - 0x00007ffaa539e000 	C:\WINDOWS\system32\dwmapi.dll
0x00007ffaa6d90000 - 0x00007ffaa6f6b000 	C:\WINDOWS\System32\CRYPT32.dll
0x00007ffaa6c60000 - 0x00007ffaa6c72000 	C:\WINDOWS\System32\MSASN1.dll
0x00007ffaaa8f0000 - 0x00007ffaaaa45000 	C:\WINDOWS\System32\ole32.dll

VM Arguments:
jvm_args: -Dfile.encoding=UTF-8 
java_command: screen
java_class_path (initial): C:\Users\mahes\Documents\NetBeansProjects\angsur\lib\absolutelayout-2\AbsoluteLayout.jar;C:\Users\mahes\Documents\NetBeansProjects\angsur\lib\MySQLDriver-2\mysql-connector-java-5.1.23-bin.jar;C:\Users\mahes\Documents\NetBeansProjects\angsur\lib\DateChooser.jar;C:\Users\mahes\Documents\NetBeansProjects\angsur\lib\jcalendar-1.4.jar;C:\Users\mahes\Documents\NetBeansProjects\angsur\lib\commons-beanutils-1.8.2.jar;C:\Users\mahes\Documents\NetBeansProjects\angsur\lib\commons-collections-3.2.1.jar;C:\Users\mahes\Documents\NetBeansProjects\angsur\lib\commons-digester-2.1.jar;C:\Users\mahes\Documents\NetBeansProjects\angsur\lib\commons-javaflow-20060411.jar;C:\Users\mahes\Documents\NetBeansProjects\angsur\lib\commons-logging-1.1.jar;C:\Users\mahes\Documents\NetBeansProjects\angsur\lib\groovy-all-1.7.5.jar;C:\Users\mahes\Documents\NetBeansProjects\angsur\lib\jasperreports-5.0.0.jar;C:\Users\mahes\Documents\NetBeansProjects\angsur\build\classes
Launcher Type: SUN_STANDARD

Environment Variables:
JAVA_HOME=C:\Program Files\Java\jdk-10.0.2
PATH=C:\Program Files (x86)\Common Files\Intel\Shared Libraries\redist\intel64\compiler;C:\Program Files (x86)\Common Files\Oracle\Java\javapath;C:\WINDOWS\system32;C:\WINDOWS;C:\WINDOWS\System32\Wbem;C:\WINDOWS\System32\WindowsPowerShell\v1.0\;C:\WINDOWS\System32\OpenSSH\;";C:\Python27\";C:\Program Files\Git\cmd;C:\Program Files\nodejs\;C:\Program Files\Java\jdk1.8.0_111;C:\Users\mahes\AppData\Local\Android\Sdk\platforms;C:\Users\mahes\AppData\Local\Android\Sdk\platform-tools;C:\Users\mahes\AppData\Local\Android\Sdk\skins\pixel_2_xl;C:\Program Files\Android\Android Studio;C:\Program Files\Java\jdk1.8.0_111bin;C:\xampp\php;C:\composer;C:\Program Files\Java\jdk1.8.0_111\bin;C:\Users\mahes\AppData\Local\Programs\Microsoft VS Code\bin;C:\Users\mahes\AppData\Local\Microsoft\WindowsApps;C:\Users\mahes\AppData\Roaming\npm;C:\Users\mahes\AppData\Roaming\Composer\vendor\bin
USERNAME=mahes
OS=Windows_NT
PROCESSOR_IDENTIFIER=Intel64 Family 6 Model 158 Stepping 9, GenuineIntel



---------------  S Y S T E M  ---------------

OS: Windows 10.0 , 64 bit Build 17763 (10.0.17763.475)

CPU:total 4 (2 cores per cpu, 2 threads per core) family 6 model 158 stepping 9, cmov, cx8, fxsr, mmx, sse, sse2, sse3, ssse3, sse4.1, sse4.2, popcnt, avx, avx2, aes, clmul, erms, 3dnowpref, lzcnt, ht, tsc, tscinvbit, bmi1, bmi2, adx

Memory: 4k page, physical 8324696k(2219276k free), swap 33490520k(5148k free)

vm_info: Java HotSpot(TM) 64-Bit Server VM (25.111-b14) for windows-amd64 JRE (1.8.0_111-b14), built on Sep 22 2016 19:24:05 by "java_re" with MS VC++ 10.0 (VS2010)

time: Sat Jun 22 23:16:45 2019
elapsed time: 0 seconds (0d 0h 0m 0s)

