#
# There is insufficient memory for the Java Runtime Environment to continue.
# Native memory allocation (malloc) failed to allocate 1048576 bytes for AllocateHeap
# Possible reasons:
#   The system is out of physical RAM or swap space
#   In 32 bit mode, the process size limit was hit
# Possible solutions:
#   Reduce memory load on the system
#   Increase physical memory or swap space
#   Check if swap backing store is full
#   Use 64 bit Java on a 64 bit OS
#   Decrease Java heap size (-Xmx/-Xms)
#   Decrease number of Java threads
#   Decrease Java thread stack sizes (-Xss)
#   Set larger code cache with -XX:ReservedCodeCacheSize=
# This output file may be truncated or incomplete.
#
#  Out of Memory Error (memory/allocation.inline.hpp:61), pid=16888, tid=0x0000000000007fc0
#
# JRE version:  (8.0_111-b14) (build )
# Java VM: Java HotSpot(TM) 64-Bit Server VM (25.111-b14 mixed mode windows-amd64 compressed oops)
# Failed to write core dump. Minidumps are not enabled by default on client versions of Windows
#

---------------  T H R E A D  ---------------

Current thread (0x0000000002a7e000):  JavaThread "Unknown thread" [_thread_in_vm, id=32704, stack(0x0000000002af0000,0x0000000002bf0000)]

Stack: [0x0000000002af0000,0x0000000002bf0000]
[error occurred during error reporting (printing stack bounds), id 0xc0000005]

Native frames: (J=compiled Java code, j=interpreted, Vv=VM code, C=native code)


---------------  P R O C E S S  ---------------

Java Threads: ( => current thread )

Other Threads:

=>0x0000000002a7e000 (exited) JavaThread "Unknown thread" [_thread_in_vm, id=32704, stack(0x0000000002af0000,0x0000000002bf0000)]

VM state:not at safepoint (normal execution)

VM Mutex/Monitor currently owned by a thread: None

Heap:
 PSYoungGen      total 38400K, used 665K [0x00000000d5a00000, 0x00000000d8480000, 0x0000000100000000)
  eden space 33280K, 2% used [0x00000000d5a00000,0x00000000d5aa6670,0x00000000d7a80000)
  from space 5120K, 0% used [0x00000000d7f80000,0x00000000d7f80000,0x00000000d8480000)
  to   space 5120K, 0% used [0x00000000d7a80000,0x00000000d7a80000,0x00000000d7f80000)
 ParOldGen       total 87552K, used 0K [0x0000000080e00000, 0x0000000086380000, 0x00000000d5a00000)
  object space 87552K, 0% used [0x0000000080e00000,0x0000000080e00000,0x0000000086380000)
 Metaspace       used 770K, capacity 4480K, committed 4480K, reserved 1056768K
  class space    used 75K, capacity 384K, committed 384K, reserved 1048576K

Card table byte_map: [0x00000000120b0000,0x00000000124b0000] byte_map_base: 0x0000000011ca9000

Marking Bits: (ParMarkBitMap*) 0x000000006a54a6c0
 Begin Bits: [0x0000000012b60000, 0x0000000014b28000)
 End Bits:   [0x0000000014b28000, 0x0000000016af0000)

Polling page: 0x0000000000d80000

CodeCache: size=245760Kb used=328Kb max_used=328Kb free=245431Kb
 bounds [0x0000000002cf0000, 0x0000000002f60000, 0x0000000011cf0000]
 total_blobs=58 nmethods=0 adapters=38
 compilation: enabled

Compilation events (0 events):
No events

GC Heap History (0 events):
No events

Deoptimization events (0 events):
No events

Internal exceptions (0 events):
No events

Events (10 events):
Event: 0.019 loading class java/lang/Short
Event: 0.019 loading class java/lang/Short done
Event: 0.019 loading class java/lang/Integer
Event: 0.019 loading class java/lang/Integer done
Event: 0.019 loading class java/lang/Long
Event: 0.019 loading class java/lang/Long done
Event: 0.019 loading class java/lang/NullPointerException
Event: 0.019 loading class java/lang/NullPointerException done
Event: 0.019 loading class java/lang/ArithmeticException
Event: 0.019 loading class java/lang/ArithmeticException done


Dynamic libraries:
0x00007ff741210000 - 0x00007ff741247000 	C:\Program Files\Java\jdk1.8.0_111\bin\java.exe
0x00007ffaaac60000 - 0x00007ffaaae4d000 	C:\WINDOWS\SYSTEM32\ntdll.dll
0x00007ffaaa820000 - 0x00007ffaaa8d3000 	C:\WINDOWS\System32\KERNEL32.DLL
0x00007ffaa76c0000 - 0x00007ffaa7953000 	C:\WINDOWS\System32\KERNELBASE.dll
0x00007ffaa86c0000 - 0x00007ffaa8763000 	C:\WINDOWS\System32\ADVAPI32.dll
0x00007ffaaa770000 - 0x00007ffaaa80e000 	C:\WINDOWS\System32\msvcrt.dll
0x00007ffaa8770000 - 0x00007ffaa880e000 	C:\WINDOWS\System32\sechost.dll
0x00007ffaaa640000 - 0x00007ffaaa762000 	C:\WINDOWS\System32\RPCRT4.dll
0x00007ffaa8150000 - 0x00007ffaa82e7000 	C:\WINDOWS\System32\USER32.dll
0x00007ffaa7b30000 - 0x00007ffaa7b50000 	C:\WINDOWS\System32\win32u.dll
0x00007ffaa8a20000 - 0x00007ffaa8a49000 	C:\WINDOWS\System32\GDI32.dll
0x00007ffaa7b50000 - 0x00007ffaa7cea000 	C:\WINDOWS\System32\gdi32full.dll
0x00007ffaa7cf0000 - 0x00007ffaa7d90000 	C:\WINDOWS\System32\msvcp_win.dll
0x00007ffaa7d90000 - 0x00007ffaa7e8a000 	C:\WINDOWS\System32\ucrtbase.dll
0x00007ffa8eea0000 - 0x00007ffa8f119000 	C:\WINDOWS\WinSxS\amd64_microsoft.windows.common-controls_6595b64144ccf1df_6.0.17763.557_none_05b63f68071e5b9f\COMCTL32.dll
0x00007ffaa8320000 - 0x00007ffaa864c000 	C:\WINDOWS\System32\combase.dll
0x00007ffaa7a40000 - 0x00007ffaa7abe000 	C:\WINDOWS\System32\bcryptPrimitives.dll
0x00007ffaa82f0000 - 0x00007ffaa831e000 	C:\WINDOWS\System32\IMM32.DLL
0x0000000069c50000 - 0x0000000069d22000 	C:\Program Files\Java\jdk1.8.0_111\jre\bin\msvcr100.dll
0x0000000069d30000 - 0x000000006a5ca000 	C:\Program Files\Java\jdk1.8.0_111\jre\bin\server\jvm.dll
0x00007ffaa8650000 - 0x00007ffaa8658000 	C:\WINDOWS\System32\PSAPI.DLL
0x00007ffaa4fd0000 - 0x00007ffaa4fd9000 	C:\WINDOWS\SYSTEM32\WSOCK32.dll
0x00007ffaa8a50000 - 0x00007ffaa8abd000 	C:\WINDOWS\System32\WS2_32.dll
0x00007ffa8ddd0000 - 0x00007ffa8ddf4000 	C:\WINDOWS\SYSTEM32\WINMM.dll
0x00007ffa9e8f0000 - 0x00007ffa9e8fa000 	C:\WINDOWS\SYSTEM32\VERSION.dll
0x00007ffa8dda0000 - 0x00007ffa8ddcd000 	C:\WINDOWS\SYSTEM32\WINMMBASE.dll
0x00007ffaa7ac0000 - 0x00007ffaa7b0a000 	C:\WINDOWS\System32\cfgmgr32.dll
0x0000000069c00000 - 0x0000000069c0f000 	C:\Program Files\Java\jdk1.8.0_111\jre\bin\verify.dll
0x0000000069bd0000 - 0x0000000069bf9000 	C:\Program Files\Java\jdk1.8.0_111\jre\bin\java.dll
0x0000000069bb0000 - 0x0000000069bc6000 	C:\Program Files\Java\jdk1.8.0_111\jre\bin\zip.dll

VM Arguments:
jvm_args: -Dfile.encoding=UTF-8 
java_command: screen
java_class_path (initial): C:\Users\mahes\Documents\NetBeansProjects\angsur\lib\absolutelayout-2\AbsoluteLayout.jar;C:\Users\mahes\Documents\NetBeansProjects\angsur\lib\MySQLDriver-2\mysql-connector-java-5.1.23-bin.jar;C:\Users\mahes\Documents\NetBeansProjects\angsur\lib\DateChooser.jar;C:\Users\mahes\Documents\NetBeansProjects\angsur\lib\jcalendar-1.4.jar;C:\Users\mahes\Documents\NetBeansProjects\angsur\lib\commons-beanutils-1.8.2.jar;C:\Users\mahes\Documents\NetBeansProjects\angsur\lib\commons-collections-3.2.1.jar;C:\Users\mahes\Documents\NetBeansProjects\angsur\lib\commons-digester-2.1.jar;C:\Users\mahes\Documents\NetBeansProjects\angsur\lib\commons-javaflow-20060411.jar;C:\Users\mahes\Documents\NetBeansProjects\angsur\lib\commons-logging-1.1.jar;C:\Users\mahes\Documents\NetBeansProjects\angsur\lib\groovy-all-1.7.5.jar;C:\Users\mahes\Documents\NetBeansProjects\angsur\lib\jasperreports-5.0.0.jar;C:\Users\mahes\Documents\NetBeansProjects\angsur\build\classes
Launcher Type: SUN_STANDARD

Environment Variables:
JAVA_HOME=C:\Program Files\Java\jdk-10.0.2
PATH=C:\Program Files (x86)\Common Files\Intel\Shared Libraries\redist\intel64\compiler;C:\Program Files (x86)\Common Files\Oracle\Java\javapath;C:\WINDOWS\system32;C:\WINDOWS;C:\WINDOWS\System32\Wbem;C:\WINDOWS\System32\WindowsPowerShell\v1.0\;C:\WINDOWS\System32\OpenSSH\;";C:\Python27\";C:\Program Files\Git\cmd;C:\Program Files\nodejs\;C:\Program Files\Java\jdk1.8.0_111;C:\Users\mahes\AppData\Local\Android\Sdk\platforms;C:\Users\mahes\AppData\Local\Android\Sdk\platform-tools;C:\Users\mahes\AppData\Local\Android\Sdk\skins\pixel_2_xl;C:\Program Files\Android\Android Studio;C:\Program Files\Java\jdk1.8.0_111bin;C:\xampp\php;C:\composer;C:\Program Files\Java\jdk1.8.0_111\bin;C:\Users\mahes\AppData\Local\Programs\Microsoft VS Code\bin;C:\Users\mahes\AppData\Local\Microsoft\WindowsApps;C:\Users\mahes\AppData\Roaming\npm;C:\Users\mahes\AppData\Roaming\Composer\vendor\bin
USERNAME=mahes
OS=Windows_NT
PROCESSOR_IDENTIFIER=Intel64 Family 6 Model 158 Stepping 9, GenuineIntel



---------------  S Y S T E M  ---------------

OS: Windows 10.0 , 64 bit Build 17763 (10.0.17763.475)

CPU:total 4 (2 cores per cpu, 2 threads per core) family 6 model 158 stepping 9, cmov, cx8, fxsr, mmx, sse, sse2, sse3, ssse3, sse4.1, sse4.2, popcnt, avx, avx2, aes, clmul, erms, 3dnowpref, lzcnt, ht, tsc, tscinvbit, bmi1, bmi2, adx

Memory: 4k page, physical 8324696k(2259172k free), swap 33490520k(5420k free)

vm_info: Java HotSpot(TM) 64-Bit Server VM (25.111-b14) for windows-amd64 JRE (1.8.0_111-b14), built on Sep 22 2016 19:24:05 by "java_re" with MS VC++ 10.0 (VS2010)

time: Sat Jun 22 23:16:20 2019
elapsed time: 0 seconds (0d 0h 0m 0s)

