#
# There is insufficient memory for the Java Runtime Environment to continue.
# Native memory allocation (malloc) failed to allocate 472096 bytes for Chunk::new
# Possible reasons:
#   The system is out of physical RAM or swap space
#   In 32 bit mode, the process size limit was hit
# Possible solutions:
#   Reduce memory load on the system
#   Increase physical memory or swap space
#   Check if swap backing store is full
#   Use 64 bit Java on a 64 bit OS
#   Decrease Java heap size (-Xmx/-Xms)
#   Decrease number of Java threads
#   Decrease Java thread stack sizes (-Xss)
#   Set larger code cache with -XX:ReservedCodeCacheSize=
# This output file may be truncated or incomplete.
#
#  Out of Memory Error (allocation.cpp:390), pid=24300, tid=0x0000000000001234
#
# JRE version: Java(TM) SE Runtime Environment (8.0_111-b14) (build 1.8.0_111-b14)
# Java VM: Java HotSpot(TM) 64-Bit Server VM (25.111-b14 mixed mode windows-amd64 compressed oops)
# Failed to write core dump. Minidumps are not enabled by default on client versions of Windows
#

---------------  T H R E A D  ---------------

Current thread (0x00000000170d1800):  JavaThread "C2 CompilerThread1" daemon [_thread_in_native, id=4660, stack(0x0000000018830000,0x0000000018930000)]

Stack: [0x0000000018830000,0x0000000018930000]
[error occurred during error reporting (printing stack bounds), id 0xc0000005]

Native frames: (J=compiled Java code, j=interpreted, Vv=VM code, C=native code)


Current CompileTask:
C2:  13650 2335       4       javax.swing.plaf.nimbus.NimbusStyle::validate (1178 bytes)


---------------  P R O C E S S  ---------------

Java Threads: ( => current thread )
  0x000000001951c000 JavaThread "Swing-Shell" daemon [_thread_blocked, id=23268, stack(0x0000000022ec0000,0x0000000022fc0000)]
  0x0000000018da5000 JavaThread "Image Fetcher 0" daemon [_thread_blocked, id=32228, stack(0x0000000022dc0000,0x0000000022ec0000)]
  0x0000000019717800 JavaThread "TimerQueue" daemon [_thread_blocked, id=18220, stack(0x00000000229c0000,0x0000000022ac0000)]
  0x000000000232e000 JavaThread "DestroyJavaVM" [_thread_blocked, id=16856, stack(0x0000000002330000,0x0000000002430000)]
  0x00000000196f8000 JavaThread "Abandoned connection cleanup thread" daemon [_thread_blocked, id=6888, stack(0x00000000216d0000,0x00000000217d0000)]
  0x000000001936d000 JavaThread "D3D Screen Updater" daemon [_thread_blocked, id=13832, stack(0x000000001fb00000,0x000000001fc00000)]
  0x0000000019297000 JavaThread "AWT-EventQueue-0" [_thread_blocked, id=10056, stack(0x000000001fa00000,0x000000001fb00000)]
  0x00000000191a7000 JavaThread "AWT-Windows" daemon [_thread_in_native, id=17820, stack(0x0000000019b70000,0x0000000019c70000)]
  0x00000000191a3000 JavaThread "AWT-Shutdown" [_thread_blocked, id=11508, stack(0x0000000019a70000,0x0000000019b70000)]
  0x00000000191a1800 JavaThread "Java2D Disposer" daemon [_thread_blocked, id=16488, stack(0x0000000019970000,0x0000000019a70000)]
  0x000000001712e800 JavaThread "Service Thread" daemon [_thread_blocked, id=16424, stack(0x0000000018e30000,0x0000000018f30000)]
  0x00000000170d5000 JavaThread "C1 CompilerThread2" daemon [_thread_blocked, id=10928, stack(0x0000000018930000,0x0000000018a30000)]
=>0x00000000170d1800 JavaThread "C2 CompilerThread1" daemon [_thread_in_native, id=4660, stack(0x0000000018830000,0x0000000018930000)]
  0x00000000170cf000 JavaThread "C2 CompilerThread0" daemon [_thread_blocked, id=25084, stack(0x0000000018730000,0x0000000018830000)]
  0x00000000170cb800 JavaThread "Attach Listener" daemon [_thread_blocked, id=656, stack(0x0000000018630000,0x0000000018730000)]
  0x00000000170ca000 JavaThread "Signal Dispatcher" daemon [_thread_blocked, id=17076, stack(0x0000000018530000,0x0000000018630000)]
  0x00000000170ba800 JavaThread "Finalizer" daemon [_thread_blocked, id=5716, stack(0x0000000018330000,0x0000000018430000)]
  0x0000000002520800 JavaThread "Reference Handler" daemon [_thread_blocked, id=16580, stack(0x0000000018230000,0x0000000018330000)]

Other Threads:
  0x0000000017096800 VMThread [stack: 0x0000000018130000,0x0000000018230000] [id=16636]
  0x0000000018a86000 WatcherThread [stack: 0x0000000018f30000,0x0000000019030000] [id=15112]

VM state:not at safepoint (normal execution)

VM Mutex/Monitor currently owned by a thread: None

Heap:
 PSYoungGen      total 38400K, used 29166K [0x00000000d5a00000, 0x00000000d8480000, 0x0000000100000000)
  eden space 33280K, 87% used [0x00000000d5a00000,0x00000000d767b8b0,0x00000000d7a80000)
  from space 5120K, 0% used [0x00000000d7f80000,0x00000000d7f80000,0x00000000d8480000)
  to   space 5120K, 0% used [0x00000000d7a80000,0x00000000d7a80000,0x00000000d7f80000)
 ParOldGen       total 87552K, used 0K [0x0000000080e00000, 0x0000000086380000, 0x00000000d5a00000)
  object space 87552K, 0% used [0x0000000080e00000,0x0000000080e00000,0x0000000086380000)
 Metaspace       used 18966K, capacity 19174K, committed 19328K, reserved 1067008K
  class space    used 2348K, capacity 2417K, committed 2432K, reserved 1048576K

Card table byte_map: [0x00000000118f0000,0x0000000011cf0000] byte_map_base: 0x00000000114e9000

Marking Bits: (ParMarkBitMap*) 0x000000006a54a6c0
 Begin Bits: [0x00000000123a0000, 0x0000000014368000)
 End Bits:   [0x0000000014368000, 0x0000000016330000)

Polling page: 0x0000000000ba0000

CodeCache: size=245760Kb used=7708Kb max_used=7708Kb free=238052Kb
 bounds [0x0000000002530000, 0x0000000002cd0000, 0x0000000011530000]
 total_blobs=2966 nmethods=2360 adapters=516
 compilation: enabled

Compilation events (10 events):
Event: 13.528 Thread 0x00000000170cf000 2384       4       java.lang.String::substring (56 bytes)
Event: 13.530 Thread 0x00000000170d5000 2387       3       java.awt.Component::dispatchEvent (6 bytes)
Event: 13.530 Thread 0x00000000170d5000 nmethod 2387 0x0000000002cb86d0 code [0x0000000002cb8840, 0x0000000002cb8a48]
Event: 13.530 Thread 0x00000000170d5000 2388       3       java.awt.Container::processEvent (22 bytes)
Event: 13.530 Thread 0x00000000170d5000 nmethod 2388 0x0000000002cb8010 code [0x0000000002cb81a0, 0x0000000002cb85f8]
Event: 13.531 Thread 0x00000000170cf000 nmethod 2384 0x0000000002cb4890 code [0x0000000002cb4a00, 0x0000000002cb4db8]
Event: 13.537 Thread 0x00000000170d5000 2389   !   3       sun.awt.GlobalCursorManager$NativeUpdater::postIfNotPending (48 bytes)
Event: 13.538 Thread 0x00000000170d5000 nmethod 2389 0x0000000002cb3ad0 code [0x0000000002cb3c80, 0x0000000002cb4508]
Event: 13.634 Thread 0x00000000170d5000 2391       3       java.awt.LightweightDispatcher::processMouseEvent (286 bytes)
Event: 13.635 Thread 0x00000000170d5000 nmethod 2391 0x0000000002cbdfd0 code [0x0000000002cbe340, 0x0000000002cc0118]

GC Heap History (0 events):
No events

Deoptimization events (10 events):
Event: 11.620 Thread 0x0000000019297000 Uncommon trap: reason=bimorphic action=maybe_recompile pc=0x0000000002944070 method=javax.swing.GroupLayout$ParallelGroup.setChildSize(Ljavax/swing/GroupLayout$Spring;III)V @ 83
Event: 11.620 Thread 0x0000000019297000 Uncommon trap: reason=bimorphic action=maybe_recompile pc=0x0000000002944070 method=javax.swing.GroupLayout$ParallelGroup.setChildSize(Ljavax/swing/GroupLayout$Spring;III)V @ 83
Event: 11.621 Thread 0x0000000019297000 Uncommon trap: reason=bimorphic action=maybe_recompile pc=0x0000000002944070 method=javax.swing.GroupLayout$ParallelGroup.setChildSize(Ljavax/swing/GroupLayout$Spring;III)V @ 83
Event: 11.621 Thread 0x0000000019297000 Uncommon trap: reason=bimorphic action=maybe_recompile pc=0x0000000002944070 method=javax.swing.GroupLayout$ParallelGroup.setChildSize(Ljavax/swing/GroupLayout$Spring;III)V @ 83
Event: 13.329 Thread 0x0000000019297000 Uncommon trap: reason=unstable_if action=reinterpret pc=0x0000000002b44da8 method=java.util.Hashtable.get(Ljava/lang/Object;)Ljava/lang/Object; @ 48
Event: 13.344 Thread 0x0000000019297000 Uncommon trap: reason=unstable_if action=reinterpret pc=0x0000000002b521f0 method=javax.swing.plaf.synth.SynthBorder.getBorderInsets(Ljava/awt/Component;Ljava/awt/Insets;)Ljava/awt/Insets; @ 214
Event: 13.373 Thread 0x0000000019297000 Uncommon trap: reason=null_assert action=make_not_entrant pc=0x0000000002bb8008 method=sun.java2d.pipe.BufferedPaints.setPaint(Lsun/java2d/pipe/RenderQueue;Lsun/java2d/SunGraphics2D;Ljava/awt/Paint;I)V @ 99
Event: 13.373 Thread 0x0000000019297000 Uncommon trap: reason=unstable_if action=reinterpret pc=0x0000000002b6f500 method=java.awt.MultipleGradientPaintContext.indexIntoGradientsArrays(F)I @ 24
Event: 13.374 Thread 0x0000000019297000 Uncommon trap: reason=unstable_if action=reinterpret pc=0x0000000002765ba4 method=java.awt.MultipleGradientPaintContext.indexIntoGradientsArrays(F)I @ 13
Event: 13.446 Thread 0x0000000019297000 Uncommon trap: reason=unstable_if action=reinterpret pc=0x0000000002c46354 method=java.awt.geom.AffineTransform.translate(DD)V @ 500

Internal exceptions (10 events):
Event: 0.375 Thread 0x000000000232e000 Exception <a 'java/io/FileNotFoundException'> (0x00000000d6189bc0) thrown at [C:\re\workspace\8-2-build-windows-amd64-cygwin\jdk8u111\7883\hotspot\src\share\vm\prims\jni.cpp, line 709]
Event: 0.375 Thread 0x000000000232e000 Exception <a 'java/io/FileNotFoundException'> (0x00000000d618ce08) thrown at [C:\re\workspace\8-2-build-windows-amd64-cygwin\jdk8u111\7883\hotspot\src\share\vm\prims\jni.cpp, line 709]
Event: 0.375 Thread 0x000000000232e000 Exception <a 'java/io/FileNotFoundException'> (0x00000000d618e7c0) thrown at [C:\re\workspace\8-2-build-windows-amd64-cygwin\jdk8u111\7883\hotspot\src\share\vm\prims\jni.cpp, line 709]
Event: 0.376 Thread 0x000000000232e000 Exception <a 'java/io/FileNotFoundException'> (0x00000000d6191690) thrown at [C:\re\workspace\8-2-build-windows-amd64-cygwin\jdk8u111\7883\hotspot\src\share\vm\prims\jni.cpp, line 709]
Event: 0.377 Thread 0x000000000232e000 Exception <a 'java/io/FileNotFoundException'> (0x00000000d619b668) thrown at [C:\re\workspace\8-2-build-windows-amd64-cygwin\jdk8u111\7883\hotspot\src\share\vm\prims\jni.cpp, line 709]
Event: 0.378 Thread 0x000000000232e000 Exception <a 'java/io/FileNotFoundException'> (0x00000000d619d010) thrown at [C:\re\workspace\8-2-build-windows-amd64-cygwin\jdk8u111\7883\hotspot\src\share\vm\prims\jni.cpp, line 709]
Event: 0.378 Thread 0x000000000232e000 Exception <a 'java/io/FileNotFoundException'> (0x00000000d61a0f08) thrown at [C:\re\workspace\8-2-build-windows-amd64-cygwin\jdk8u111\7883\hotspot\src\share\vm\prims\jni.cpp, line 709]
Event: 0.379 Thread 0x000000000232e000 Exception <a 'java/io/FileNotFoundException'> (0x00000000d61a3f58) thrown at [C:\re\workspace\8-2-build-windows-amd64-cygwin\jdk8u111\7883\hotspot\src\share\vm\prims\jni.cpp, line 709]
Event: 6.194 Thread 0x0000000019297000 Implicit null exception at 0x00000000029077d7 to 0x00000000029079c1
Event: 11.558 Thread 0x0000000019297000 Implicit null exception at 0x0000000002ae959a to 0x0000000002ae98a5

Events (10 events):
Event: 13.399 loading class sun/swing/plaf/synth/SynthFileChooserUI$DelayedSelectionUpdater done
Event: 13.405 loading class sun/font/StandardGlyphVector
Event: 13.405 loading class java/awt/font/GlyphVector
Event: 13.405 loading class java/awt/font/GlyphVector done
Event: 13.405 loading class sun/font/StandardGlyphVector done
Event: 13.405 loading class sun/font/StandardGlyphVector$GlyphStrike
Event: 13.405 loading class sun/font/StandardGlyphVector$GlyphStrike done
Event: 13.446 Thread 0x0000000019297000 Uncommon trap: trap_request=0xffffff65 fr.pc=0x0000000002c46354
Event: 13.446 Thread 0x0000000019297000 DEOPT PACKING pc=0x0000000002c46354 sp=0x000000001faf91a0
Event: 13.446 Thread 0x0000000019297000 DEOPT UNPACKING pc=0x000000000257582a sp=0x000000001faf9120 mode 2


Dynamic libraries:
0x00007ff741210000 - 0x00007ff741247000 	C:\Program Files\Java\jdk1.8.0_111\bin\java.exe
0x00007ffaaac60000 - 0x00007ffaaae4d000 	C:\WINDOWS\SYSTEM32\ntdll.dll
0x00007ffaaa820000 - 0x00007ffaaa8d3000 	C:\WINDOWS\System32\KERNEL32.DLL
0x00007ffaa76c0000 - 0x00007ffaa7953000 	C:\WINDOWS\System32\KERNELBASE.dll
0x00007ffaa86c0000 - 0x00007ffaa8763000 	C:\WINDOWS\System32\ADVAPI32.dll
0x00007ffaaa770000 - 0x00007ffaaa80e000 	C:\WINDOWS\System32\msvcrt.dll
0x00007ffaa8770000 - 0x00007ffaa880e000 	C:\WINDOWS\System32\sechost.dll
0x00007ffaaa640000 - 0x00007ffaaa762000 	C:\WINDOWS\System32\RPCRT4.dll
0x00007ffaa8150000 - 0x00007ffaa82e7000 	C:\WINDOWS\System32\USER32.dll
0x00007ffaa7b30000 - 0x00007ffaa7b50000 	C:\WINDOWS\System32\win32u.dll
0x00007ffaa8a20000 - 0x00007ffaa8a49000 	C:\WINDOWS\System32\GDI32.dll
0x00007ffaa7b50000 - 0x00007ffaa7cea000 	C:\WINDOWS\System32\gdi32full.dll
0x00007ffaa7cf0000 - 0x00007ffaa7d90000 	C:\WINDOWS\System32\msvcp_win.dll
0x00007ffaa7d90000 - 0x00007ffaa7e8a000 	C:\WINDOWS\System32\ucrtbase.dll
0x00007ffa8eea0000 - 0x00007ffa8f119000 	C:\WINDOWS\WinSxS\amd64_microsoft.windows.common-controls_6595b64144ccf1df_6.0.17763.557_none_05b63f68071e5b9f\COMCTL32.dll
0x00007ffaa8320000 - 0x00007ffaa864c000 	C:\WINDOWS\System32\combase.dll
0x00007ffaa7a40000 - 0x00007ffaa7abe000 	C:\WINDOWS\System32\bcryptPrimitives.dll
0x00007ffaa82f0000 - 0x00007ffaa831e000 	C:\WINDOWS\System32\IMM32.DLL
0x0000000069c50000 - 0x0000000069d22000 	C:\Program Files\Java\jdk1.8.0_111\jre\bin\msvcr100.dll
0x0000000069d30000 - 0x000000006a5ca000 	C:\Program Files\Java\jdk1.8.0_111\jre\bin\server\jvm.dll
0x00007ffaa8650000 - 0x00007ffaa8658000 	C:\WINDOWS\System32\PSAPI.DLL
0x00007ffaa4fd0000 - 0x00007ffaa4fd9000 	C:\WINDOWS\SYSTEM32\WSOCK32.dll
0x00007ffa8ddd0000 - 0x00007ffa8ddf4000 	C:\WINDOWS\SYSTEM32\WINMM.dll
0x00007ffa9e8f0000 - 0x00007ffa9e8fa000 	C:\WINDOWS\SYSTEM32\VERSION.dll
0x00007ffaa8a50000 - 0x00007ffaa8abd000 	C:\WINDOWS\System32\WS2_32.dll
0x00007ffa8dda0000 - 0x00007ffa8ddcd000 	C:\WINDOWS\SYSTEM32\WINMMBASE.dll
0x00007ffaa7ac0000 - 0x00007ffaa7b0a000 	C:\WINDOWS\System32\cfgmgr32.dll
0x0000000069c00000 - 0x0000000069c0f000 	C:\Program Files\Java\jdk1.8.0_111\jre\bin\verify.dll
0x0000000069bd0000 - 0x0000000069bf9000 	C:\Program Files\Java\jdk1.8.0_111\jre\bin\java.dll
0x0000000069bb0000 - 0x0000000069bc6000 	C:\Program Files\Java\jdk1.8.0_111\jre\bin\zip.dll
0x00007ffaa9150000 - 0x00007ffaaa640000 	C:\WINDOWS\System32\SHELL32.dll
0x00007ffaaaab0000 - 0x00007ffaaab58000 	C:\WINDOWS\System32\shcore.dll
0x00007ffaa6f70000 - 0x00007ffaa76ba000 	C:\WINDOWS\System32\windows.storage.dll
0x00007ffaa6ca0000 - 0x00007ffaa6cc4000 	C:\WINDOWS\System32\profapi.dll
0x00007ffaa6cd0000 - 0x00007ffaa6d2d000 	C:\WINDOWS\System32\powrprof.dll
0x00007ffaa89c0000 - 0x00007ffaa8a12000 	C:\WINDOWS\System32\shlwapi.dll
0x00007ffaa6c80000 - 0x00007ffaa6c91000 	C:\WINDOWS\System32\kernel.appcore.dll
0x00007ffaa7b10000 - 0x00007ffaa7b27000 	C:\WINDOWS\System32\cryptsp.dll
0x00000000699d0000 - 0x0000000069b68000 	C:\Program Files\Java\jdk1.8.0_111\jre\bin\awt.dll
0x00007ffaa8000000 - 0x00007ffaa80c4000 	C:\WINDOWS\System32\OLEAUT32.dll
0x00007ffaa5040000 - 0x00007ffaa50cc000 	C:\WINDOWS\SYSTEM32\apphelp.dll
0x00007ffaa5260000 - 0x00007ffaa52fc000 	C:\WINDOWS\system32\uxtheme.dll
0x00007ffaa7e90000 - 0x00007ffaa7ffb000 	C:\WINDOWS\System32\MSCTF.dll
0x00007ffaa5370000 - 0x00007ffaa539e000 	C:\WINDOWS\system32\dwmapi.dll
0x00007ffaa6d90000 - 0x00007ffaa6f6b000 	C:\WINDOWS\System32\CRYPT32.dll
0x00007ffaa6c60000 - 0x00007ffaa6c72000 	C:\WINDOWS\System32\MSASN1.dll
0x00007ffaaa8f0000 - 0x00007ffaaaa45000 	C:\WINDOWS\System32\ole32.dll
0x0000000069980000 - 0x00000000699c7000 	C:\Program Files\Java\jdk1.8.0_111\jre\bin\fontmanager.dll
0x00007ffa84fd0000 - 0x00007ffa8516e000 	C:\WINDOWS\system32\d3d9.dll
0x00007ffa8c5c0000 - 0x00007ffa8c79a000 	C:\WINDOWS\System32\DriverStore\FileRepository\c0331834.inf_amd64_598c38be6d6a3fce\B331820\aticfx64.dll
0x00007ffa90190000 - 0x00007ffa901c0000 	C:\WINDOWS\System32\DriverStore\FileRepository\c0331834.inf_amd64_598c38be6d6a3fce\B331820\atiu9p64.dll
0x00007ffa676b0000 - 0x00007ffa6832b000 	C:\WINDOWS\System32\DriverStore\FileRepository\c0331834.inf_amd64_598c38be6d6a3fce\B331820\atiumd64.dll
0x000000006b680000 - 0x000000006c32d000 	C:\WINDOWS\System32\DriverStore\FileRepository\c0331834.inf_amd64_598c38be6d6a3fce\B331820\atiumd6a.dll
0x0000000069b90000 - 0x0000000069baa000 	C:\Program Files\Java\jdk1.8.0_111\jre\bin\net.dll
0x00007ffaa6480000 - 0x00007ffaa64e7000 	C:\WINDOWS\system32\mswsock.dll
0x0000000069b70000 - 0x0000000069b81000 	C:\Program Files\Java\jdk1.8.0_111\jre\bin\nio.dll
0x0000000069930000 - 0x0000000069972000 	C:\Program Files\Java\jdk1.8.0_111\jre\bin\t2k.dll
0x00007ffa8aeb0000 - 0x00007ffa8af45000 	C:\WINDOWS\System32\TextInputFramework.dll
0x00007ffa8cee0000 - 0x00007ffa8d202000 	C:\WINDOWS\System32\CoreUIComponents.dll
0x00007ffaa4e30000 - 0x00007ffaa4f12000 	C:\WINDOWS\System32\CoreMessaging.dll
0x00007ffaa3350000 - 0x00007ffaa34a3000 	C:\WINDOWS\SYSTEM32\wintypes.dll
0x00007ffaa5d20000 - 0x00007ffaa5d51000 	C:\WINDOWS\SYSTEM32\ntmarta.dll
0x00000000698f0000 - 0x000000006991a000 	C:\Program Files\Java\jdk1.8.0_111\jre\bin\dcpr.dll
0x00007ffaaab80000 - 0x00007ffaaac22000 	C:\WINDOWS\System32\clbcatq.dll
0x00007ffa8dfb0000 - 0x00007ffa8e168000 	C:\WINDOWS\SYSTEM32\WindowsCodecs.dll
0x00007ffa89eb0000 - 0x00007ffa89f06000 	C:\WINDOWS\system32\dataexchange.dll
0x00007ffaa4670000 - 0x00007ffaa48ee000 	C:\WINDOWS\system32\d3d11.dll
0x00007ffaa3ee0000 - 0x00007ffaa40a3000 	C:\WINDOWS\system32\dcomp.dll
0x00007ffaa59e0000 - 0x00007ffaa5aa2000 	C:\WINDOWS\system32\dxgi.dll
0x00007ffaa53a0000 - 0x00007ffaa55ad000 	C:\WINDOWS\system32\twinapi.appcore.dll
0x00007ffaa5660000 - 0x00007ffaa5688000 	C:\WINDOWS\system32\RMCLIENT.dll
0x00007ffaa6220000 - 0x00007ffaa62e6000 	C:\WINDOWS\SYSTEM32\DNSAPI.dll
0x00007ffaaa8e0000 - 0x00007ffaaa8e8000 	C:\WINDOWS\System32\NSI.dll
0x00007ffaa61e0000 - 0x00007ffaa621d000 	C:\WINDOWS\SYSTEM32\IPHLPAPI.DLL
0x00007ffaa1db0000 - 0x00007ffaa1dba000 	C:\Windows\System32\rasadhlp.dll
0x00007ffaa26f0000 - 0x00007ffaa2769000 	C:\WINDOWS\System32\fwpuclnt.dll
0x00007ffaa7960000 - 0x00007ffaa7986000 	C:\WINDOWS\System32\bcrypt.dll
0x00007ffa97170000 - 0x00007ffa97219000 	C:\WINDOWS\WinSxS\amd64_microsoft.windows.common-controls_6595b64144ccf1df_5.82.17763.557_none_10e3b4e0642ef03a\comctl32.dll
0x00007ffaa2e30000 - 0x00007ffaa2fd8000 	C:\WINDOWS\SYSTEM32\PROPSYS.dll
0x00007ffa76a30000 - 0x00007ffa76b57000 	C:\WINDOWS\system32\NetworkExplorer.dll
0x00007ffaa1630000 - 0x00007ffaa164b000 	C:\WINDOWS\SYSTEM32\MPR.dll
0x00007ffa94d00000 - 0x00007ffa94d0b000 	C:\WINDOWS\System32\drprov.dll
0x00007ffaa6650000 - 0x00007ffaa66a8000 	C:\WINDOWS\System32\WINSTA.dll
0x00007ffa73ca0000 - 0x00007ffa73cb5000 	C:\WINDOWS\System32\ntlanman.dll
0x00007ffa73c80000 - 0x00007ffa73c9d000 	C:\WINDOWS\System32\davclnt.dll
0x00007ffa94bf0000 - 0x00007ffa94bfc000 	C:\WINDOWS\System32\DAVHLPR.dll
0x00007ffaa2880000 - 0x00007ffaa2897000 	C:\WINDOWS\System32\wkscli.dll
0x00007ffa90360000 - 0x00007ffa90372000 	C:\WINDOWS\SYSTEM32\cscapi.dll
0x00007ffaa62f0000 - 0x00007ffaa62fe000 	C:\WINDOWS\System32\netutils.dll
0x00007ffa70e80000 - 0x00007ffa70ecb000 	C:\Windows\System32\dlnashext.dll
0x00007ffa8d640000 - 0x00007ffa8d6a4000 	C:\Windows\System32\PlayToDevice.dll
0x00007ffa94bb0000 - 0x00007ffa94bd0000 	C:\Windows\System32\DevDispItemProvider.dll
0x00007ffaa3030000 - 0x00007ffaa30a0000 	C:\WINDOWS\System32\MMDevApi.dll
0x00007ffaa6a70000 - 0x00007ffaa6a99000 	C:\WINDOWS\System32\DEVOBJ.dll
0x00007ffa76850000 - 0x00007ffa76a30000 	C:\WINDOWS\system32\wpdshext.dll
0x00007ffa82730000 - 0x00007ffa828d5000 	C:\WINDOWS\WinSxS\amd64_microsoft.windows.gdiplus_6595b64144ccf1df_1.1.17763.557_none_36a1324d61b0d56d\gdiplus.dll
0x00007ffa79a60000 - 0x00007ffa79aff000 	C:\Windows\System32\PortableDeviceApi.dll
0x00007ffaa8cd0000 - 0x00007ffaa9146000 	C:\WINDOWS\System32\SETUPAPI.dll
0x00007ffaa6d30000 - 0x00007ffaa6d89000 	C:\WINDOWS\System32\WINTRUST.dll
0x00007ffaa25e0000 - 0x00007ffaa2610000 	C:\Windows\System32\PortableDeviceTypes.dll
0x00007ffa87620000 - 0x00007ffa87657000 	C:\Windows\System32\EhStorShell.dll
0x00007ffa8a380000 - 0x00007ffa8a3a5000 	C:\Windows\System32\EhStorAPI.dll
0x00007ffaa3330000 - 0x00007ffaa3343000 	C:\Windows\System32\WTSAPI32.dll
0x00007ffaa19d0000 - 0x00007ffaa19dd000 	C:\WINDOWS\SYSTEM32\LINKINFO.dll

VM Arguments:
jvm_args: -Dfile.encoding=UTF-8 
java_command: screen
java_class_path (initial): C:\Users\mahes\Documents\NetBeansProjects\angsur\lib\absolutelayout-2\AbsoluteLayout.jar;C:\Users\mahes\Documents\NetBeansProjects\angsur\lib\MySQLDriver-2\mysql-connector-java-5.1.23-bin.jar;C:\Users\mahes\Documents\NetBeansProjects\angsur\lib\DateChooser.jar;C:\Users\mahes\Documents\NetBeansProjects\angsur\lib\jcalendar-1.4.jar;C:\Users\mahes\Documents\NetBeansProjects\angsur\lib\commons-beanutils-1.8.2.jar;C:\Users\mahes\Documents\NetBeansProjects\angsur\lib\commons-collections-3.2.1.jar;C:\Users\mahes\Documents\NetBeansProjects\angsur\lib\commons-digester-2.1.jar;C:\Users\mahes\Documents\NetBeansProjects\angsur\lib\commons-javaflow-20060411.jar;C:\Users\mahes\Documents\NetBeansProjects\angsur\lib\commons-logging-1.1.jar;C:\Users\mahes\Documents\NetBeansProjects\angsur\lib\groovy-all-1.7.5.jar;C:\Users\mahes\Documents\NetBeansProjects\angsur\lib\jasperreports-5.0.0.jar;C:\Users\mahes\Documents\NetBeansProjects\angsur\build\classes
Launcher Type: SUN_STANDARD

Environment Variables:
JAVA_HOME=C:\Program Files\Java\jdk-10.0.2
PATH=C:\Program Files (x86)\Common Files\Intel\Shared Libraries\redist\intel64\compiler;C:\Program Files (x86)\Common Files\Oracle\Java\javapath;C:\WINDOWS\system32;C:\WINDOWS;C:\WINDOWS\System32\Wbem;C:\WINDOWS\System32\WindowsPowerShell\v1.0\;C:\WINDOWS\System32\OpenSSH\;";C:\Python27\";C:\Program Files\Git\cmd;C:\Program Files\nodejs\;C:\Program Files\Java\jdk1.8.0_111;C:\Users\mahes\AppData\Local\Android\Sdk\platforms;C:\Users\mahes\AppData\Local\Android\Sdk\platform-tools;C:\Users\mahes\AppData\Local\Android\Sdk\skins\pixel_2_xl;C:\Program Files\Android\Android Studio;C:\Program Files\Java\jdk1.8.0_111bin;C:\xampp\php;C:\composer;C:\Program Files\Java\jdk1.8.0_111\bin;C:\Users\mahes\AppData\Local\Programs\Microsoft VS Code\bin;C:\Users\mahes\AppData\Local\Microsoft\WindowsApps;C:\Users\mahes\AppData\Roaming\npm;C:\Users\mahes\AppData\Roaming\Composer\vendor\bin
USERNAME=mahes
OS=Windows_NT
PROCESSOR_IDENTIFIER=Intel64 Family 6 Model 158 Stepping 9, GenuineIntel



---------------  S Y S T E M  ---------------

OS: Windows 10.0 , 64 bit Build 17763 (10.0.17763.475)

CPU:total 4 (2 cores per cpu, 2 threads per core) family 6 model 158 stepping 9, cmov, cx8, fxsr, mmx, sse, sse2, sse3, ssse3, sse4.1, sse4.2, popcnt, avx, avx2, aes, clmul, erms, 3dnowpref, lzcnt, ht, tsc, tscinvbit, bmi1, bmi2, adx

Memory: 4k page, physical 8324696k(2371544k free), swap 33490520k(5300k free)

vm_info: Java HotSpot(TM) 64-Bit Server VM (25.111-b14) for windows-amd64 JRE (1.8.0_111-b14), built on Sep 22 2016 19:24:05 by "java_re" with MS VC++ 10.0 (VS2010)

time: Sat Jun 22 23:12:55 2019
elapsed time: 13 seconds (0d 0h 0m 13s)

